30-Nov-2023 21:06:16.556 SEVERE [http-nio-8080-exec-12] org.apache.jasper.compiler.JDTCompiler$1.findType Failed to load class [java.lang.System]
	org.eclipse.jdt.internal.compiler.classfmt.ClassFormatException
		at org.eclipse.jdt.internal.compiler.classfmt.ClassFileReader.<init>(ClassFileReader.java:406)
		at org.apache.jasper.compiler.JDTCompiler$1.findType(JDTCompiler.java:231)
		at org.apache.jasper.compiler.JDTCompiler$1.findType(JDTCompiler.java:207)
		at org.eclipse.jdt.internal.compiler.lookup.LookupEnvironment.askForType(LookupEnvironment.java:174)
		at org.eclipse.jdt.internal.compiler.lookup.PackageBinding.getType(PackageBinding.java:145)
		at org.eclipse.jdt.internal.compiler.lookup.Scope.findType(Scope.java:1926)
		at org.eclipse.jdt.internal.compiler.lookup.Scope.getTypeOrPackage(Scope.java:3254)
		at org.eclipse.jdt.internal.compiler.lookup.Scope.getBinding(Scope.java:2192)
		at org.eclipse.jdt.internal.compiler.lookup.BlockScope.getBinding(BlockScope.java:485)
		at org.eclipse.jdt.internal.compiler.ast.QualifiedNameReference.resolveType(QualifiedNameReference.java:999)
		at org.eclipse.jdt.internal.compiler.ast.MessageSend.resolveType(MessageSend.java:636)
		at org.eclipse.jdt.internal.compiler.ast.Expression.resolve(Expression.java:1026)
		at org.eclipse.jdt.internal.compiler.ast.Block.resolveUsing(Block.java:130)
		at org.eclipse.jdt.internal.compiler.ast.TryStatement.resolve(TryStatement.java:1073)
		at org.eclipse.jdt.internal.compiler.ast.Block.resolve(Block.java:117)
		at org.eclipse.jdt.internal.compiler.ast.IfStatement.resolve(IfStatement.java:276)
		at org.eclipse.jdt.internal.compiler.ast.Block.resolveUsing(Block.java:130)
		at org.eclipse.jdt.internal.compiler.ast.TryStatement.resolve(TryStatement.java:1073)
		at org.eclipse.jdt.internal.compiler.ast.AbstractMethodDeclaration.resolveStatements(AbstractMethodDeclaration.java:634)
		at org.eclipse.jdt.internal.compiler.ast.MethodDeclaration.resolveStatements(MethodDeclaration.java:306)
		at org.eclipse.jdt.internal.compiler.ast.AbstractMethodDeclaration.resolve(AbstractMethodDeclaration.java:544)
		at org.eclipse.jdt.internal.compiler.ast.TypeDeclaration.resolve(TypeDeclaration.java:1195)
		at org.eclipse.jdt.internal.compiler.ast.TypeDeclaration.resolve(TypeDeclaration.java:1308)
		at org.eclipse.jdt.internal.compiler.ast.CompilationUnitDeclaration.resolve(CompilationUnitDeclaration.java:593)
		at org.eclipse.jdt.internal.compiler.Compiler.process(Compiler.java:867)
		at org.eclipse.jdt.internal.compiler.Compiler.processCompiledUnits(Compiler.java:550)
		at org.eclipse.jdt.internal.compiler.Compiler.compile(Compiler.java:462)
		at org.eclipse.jdt.internal.compiler.Compiler.compile(Compiler.java:417)
		at org.apache.jasper.compiler.JDTCompiler.generateClass(JDTCompiler.java:587)
		at org.apache.jasper.compiler.Compiler.compile(Compiler.java:381)
		at org.apache.jasper.compiler.Compiler.compile(Compiler.java:351)
		at org.apache.jasper.compiler.Compiler.compile(Compiler.java:335)
		at org.apache.jasper.JspCompilationContext.compile(JspCompilationContext.java:597)
		at org.apache.jasper.servlet.JspServletWrapper.service(JspServletWrapper.java:398)
		at org.apache.jasper.servlet.JspServlet.serviceJspFile(JspServlet.java:383)
		at org.apache.jasper.servlet.JspServlet.service(JspServlet.java:331)
		at javax.servlet.http.HttpServlet.service(HttpServlet.java:583)
		at org.apache.catalina.core.ApplicationFilterChain.internalDoFilter(ApplicationFilterChain.java:212)
		at org.apache.catalina.core.ApplicationFilterChain.doFilter(ApplicationFilterChain.java:156)
		at org.apache.tomcat.websocket.server.WsFilter.doFilter(WsFilter.java:51)
		at org.apache.catalina.core.ApplicationFilterChain.internalDoFilter(ApplicationFilterChain.java:181)
		at org.apache.catalina.core.ApplicationFilterChain.doFilter(ApplicationFilterChain.java:156)
		at org.apache.catalina.core.StandardWrapperValve.invoke(StandardWrapperValve.java:168)
		at org.apache.catalina.core.StandardContextValve.invoke(StandardContextValve.java:90)
		at org.apache.catalina.authenticator.AuthenticatorBase.invoke(AuthenticatorBase.java:483)
		at org.apache.catalina.core.StandardHostValve.invoke(StandardHostValve.java:130)
		at org.apache.catalina.valves.ErrorReportValve.invoke(ErrorReportValve.java:93)
		at org.apache.catalina.valves.AbstractAccessLogValve.invoke(AbstractAccessLogValve.java:679)
		at org.apache.catalina.core.StandardEngineValve.invoke(StandardEngineValve.java:74)
		at org.apache.catalina.connector.CoyoteAdapter.service(CoyoteAdapter.java:343)
		at org.apache.coyote.http11.Http11Processor.service(Http11Processor.java:617)
		at org.apache.coyote.AbstractProcessorLight.process(AbstractProcessorLight.java:63)
		at org.apache.coyote.AbstractProtocol$ConnectionHandler.process(AbstractProtocol.java:932)
		at org.apache.tomcat.util.net.NioEndpoint$SocketProcessor.doRun(NioEndpoint.java:1694)
		at org.apache.tomcat.util.net.SocketProcessorBase.run(SocketProcessorBase.java:52)
		at org.apache.tomcat.util.threads.ThreadPoolExecutor.runWorker(ThreadPoolExecutor.java:1191)
		at org.apache.tomcat.util.threads.ThreadPoolExecutor$Worker.run(ThreadPoolExecutor.java:659)
		at org.apache.tomcat.util.threads.TaskThread$WrappingRunnable.run(TaskThread.java:61)
		at java.base/java.lang.Thread.run(Thread.java:1583)
