NOTE: Picked up JDK_JAVA_OPTIONS:  --add-opens=java.base/java.lang=ALL-UNNAMED --add-opens=java.base/java.io=ALL-UNNAMED --add-opens=java.base/java.util=ALL-UNNAMED --add-opens=java.base/java.util.concurrent=ALL-UNNAMED --add-opens=java.rmi/sun.rmi.transport=ALL-UNNAMED
05-Sep-2023 20:57:16.635 INFO [main] org.apache.catalina.startup.VersionLoggerListener.log Server version name:   Apache Tomcat/8.5.93
05-Sep-2023 20:57:16.637 INFO [main] org.apache.catalina.startup.VersionLoggerListener.log Server built:          Aug 23 2023 22:43:14 UTC
05-Sep-2023 20:57:16.637 INFO [main] org.apache.catalina.startup.VersionLoggerListener.log Server version number: 8.5.93.0
05-Sep-2023 20:57:16.637 INFO [main] org.apache.catalina.startup.VersionLoggerListener.log OS Name:               Mac OS X
05-Sep-2023 20:57:16.637 INFO [main] org.apache.catalina.startup.VersionLoggerListener.log OS Version:            13.2
05-Sep-2023 20:57:16.637 INFO [main] org.apache.catalina.startup.VersionLoggerListener.log Architecture:          aarch64
05-Sep-2023 20:57:16.637 INFO [main] org.apache.catalina.startup.VersionLoggerListener.log Java Home:             /Library/Java/JavaVirtualMachines/zulu-18.jdk/Contents/Home
05-Sep-2023 20:57:16.637 INFO [main] org.apache.catalina.startup.VersionLoggerListener.log JVM Version:           18.0.2+9
05-Sep-2023 20:57:16.637 INFO [main] org.apache.catalina.startup.VersionLoggerListener.log JVM Vendor:            Azul Systems, Inc.
05-Sep-2023 20:57:16.637 INFO [main] org.apache.catalina.startup.VersionLoggerListener.log CATALINA_BASE:         /Users/kimhyunkyunkim/Desktop/fall2023/CS157a/apache-tomcat-8.5.93
05-Sep-2023 20:57:16.637 INFO [main] org.apache.catalina.startup.VersionLoggerListener.log CATALINA_HOME:         /Users/kimhyunkyunkim/Desktop/fall2023/CS157a/apache-tomcat-8.5.93
05-Sep-2023 20:57:16.638 INFO [main] org.apache.catalina.startup.VersionLoggerListener.log Command line argument: --add-opens=java.base/java.lang=ALL-UNNAMED
05-Sep-2023 20:57:16.638 INFO [main] org.apache.catalina.startup.VersionLoggerListener.log Command line argument: --add-opens=java.base/java.io=ALL-UNNAMED
05-Sep-2023 20:57:16.638 INFO [main] org.apache.catalina.startup.VersionLoggerListener.log Command line argument: --add-opens=java.base/java.util=ALL-UNNAMED
05-Sep-2023 20:57:16.638 INFO [main] org.apache.catalina.startup.VersionLoggerListener.log Command line argument: --add-opens=java.base/java.util.concurrent=ALL-UNNAMED
05-Sep-2023 20:57:16.638 INFO [main] org.apache.catalina.startup.VersionLoggerListener.log Command line argument: --add-opens=java.rmi/sun.rmi.transport=ALL-UNNAMED
05-Sep-2023 20:57:16.638 INFO [main] org.apache.catalina.startup.VersionLoggerListener.log Command line argument: -Djava.util.logging.config.file=/Users/kimhyunkyunkim/Desktop/fall2023/CS157a/apache-tomcat-8.5.93/conf/logging.properties
05-Sep-2023 20:57:16.638 INFO [main] org.apache.catalina.startup.VersionLoggerListener.log Command line argument: -Djava.util.logging.manager=org.apache.juli.ClassLoaderLogManager
05-Sep-2023 20:57:16.638 INFO [main] org.apache.catalina.startup.VersionLoggerListener.log Command line argument: -Djdk.tls.ephemeralDHKeySize=2048
05-Sep-2023 20:57:16.638 INFO [main] org.apache.catalina.startup.VersionLoggerListener.log Command line argument: -Djava.protocol.handler.pkgs=org.apache.catalina.webresources
05-Sep-2023 20:57:16.638 INFO [main] org.apache.catalina.startup.VersionLoggerListener.log Command line argument: -Dorg.apache.catalina.security.SecurityListener.UMASK=0027
05-Sep-2023 20:57:16.638 INFO [main] org.apache.catalina.startup.VersionLoggerListener.log Command line argument: -Dignore.endorsed.dirs=
05-Sep-2023 20:57:16.638 INFO [main] org.apache.catalina.startup.VersionLoggerListener.log Command line argument: -Dcatalina.base=/Users/kimhyunkyunkim/Desktop/fall2023/CS157a/apache-tomcat-8.5.93
05-Sep-2023 20:57:16.638 INFO [main] org.apache.catalina.startup.VersionLoggerListener.log Command line argument: -Dcatalina.home=/Users/kimhyunkyunkim/Desktop/fall2023/CS157a/apache-tomcat-8.5.93
05-Sep-2023 20:57:16.638 INFO [main] org.apache.catalina.startup.VersionLoggerListener.log Command line argument: -Djava.io.tmpdir=/Users/kimhyunkyunkim/Desktop/fall2023/CS157a/apache-tomcat-8.5.93/temp
05-Sep-2023 20:57:16.638 INFO [main] org.apache.catalina.core.AprLifecycleListener.lifecycleEvent The Apache Tomcat Native library which allows using OpenSSL was not found on the java.library.path: [/Users/kimhyunkyunkim/Library/Java/Extensions:/Library/Java/Extensions:/Network/Library/Java/Extensions:/System/Library/Java/Extensions:/usr/lib/java:.]
05-Sep-2023 20:57:16.657 INFO [main] org.apache.coyote.AbstractProtocol.init Initializing ProtocolHandler ["http-nio-8080"]
05-Sep-2023 20:57:16.701 INFO [main] org.apache.catalina.startup.Catalina.load Initialization processed in 366 ms
05-Sep-2023 20:57:16.723 INFO [main] org.apache.catalina.core.StandardService.startInternal Starting service [Catalina]
05-Sep-2023 20:57:16.724 INFO [main] org.apache.catalina.core.StandardEngine.startInternal Starting Servlet engine: [Apache Tomcat/8.5.93]
05-Sep-2023 20:57:16.728 INFO [localhost-startStop-1] org.apache.catalina.startup.HostConfig.deployDirectory Deploying web application directory [/Users/kimhyunkyunkim/Desktop/fall2023/CS157a/apache-tomcat-8.5.93/webapps/docs]
05-Sep-2023 20:57:16.870 INFO [localhost-startStop-1] org.apache.catalina.startup.HostConfig.deployDirectory Deployment of web application directory [/Users/kimhyunkyunkim/Desktop/fall2023/CS157a/apache-tomcat-8.5.93/webapps/docs] has finished in [141] ms
05-Sep-2023 20:57:16.870 INFO [localhost-startStop-1] org.apache.catalina.startup.HostConfig.deployDirectory Deploying web application directory [/Users/kimhyunkyunkim/Desktop/fall2023/CS157a/apache-tomcat-8.5.93/webapps/manager]
05-Sep-2023 20:57:16.894 INFO [localhost-startStop-1] org.apache.catalina.startup.HostConfig.deployDirectory Deployment of web application directory [/Users/kimhyunkyunkim/Desktop/fall2023/CS157a/apache-tomcat-8.5.93/webapps/manager] has finished in [24] ms
05-Sep-2023 20:57:16.894 INFO [localhost-startStop-1] org.apache.catalina.startup.HostConfig.deployDirectory Deploying web application directory [/Users/kimhyunkyunkim/Desktop/fall2023/CS157a/apache-tomcat-8.5.93/webapps/examples]
05-Sep-2023 20:57:17.052 INFO [localhost-startStop-1] org.apache.catalina.startup.HostConfig.deployDirectory Deployment of web application directory [/Users/kimhyunkyunkim/Desktop/fall2023/CS157a/apache-tomcat-8.5.93/webapps/examples] has finished in [158] ms
05-Sep-2023 20:57:17.053 INFO [localhost-startStop-1] org.apache.catalina.startup.HostConfig.deployDirectory Deploying web application directory [/Users/kimhyunkyunkim/Desktop/fall2023/CS157a/apache-tomcat-8.5.93/webapps/ROOT]
05-Sep-2023 20:57:17.062 INFO [localhost-startStop-1] org.apache.catalina.startup.HostConfig.deployDirectory Deployment of web application directory [/Users/kimhyunkyunkim/Desktop/fall2023/CS157a/apache-tomcat-8.5.93/webapps/ROOT] has finished in [9] ms
05-Sep-2023 20:57:17.062 INFO [localhost-startStop-1] org.apache.catalina.startup.HostConfig.deployDirectory Deploying web application directory [/Users/kimhyunkyunkim/Desktop/fall2023/CS157a/apache-tomcat-8.5.93/webapps/host-manager]
05-Sep-2023 20:57:17.074 INFO [localhost-startStop-1] org.apache.catalina.startup.HostConfig.deployDirectory Deployment of web application directory [/Users/kimhyunkyunkim/Desktop/fall2023/CS157a/apache-tomcat-8.5.93/webapps/host-manager] has finished in [12] ms
05-Sep-2023 20:57:17.075 INFO [main] org.apache.coyote.AbstractProtocol.start Starting ProtocolHandler ["http-nio-8080"]
05-Sep-2023 20:57:17.082 INFO [main] org.apache.catalina.startup.Catalina.start Server startup in 380 ms
05-Sep-2023 22:40:34.285 INFO [main] org.apache.catalina.core.StandardServer.await A valid shutdown command was received via the shutdown port. Stopping the Server instance.
05-Sep-2023 22:40:34.287 INFO [main] org.apache.coyote.AbstractProtocol.pause Pausing ProtocolHandler ["http-nio-8080"]
05-Sep-2023 22:40:34.291 INFO [main] org.apache.catalina.core.StandardService.stopInternal Stopping service [Catalina]
05-Sep-2023 22:40:34.307 INFO [main] org.apache.coyote.AbstractProtocol.stop Stopping ProtocolHandler ["http-nio-8080"]
05-Sep-2023 22:40:34.317 INFO [main] org.apache.coyote.AbstractProtocol.destroy Destroying ProtocolHandler ["http-nio-8080"]
NOTE: Picked up JDK_JAVA_OPTIONS:  --add-opens=java.base/java.lang=ALL-UNNAMED --add-opens=java.base/java.io=ALL-UNNAMED --add-opens=java.base/java.util=ALL-UNNAMED --add-opens=java.base/java.util.concurrent=ALL-UNNAMED --add-opens=java.rmi/sun.rmi.transport=ALL-UNNAMED
05-Sep-2023 22:44:57.177 INFO [main] org.apache.catalina.startup.VersionLoggerListener.log Server version name:   Apache Tomcat/8.5.93
05-Sep-2023 22:44:57.179 INFO [main] org.apache.catalina.startup.VersionLoggerListener.log Server built:          Aug 23 2023 22:43:14 UTC
05-Sep-2023 22:44:57.179 INFO [main] org.apache.catalina.startup.VersionLoggerListener.log Server version number: 8.5.93.0
05-Sep-2023 22:44:57.179 INFO [main] org.apache.catalina.startup.VersionLoggerListener.log OS Name:               Mac OS X
05-Sep-2023 22:44:57.179 INFO [main] org.apache.catalina.startup.VersionLoggerListener.log OS Version:            13.2
05-Sep-2023 22:44:57.179 INFO [main] org.apache.catalina.startup.VersionLoggerListener.log Architecture:          aarch64
05-Sep-2023 22:44:57.179 INFO [main] org.apache.catalina.startup.VersionLoggerListener.log Java Home:             /Library/Java/JavaVirtualMachines/zulu-18.jdk/Contents/Home
05-Sep-2023 22:44:57.179 INFO [main] org.apache.catalina.startup.VersionLoggerListener.log JVM Version:           18.0.2+9
05-Sep-2023 22:44:57.179 INFO [main] org.apache.catalina.startup.VersionLoggerListener.log JVM Vendor:            Azul Systems, Inc.
05-Sep-2023 22:44:57.179 INFO [main] org.apache.catalina.startup.VersionLoggerListener.log CATALINA_BASE:         /Users/kimhyunkyunkim/Desktop/fall2023/CS157a/apache-tomcat-8.5.93
05-Sep-2023 22:44:57.180 INFO [main] org.apache.catalina.startup.VersionLoggerListener.log CATALINA_HOME:         /Users/kimhyunkyunkim/Desktop/fall2023/CS157a/apache-tomcat-8.5.93
05-Sep-2023 22:44:57.180 INFO [main] org.apache.catalina.startup.VersionLoggerListener.log Command line argument: --add-opens=java.base/java.lang=ALL-UNNAMED
05-Sep-2023 22:44:57.180 INFO [main] org.apache.catalina.startup.VersionLoggerListener.log Command line argument: --add-opens=java.base/java.io=ALL-UNNAMED
05-Sep-2023 22:44:57.180 INFO [main] org.apache.catalina.startup.VersionLoggerListener.log Command line argument: --add-opens=java.base/java.util=ALL-UNNAMED
05-Sep-2023 22:44:57.180 INFO [main] org.apache.catalina.startup.VersionLoggerListener.log Command line argument: --add-opens=java.base/java.util.concurrent=ALL-UNNAMED
05-Sep-2023 22:44:57.180 INFO [main] org.apache.catalina.startup.VersionLoggerListener.log Command line argument: --add-opens=java.rmi/sun.rmi.transport=ALL-UNNAMED
05-Sep-2023 22:44:57.180 INFO [main] org.apache.catalina.startup.VersionLoggerListener.log Command line argument: -Djava.util.logging.config.file=/Users/kimhyunkyunkim/Desktop/fall2023/CS157a/apache-tomcat-8.5.93/conf/logging.properties
05-Sep-2023 22:44:57.180 INFO [main] org.apache.catalina.startup.VersionLoggerListener.log Command line argument: -Djava.util.logging.manager=org.apache.juli.ClassLoaderLogManager
05-Sep-2023 22:44:57.180 INFO [main] org.apache.catalina.startup.VersionLoggerListener.log Command line argument: -Djdk.tls.ephemeralDHKeySize=2048
05-Sep-2023 22:44:57.180 INFO [main] org.apache.catalina.startup.VersionLoggerListener.log Command line argument: -Djava.protocol.handler.pkgs=org.apache.catalina.webresources
05-Sep-2023 22:44:57.181 INFO [main] org.apache.catalina.startup.VersionLoggerListener.log Command line argument: -Dorg.apache.catalina.security.SecurityListener.UMASK=0027
05-Sep-2023 22:44:57.181 INFO [main] org.apache.catalina.startup.VersionLoggerListener.log Command line argument: -Dignore.endorsed.dirs=
05-Sep-2023 22:44:57.181 INFO [main] org.apache.catalina.startup.VersionLoggerListener.log Command line argument: -Dcatalina.base=/Users/kimhyunkyunkim/Desktop/fall2023/CS157a/apache-tomcat-8.5.93
05-Sep-2023 22:44:57.181 INFO [main] org.apache.catalina.startup.VersionLoggerListener.log Command line argument: -Dcatalina.home=/Users/kimhyunkyunkim/Desktop/fall2023/CS157a/apache-tomcat-8.5.93
05-Sep-2023 22:44:57.181 INFO [main] org.apache.catalina.startup.VersionLoggerListener.log Command line argument: -Djava.io.tmpdir=/Users/kimhyunkyunkim/Desktop/fall2023/CS157a/apache-tomcat-8.5.93/temp
05-Sep-2023 22:44:57.181 INFO [main] org.apache.catalina.core.AprLifecycleListener.lifecycleEvent The Apache Tomcat Native library which allows using OpenSSL was not found on the java.library.path: [/Users/kimhyunkyunkim/Library/Java/Extensions:/Library/Java/Extensions:/Network/Library/Java/Extensions:/System/Library/Java/Extensions:/usr/lib/java:.]
05-Sep-2023 22:44:57.208 INFO [main] org.apache.coyote.AbstractProtocol.init Initializing ProtocolHandler ["http-nio-8080"]
05-Sep-2023 22:44:57.228 INFO [main] org.apache.catalina.startup.Catalina.load Initialization processed in 303 ms
05-Sep-2023 22:44:57.248 INFO [main] org.apache.catalina.core.StandardService.startInternal Starting service [Catalina]
05-Sep-2023 22:44:57.248 INFO [main] org.apache.catalina.core.StandardEngine.startInternal Starting Servlet engine: [Apache Tomcat/8.5.93]
05-Sep-2023 22:44:57.254 INFO [localhost-startStop-1] org.apache.catalina.startup.HostConfig.deployDirectory Deploying web application directory [/Users/kimhyunkyunkim/Desktop/fall2023/CS157a/apache-tomcat-8.5.93/webapps/docs]
05-Sep-2023 22:44:57.658 INFO [localhost-startStop-1] org.apache.jasper.servlet.TldScanner.scanJars At least one JAR was scanned for TLDs yet contained no TLDs. Enable debug logging for this logger for a complete list of JARs that were scanned but no TLDs were found in them. Skipping unneeded JARs during scanning can improve startup time and JSP compilation time.
05-Sep-2023 22:44:57.679 INFO [localhost-startStop-1] org.apache.catalina.startup.HostConfig.deployDirectory Deployment of web application directory [/Users/kimhyunkyunkim/Desktop/fall2023/CS157a/apache-tomcat-8.5.93/webapps/docs] has finished in [425] ms
05-Sep-2023 22:44:57.680 INFO [localhost-startStop-1] org.apache.catalina.startup.HostConfig.deployDirectory Deploying web application directory [/Users/kimhyunkyunkim/Desktop/fall2023/CS157a/apache-tomcat-8.5.93/webapps/manager]
05-Sep-2023 22:44:57.855 INFO [localhost-startStop-1] org.apache.jasper.servlet.TldScanner.scanJars At least one JAR was scanned for TLDs yet contained no TLDs. Enable debug logging for this logger for a complete list of JARs that were scanned but no TLDs were found in them. Skipping unneeded JARs during scanning can improve startup time and JSP compilation time.
05-Sep-2023 22:44:57.859 INFO [localhost-startStop-1] org.apache.catalina.startup.HostConfig.deployDirectory Deployment of web application directory [/Users/kimhyunkyunkim/Desktop/fall2023/CS157a/apache-tomcat-8.5.93/webapps/manager] has finished in [179] ms
05-Sep-2023 22:44:57.859 INFO [localhost-startStop-1] org.apache.catalina.startup.HostConfig.deployDirectory Deploying web application directory [/Users/kimhyunkyunkim/Desktop/fall2023/CS157a/apache-tomcat-8.5.93/webapps/examples]
05-Sep-2023 22:44:58.116 INFO [localhost-startStop-1] org.apache.jasper.servlet.TldScanner.scanJars At least one JAR was scanned for TLDs yet contained no TLDs. Enable debug logging for this logger for a complete list of JARs that were scanned but no TLDs were found in them. Skipping unneeded JARs during scanning can improve startup time and JSP compilation time.
05-Sep-2023 22:44:58.125 INFO [localhost-startStop-1] org.apache.catalina.startup.HostConfig.deployDirectory Deployment of web application directory [/Users/kimhyunkyunkim/Desktop/fall2023/CS157a/apache-tomcat-8.5.93/webapps/examples] has finished in [266] ms
05-Sep-2023 22:44:58.125 INFO [localhost-startStop-1] org.apache.catalina.startup.HostConfig.deployDirectory Deploying web application directory [/Users/kimhyunkyunkim/Desktop/fall2023/CS157a/apache-tomcat-8.5.93/webapps/ROOT]
05-Sep-2023 22:44:58.289 INFO [localhost-startStop-1] org.apache.jasper.servlet.TldScanner.scanJars At least one JAR was scanned for TLDs yet contained no TLDs. Enable debug logging for this logger for a complete list of JARs that were scanned but no TLDs were found in them. Skipping unneeded JARs during scanning can improve startup time and JSP compilation time.
05-Sep-2023 22:44:58.290 INFO [localhost-startStop-1] org.apache.catalina.startup.HostConfig.deployDirectory Deployment of web application directory [/Users/kimhyunkyunkim/Desktop/fall2023/CS157a/apache-tomcat-8.5.93/webapps/ROOT] has finished in [165] ms
05-Sep-2023 22:44:58.290 INFO [localhost-startStop-1] org.apache.catalina.startup.HostConfig.deployDirectory Deploying web application directory [/Users/kimhyunkyunkim/Desktop/fall2023/CS157a/apache-tomcat-8.5.93/webapps/host-manager]
05-Sep-2023 22:44:58.447 INFO [localhost-startStop-1] org.apache.jasper.servlet.TldScanner.scanJars At least one JAR was scanned for TLDs yet contained no TLDs. Enable debug logging for this logger for a complete list of JARs that were scanned but no TLDs were found in them. Skipping unneeded JARs during scanning can improve startup time and JSP compilation time.
05-Sep-2023 22:44:58.449 INFO [localhost-startStop-1] org.apache.catalina.startup.HostConfig.deployDirectory Deployment of web application directory [/Users/kimhyunkyunkim/Desktop/fall2023/CS157a/apache-tomcat-8.5.93/webapps/host-manager] has finished in [158] ms
05-Sep-2023 22:44:58.450 INFO [main] org.apache.coyote.AbstractProtocol.start Starting ProtocolHandler ["http-nio-8080"]
05-Sep-2023 22:44:58.457 INFO [main] org.apache.catalina.startup.Catalina.start Server startup in 1227 ms
06-Sep-2023 10:19:30.709 INFO [main] org.apache.catalina.core.StandardServer.await A valid shutdown command was received via the shutdown port. Stopping the Server instance.
06-Sep-2023 10:19:30.711 INFO [main] org.apache.coyote.AbstractProtocol.pause Pausing ProtocolHandler ["http-nio-8080"]
06-Sep-2023 10:19:30.715 INFO [main] org.apache.catalina.core.StandardService.stopInternal Stopping service [Catalina]
06-Sep-2023 10:19:30.734 INFO [main] org.apache.coyote.AbstractProtocol.stop Stopping ProtocolHandler ["http-nio-8080"]
06-Sep-2023 10:19:30.740 INFO [main] org.apache.coyote.AbstractProtocol.destroy Destroying ProtocolHandler ["http-nio-8080"]
NOTE: Picked up JDK_JAVA_OPTIONS:  --add-opens=java.base/java.lang=ALL-UNNAMED --add-opens=java.base/java.io=ALL-UNNAMED --add-opens=java.base/java.util=ALL-UNNAMED --add-opens=java.base/java.util.concurrent=ALL-UNNAMED --add-opens=java.rmi/sun.rmi.transport=ALL-UNNAMED
07-Sep-2023 16:58:48.721 INFO [main] org.apache.catalina.startup.VersionLoggerListener.log Server version name:   Apache Tomcat/8.5.93
07-Sep-2023 16:58:48.723 INFO [main] org.apache.catalina.startup.VersionLoggerListener.log Server built:          Aug 23 2023 22:43:14 UTC
07-Sep-2023 16:58:48.723 INFO [main] org.apache.catalina.startup.VersionLoggerListener.log Server version number: 8.5.93.0
07-Sep-2023 16:58:48.723 INFO [main] org.apache.catalina.startup.VersionLoggerListener.log OS Name:               Mac OS X
07-Sep-2023 16:58:48.723 INFO [main] org.apache.catalina.startup.VersionLoggerListener.log OS Version:            13.2
07-Sep-2023 16:58:48.723 INFO [main] org.apache.catalina.startup.VersionLoggerListener.log Architecture:          aarch64
07-Sep-2023 16:58:48.723 INFO [main] org.apache.catalina.startup.VersionLoggerListener.log Java Home:             /Library/Java/JavaVirtualMachines/zulu-18.jdk/Contents/Home
07-Sep-2023 16:58:48.723 INFO [main] org.apache.catalina.startup.VersionLoggerListener.log JVM Version:           18.0.2+9
07-Sep-2023 16:58:48.723 INFO [main] org.apache.catalina.startup.VersionLoggerListener.log JVM Vendor:            Azul Systems, Inc.
07-Sep-2023 16:58:48.723 INFO [main] org.apache.catalina.startup.VersionLoggerListener.log CATALINA_BASE:         /Users/kimhyunkyunkim/Desktop/fall2023/CS157a/apache-tomcat-8.5.93
07-Sep-2023 16:58:48.723 INFO [main] org.apache.catalina.startup.VersionLoggerListener.log CATALINA_HOME:         /Users/kimhyunkyunkim/Desktop/fall2023/CS157a/apache-tomcat-8.5.93
07-Sep-2023 16:58:48.724 INFO [main] org.apache.catalina.startup.VersionLoggerListener.log Command line argument: --add-opens=java.base/java.lang=ALL-UNNAMED
07-Sep-2023 16:58:48.724 INFO [main] org.apache.catalina.startup.VersionLoggerListener.log Command line argument: --add-opens=java.base/java.io=ALL-UNNAMED
07-Sep-2023 16:58:48.724 INFO [main] org.apache.catalina.startup.VersionLoggerListener.log Command line argument: --add-opens=java.base/java.util=ALL-UNNAMED
07-Sep-2023 16:58:48.724 INFO [main] org.apache.catalina.startup.VersionLoggerListener.log Command line argument: --add-opens=java.base/java.util.concurrent=ALL-UNNAMED
07-Sep-2023 16:58:48.724 INFO [main] org.apache.catalina.startup.VersionLoggerListener.log Command line argument: --add-opens=java.rmi/sun.rmi.transport=ALL-UNNAMED
07-Sep-2023 16:58:48.724 INFO [main] org.apache.catalina.startup.VersionLoggerListener.log Command line argument: -Djava.util.logging.config.file=/Users/kimhyunkyunkim/Desktop/fall2023/CS157a/apache-tomcat-8.5.93/conf/logging.properties
07-Sep-2023 16:58:48.725 INFO [main] org.apache.catalina.startup.VersionLoggerListener.log Command line argument: -Djava.util.logging.manager=org.apache.juli.ClassLoaderLogManager
07-Sep-2023 16:58:48.725 INFO [main] org.apache.catalina.startup.VersionLoggerListener.log Command line argument: -Djdk.tls.ephemeralDHKeySize=2048
07-Sep-2023 16:58:48.725 INFO [main] org.apache.catalina.startup.VersionLoggerListener.log Command line argument: -Djava.protocol.handler.pkgs=org.apache.catalina.webresources
07-Sep-2023 16:58:48.725 INFO [main] org.apache.catalina.startup.VersionLoggerListener.log Command line argument: -Dorg.apache.catalina.security.SecurityListener.UMASK=0027
07-Sep-2023 16:58:48.725 INFO [main] org.apache.catalina.startup.VersionLoggerListener.log Command line argument: -Dignore.endorsed.dirs=
07-Sep-2023 16:58:48.725 INFO [main] org.apache.catalina.startup.VersionLoggerListener.log Command line argument: -Dcatalina.base=/Users/kimhyunkyunkim/Desktop/fall2023/CS157a/apache-tomcat-8.5.93
07-Sep-2023 16:58:48.725 INFO [main] org.apache.catalina.startup.VersionLoggerListener.log Command line argument: -Dcatalina.home=/Users/kimhyunkyunkim/Desktop/fall2023/CS157a/apache-tomcat-8.5.93
07-Sep-2023 16:58:48.725 INFO [main] org.apache.catalina.startup.VersionLoggerListener.log Command line argument: -Djava.io.tmpdir=/Users/kimhyunkyunkim/Desktop/fall2023/CS157a/apache-tomcat-8.5.93/temp
07-Sep-2023 16:58:48.725 INFO [main] org.apache.catalina.core.AprLifecycleListener.lifecycleEvent The Apache Tomcat Native library which allows using OpenSSL was not found on the java.library.path: [/Users/kimhyunkyunkim/Library/Java/Extensions:/Library/Java/Extensions:/Network/Library/Java/Extensions:/System/Library/Java/Extensions:/usr/lib/java:.]
07-Sep-2023 16:58:48.756 INFO [main] org.apache.coyote.AbstractProtocol.init Initializing ProtocolHandler ["http-nio-8080"]
07-Sep-2023 16:58:48.790 INFO [main] org.apache.catalina.startup.Catalina.load Initialization processed in 363 ms
07-Sep-2023 16:58:48.811 INFO [main] org.apache.catalina.core.StandardService.startInternal Starting service [Catalina]
07-Sep-2023 16:58:48.811 INFO [main] org.apache.catalina.core.StandardEngine.startInternal Starting Servlet engine: [Apache Tomcat/8.5.93]
07-Sep-2023 16:58:48.815 INFO [localhost-startStop-1] org.apache.catalina.startup.HostConfig.deployDirectory Deploying web application directory [/Users/kimhyunkyunkim/Desktop/fall2023/CS157a/apache-tomcat-8.5.93/webapps/docs]
07-Sep-2023 16:58:49.175 INFO [localhost-startStop-1] org.apache.jasper.servlet.TldScanner.scanJars At least one JAR was scanned for TLDs yet contained no TLDs. Enable debug logging for this logger for a complete list of JARs that were scanned but no TLDs were found in them. Skipping unneeded JARs during scanning can improve startup time and JSP compilation time.
07-Sep-2023 16:58:49.197 INFO [localhost-startStop-1] org.apache.catalina.startup.HostConfig.deployDirectory Deployment of web application directory [/Users/kimhyunkyunkim/Desktop/fall2023/CS157a/apache-tomcat-8.5.93/webapps/docs] has finished in [382] ms
07-Sep-2023 16:58:49.197 INFO [localhost-startStop-1] org.apache.catalina.startup.HostConfig.deployDirectory Deploying web application directory [/Users/kimhyunkyunkim/Desktop/fall2023/CS157a/apache-tomcat-8.5.93/webapps/manager]
07-Sep-2023 16:58:49.382 INFO [localhost-startStop-1] org.apache.jasper.servlet.TldScanner.scanJars At least one JAR was scanned for TLDs yet contained no TLDs. Enable debug logging for this logger for a complete list of JARs that were scanned but no TLDs were found in them. Skipping unneeded JARs during scanning can improve startup time and JSP compilation time.
07-Sep-2023 16:58:49.386 INFO [localhost-startStop-1] org.apache.catalina.startup.HostConfig.deployDirectory Deployment of web application directory [/Users/kimhyunkyunkim/Desktop/fall2023/CS157a/apache-tomcat-8.5.93/webapps/manager] has finished in [189] ms
07-Sep-2023 16:58:49.386 INFO [localhost-startStop-1] org.apache.catalina.startup.HostConfig.deployDirectory Deploying web application directory [/Users/kimhyunkyunkim/Desktop/fall2023/CS157a/apache-tomcat-8.5.93/webapps/examples]
07-Sep-2023 16:58:49.652 INFO [localhost-startStop-1] org.apache.jasper.servlet.TldScanner.scanJars At least one JAR was scanned for TLDs yet contained no TLDs. Enable debug logging for this logger for a complete list of JARs that were scanned but no TLDs were found in them. Skipping unneeded JARs during scanning can improve startup time and JSP compilation time.
07-Sep-2023 16:58:49.661 INFO [localhost-startStop-1] org.apache.catalina.startup.HostConfig.deployDirectory Deployment of web application directory [/Users/kimhyunkyunkim/Desktop/fall2023/CS157a/apache-tomcat-8.5.93/webapps/examples] has finished in [275] ms
07-Sep-2023 16:58:49.661 INFO [localhost-startStop-1] org.apache.catalina.startup.HostConfig.deployDirectory Deploying web application directory [/Users/kimhyunkyunkim/Desktop/fall2023/CS157a/apache-tomcat-8.5.93/webapps/ROOT]
07-Sep-2023 16:58:49.826 INFO [localhost-startStop-1] org.apache.jasper.servlet.TldScanner.scanJars At least one JAR was scanned for TLDs yet contained no TLDs. Enable debug logging for this logger for a complete list of JARs that were scanned but no TLDs were found in them. Skipping unneeded JARs during scanning can improve startup time and JSP compilation time.
07-Sep-2023 16:58:49.827 INFO [localhost-startStop-1] org.apache.catalina.startup.HostConfig.deployDirectory Deployment of web application directory [/Users/kimhyunkyunkim/Desktop/fall2023/CS157a/apache-tomcat-8.5.93/webapps/ROOT] has finished in [166] ms
07-Sep-2023 16:58:49.827 INFO [localhost-startStop-1] org.apache.catalina.startup.HostConfig.deployDirectory Deploying web application directory [/Users/kimhyunkyunkim/Desktop/fall2023/CS157a/apache-tomcat-8.5.93/webapps/host-manager]
07-Sep-2023 16:58:49.995 INFO [localhost-startStop-1] org.apache.jasper.servlet.TldScanner.scanJars At least one JAR was scanned for TLDs yet contained no TLDs. Enable debug logging for this logger for a complete list of JARs that were scanned but no TLDs were found in them. Skipping unneeded JARs during scanning can improve startup time and JSP compilation time.
07-Sep-2023 16:58:49.997 INFO [localhost-startStop-1] org.apache.catalina.startup.HostConfig.deployDirectory Deployment of web application directory [/Users/kimhyunkyunkim/Desktop/fall2023/CS157a/apache-tomcat-8.5.93/webapps/host-manager] has finished in [169] ms
07-Sep-2023 16:58:49.998 INFO [main] org.apache.coyote.AbstractProtocol.start Starting ProtocolHandler ["http-nio-8080"]
07-Sep-2023 16:58:50.006 INFO [main] org.apache.catalina.startup.Catalina.start Server startup in 1215 ms
Loading class `com.mysql.jdbc.Driver'. This is deprecated. The new driver class is `com.mysql.cj.jdbc.Driver'. The driver is automatically registered via the SPI and manual loading of the driver class is generally unnecessary.
07-Sep-2023 17:01:50.859 INFO [main] org.apache.catalina.core.StandardServer.await A valid shutdown command was received via the shutdown port. Stopping the Server instance.
07-Sep-2023 17:01:50.860 INFO [main] org.apache.coyote.AbstractProtocol.pause Pausing ProtocolHandler ["http-nio-8080"]
07-Sep-2023 17:01:50.861 INFO [main] org.apache.catalina.core.StandardService.stopInternal Stopping service [Catalina]
07-Sep-2023 17:01:50.884 INFO [main] org.apache.coyote.AbstractProtocol.stop Stopping ProtocolHandler ["http-nio-8080"]
07-Sep-2023 17:01:50.886 INFO [main] org.apache.coyote.AbstractProtocol.destroy Destroying ProtocolHandler ["http-nio-8080"]
NOTE: Picked up JDK_JAVA_OPTIONS:  --add-opens=java.base/java.lang=ALL-UNNAMED --add-opens=java.base/java.io=ALL-UNNAMED --add-opens=java.base/java.util=ALL-UNNAMED --add-opens=java.base/java.util.concurrent=ALL-UNNAMED --add-opens=java.rmi/sun.rmi.transport=ALL-UNNAMED
07-Sep-2023 17:02:04.851 INFO [main] org.apache.catalina.startup.VersionLoggerListener.log Server version name:   Apache Tomcat/8.5.93
07-Sep-2023 17:02:04.853 INFO [main] org.apache.catalina.startup.VersionLoggerListener.log Server built:          Aug 23 2023 22:43:14 UTC
07-Sep-2023 17:02:04.853 INFO [main] org.apache.catalina.startup.VersionLoggerListener.log Server version number: 8.5.93.0
07-Sep-2023 17:02:04.853 INFO [main] org.apache.catalina.startup.VersionLoggerListener.log OS Name:               Mac OS X
07-Sep-2023 17:02:04.853 INFO [main] org.apache.catalina.startup.VersionLoggerListener.log OS Version:            13.2
07-Sep-2023 17:02:04.853 INFO [main] org.apache.catalina.startup.VersionLoggerListener.log Architecture:          aarch64
07-Sep-2023 17:02:04.853 INFO [main] org.apache.catalina.startup.VersionLoggerListener.log Java Home:             /Library/Java/JavaVirtualMachines/zulu-18.jdk/Contents/Home
07-Sep-2023 17:02:04.853 INFO [main] org.apache.catalina.startup.VersionLoggerListener.log JVM Version:           18.0.2+9
07-Sep-2023 17:02:04.853 INFO [main] org.apache.catalina.startup.VersionLoggerListener.log JVM Vendor:            Azul Systems, Inc.
07-Sep-2023 17:02:04.853 INFO [main] org.apache.catalina.startup.VersionLoggerListener.log CATALINA_BASE:         /Users/kimhyunkyunkim/Desktop/fall2023/CS157a/apache-tomcat-8.5.93
07-Sep-2023 17:02:04.853 INFO [main] org.apache.catalina.startup.VersionLoggerListener.log CATALINA_HOME:         /Users/kimhyunkyunkim/Desktop/fall2023/CS157a/apache-tomcat-8.5.93
07-Sep-2023 17:02:04.854 INFO [main] org.apache.catalina.startup.VersionLoggerListener.log Command line argument: --add-opens=java.base/java.lang=ALL-UNNAMED
07-Sep-2023 17:02:04.854 INFO [main] org.apache.catalina.startup.VersionLoggerListener.log Command line argument: --add-opens=java.base/java.io=ALL-UNNAMED
07-Sep-2023 17:02:04.854 INFO [main] org.apache.catalina.startup.VersionLoggerListener.log Command line argument: --add-opens=java.base/java.util=ALL-UNNAMED
07-Sep-2023 17:02:04.854 INFO [main] org.apache.catalina.startup.VersionLoggerListener.log Command line argument: --add-opens=java.base/java.util.concurrent=ALL-UNNAMED
07-Sep-2023 17:02:04.854 INFO [main] org.apache.catalina.startup.VersionLoggerListener.log Command line argument: --add-opens=java.rmi/sun.rmi.transport=ALL-UNNAMED
07-Sep-2023 17:02:04.854 INFO [main] org.apache.catalina.startup.VersionLoggerListener.log Command line argument: -Djava.util.logging.config.file=/Users/kimhyunkyunkim/Desktop/fall2023/CS157a/apache-tomcat-8.5.93/conf/logging.properties
07-Sep-2023 17:02:04.854 INFO [main] org.apache.catalina.startup.VersionLoggerListener.log Command line argument: -Djava.util.logging.manager=org.apache.juli.ClassLoaderLogManager
07-Sep-2023 17:02:04.854 INFO [main] org.apache.catalina.startup.VersionLoggerListener.log Command line argument: -Djdk.tls.ephemeralDHKeySize=2048
07-Sep-2023 17:02:04.854 INFO [main] org.apache.catalina.startup.VersionLoggerListener.log Command line argument: -Djava.protocol.handler.pkgs=org.apache.catalina.webresources
07-Sep-2023 17:02:04.854 INFO [main] org.apache.catalina.startup.VersionLoggerListener.log Command line argument: -Dorg.apache.catalina.security.SecurityListener.UMASK=0027
07-Sep-2023 17:02:04.854 INFO [main] org.apache.catalina.startup.VersionLoggerListener.log Command line argument: -Dignore.endorsed.dirs=
07-Sep-2023 17:02:04.854 INFO [main] org.apache.catalina.startup.VersionLoggerListener.log Command line argument: -Dcatalina.base=/Users/kimhyunkyunkim/Desktop/fall2023/CS157a/apache-tomcat-8.5.93
07-Sep-2023 17:02:04.854 INFO [main] org.apache.catalina.startup.VersionLoggerListener.log Command line argument: -Dcatalina.home=/Users/kimhyunkyunkim/Desktop/fall2023/CS157a/apache-tomcat-8.5.93
07-Sep-2023 17:02:04.854 INFO [main] org.apache.catalina.startup.VersionLoggerListener.log Command line argument: -Djava.io.tmpdir=/Users/kimhyunkyunkim/Desktop/fall2023/CS157a/apache-tomcat-8.5.93/temp
07-Sep-2023 17:02:04.854 INFO [main] org.apache.catalina.core.AprLifecycleListener.lifecycleEvent The Apache Tomcat Native library which allows using OpenSSL was not found on the java.library.path: [/Users/kimhyunkyunkim/Library/Java/Extensions:/Library/Java/Extensions:/Network/Library/Java/Extensions:/System/Library/Java/Extensions:/usr/lib/java:.]
07-Sep-2023 17:02:04.880 INFO [main] org.apache.coyote.AbstractProtocol.init Initializing ProtocolHandler ["http-nio-8080"]
07-Sep-2023 17:02:04.897 INFO [main] org.apache.catalina.startup.Catalina.load Initialization processed in 272 ms
07-Sep-2023 17:02:04.914 INFO [main] org.apache.catalina.core.StandardService.startInternal Starting service [Catalina]
07-Sep-2023 17:02:04.914 INFO [main] org.apache.catalina.core.StandardEngine.startInternal Starting Servlet engine: [Apache Tomcat/8.5.93]
07-Sep-2023 17:02:04.918 INFO [localhost-startStop-1] org.apache.catalina.startup.HostConfig.deployDirectory Deploying web application directory [/Users/kimhyunkyunkim/Desktop/fall2023/CS157a/apache-tomcat-8.5.93/webapps/docs]
07-Sep-2023 17:02:05.222 INFO [localhost-startStop-1] org.apache.jasper.servlet.TldScanner.scanJars At least one JAR was scanned for TLDs yet contained no TLDs. Enable debug logging for this logger for a complete list of JARs that were scanned but no TLDs were found in them. Skipping unneeded JARs during scanning can improve startup time and JSP compilation time.
07-Sep-2023 17:02:05.241 INFO [localhost-startStop-1] org.apache.catalina.startup.HostConfig.deployDirectory Deployment of web application directory [/Users/kimhyunkyunkim/Desktop/fall2023/CS157a/apache-tomcat-8.5.93/webapps/docs] has finished in [323] ms
07-Sep-2023 17:02:05.241 INFO [localhost-startStop-1] org.apache.catalina.startup.HostConfig.deployDirectory Deploying web application directory [/Users/kimhyunkyunkim/Desktop/fall2023/CS157a/apache-tomcat-8.5.93/webapps/manager]
07-Sep-2023 17:02:05.436 INFO [localhost-startStop-1] org.apache.jasper.servlet.TldScanner.scanJars At least one JAR was scanned for TLDs yet contained no TLDs. Enable debug logging for this logger for a complete list of JARs that were scanned but no TLDs were found in them. Skipping unneeded JARs during scanning can improve startup time and JSP compilation time.
07-Sep-2023 17:02:05.441 INFO [localhost-startStop-1] org.apache.catalina.startup.HostConfig.deployDirectory Deployment of web application directory [/Users/kimhyunkyunkim/Desktop/fall2023/CS157a/apache-tomcat-8.5.93/webapps/manager] has finished in [200] ms
07-Sep-2023 17:02:05.441 INFO [localhost-startStop-1] org.apache.catalina.startup.HostConfig.deployDirectory Deploying web application directory [/Users/kimhyunkyunkim/Desktop/fall2023/CS157a/apache-tomcat-8.5.93/webapps/examples]
07-Sep-2023 17:02:05.733 INFO [localhost-startStop-1] org.apache.jasper.servlet.TldScanner.scanJars At least one JAR was scanned for TLDs yet contained no TLDs. Enable debug logging for this logger for a complete list of JARs that were scanned but no TLDs were found in them. Skipping unneeded JARs during scanning can improve startup time and JSP compilation time.
07-Sep-2023 17:02:05.741 INFO [localhost-startStop-1] org.apache.catalina.startup.HostConfig.deployDirectory Deployment of web application directory [/Users/kimhyunkyunkim/Desktop/fall2023/CS157a/apache-tomcat-8.5.93/webapps/examples] has finished in [299] ms
07-Sep-2023 17:02:05.741 INFO [localhost-startStop-1] org.apache.catalina.startup.HostConfig.deployDirectory Deploying web application directory [/Users/kimhyunkyunkim/Desktop/fall2023/CS157a/apache-tomcat-8.5.93/webapps/ROOT]
07-Sep-2023 17:02:05.909 INFO [localhost-startStop-1] org.apache.jasper.servlet.TldScanner.scanJars At least one JAR was scanned for TLDs yet contained no TLDs. Enable debug logging for this logger for a complete list of JARs that were scanned but no TLDs were found in them. Skipping unneeded JARs during scanning can improve startup time and JSP compilation time.
07-Sep-2023 17:02:05.918 INFO [localhost-startStop-1] org.apache.catalina.startup.HostConfig.deployDirectory Deployment of web application directory [/Users/kimhyunkyunkim/Desktop/fall2023/CS157a/apache-tomcat-8.5.93/webapps/ROOT] has finished in [177] ms
07-Sep-2023 17:02:05.918 INFO [localhost-startStop-1] org.apache.catalina.startup.HostConfig.deployDirectory Deploying web application directory [/Users/kimhyunkyunkim/Desktop/fall2023/CS157a/apache-tomcat-8.5.93/webapps/host-manager]
07-Sep-2023 17:02:06.085 INFO [localhost-startStop-1] org.apache.jasper.servlet.TldScanner.scanJars At least one JAR was scanned for TLDs yet contained no TLDs. Enable debug logging for this logger for a complete list of JARs that were scanned but no TLDs were found in them. Skipping unneeded JARs during scanning can improve startup time and JSP compilation time.
07-Sep-2023 17:02:06.086 INFO [localhost-startStop-1] org.apache.catalina.startup.HostConfig.deployDirectory Deployment of web application directory [/Users/kimhyunkyunkim/Desktop/fall2023/CS157a/apache-tomcat-8.5.93/webapps/host-manager] has finished in [168] ms
07-Sep-2023 17:02:06.087 INFO [main] org.apache.coyote.AbstractProtocol.start Starting ProtocolHandler ["http-nio-8080"]
07-Sep-2023 17:02:06.093 INFO [main] org.apache.catalina.startup.Catalina.start Server startup in 1195 ms
Loading class `com.mysql.jdbc.Driver'. This is deprecated. The new driver class is `com.mysql.cj.jdbc.Driver'. The driver is automatically registered via the SPI and manual loading of the driver class is generally unnecessary.
07-Sep-2023 23:38:42.835 INFO [main] org.apache.catalina.core.StandardServer.await A valid shutdown command was received via the shutdown port. Stopping the Server instance.
07-Sep-2023 23:38:42.837 INFO [main] org.apache.coyote.AbstractProtocol.pause Pausing ProtocolHandler ["http-nio-8080"]
07-Sep-2023 23:38:42.839 INFO [main] org.apache.catalina.core.StandardService.stopInternal Stopping service [Catalina]
07-Sep-2023 23:38:42.861 INFO [main] org.apache.coyote.AbstractProtocol.stop Stopping ProtocolHandler ["http-nio-8080"]
07-Sep-2023 23:38:42.864 INFO [main] org.apache.coyote.AbstractProtocol.destroy Destroying ProtocolHandler ["http-nio-8080"]
NOTE: Picked up JDK_JAVA_OPTIONS:  --add-opens=java.base/java.lang=ALL-UNNAMED --add-opens=java.base/java.io=ALL-UNNAMED --add-opens=java.base/java.util=ALL-UNNAMED --add-opens=java.base/java.util.concurrent=ALL-UNNAMED --add-opens=java.rmi/sun.rmi.transport=ALL-UNNAMED
09-Sep-2023 12:32:27.741 INFO [main] org.apache.catalina.startup.VersionLoggerListener.log Server version name:   Apache Tomcat/8.5.93
09-Sep-2023 12:32:27.742 INFO [main] org.apache.catalina.startup.VersionLoggerListener.log Server built:          Aug 23 2023 22:43:14 UTC
09-Sep-2023 12:32:27.743 INFO [main] org.apache.catalina.startup.VersionLoggerListener.log Server version number: 8.5.93.0
09-Sep-2023 12:32:27.743 INFO [main] org.apache.catalina.startup.VersionLoggerListener.log OS Name:               Mac OS X
09-Sep-2023 12:32:27.743 INFO [main] org.apache.catalina.startup.VersionLoggerListener.log OS Version:            13.2
09-Sep-2023 12:32:27.743 INFO [main] org.apache.catalina.startup.VersionLoggerListener.log Architecture:          aarch64
09-Sep-2023 12:32:27.743 INFO [main] org.apache.catalina.startup.VersionLoggerListener.log Java Home:             /Library/Java/JavaVirtualMachines/zulu-18.jdk/Contents/Home
09-Sep-2023 12:32:27.743 INFO [main] org.apache.catalina.startup.VersionLoggerListener.log JVM Version:           18.0.2+9
09-Sep-2023 12:32:27.743 INFO [main] org.apache.catalina.startup.VersionLoggerListener.log JVM Vendor:            Azul Systems, Inc.
09-Sep-2023 12:32:27.743 INFO [main] org.apache.catalina.startup.VersionLoggerListener.log CATALINA_BASE:         /Users/kimhyunkyunkim/Desktop/fall2023/CS157a/apache-tomcat-8.5.93
09-Sep-2023 12:32:27.743 INFO [main] org.apache.catalina.startup.VersionLoggerListener.log CATALINA_HOME:         /Users/kimhyunkyunkim/Desktop/fall2023/CS157a/apache-tomcat-8.5.93
09-Sep-2023 12:32:27.744 INFO [main] org.apache.catalina.startup.VersionLoggerListener.log Command line argument: --add-opens=java.base/java.lang=ALL-UNNAMED
09-Sep-2023 12:32:27.744 INFO [main] org.apache.catalina.startup.VersionLoggerListener.log Command line argument: --add-opens=java.base/java.io=ALL-UNNAMED
09-Sep-2023 12:32:27.744 INFO [main] org.apache.catalina.startup.VersionLoggerListener.log Command line argument: --add-opens=java.base/java.util=ALL-UNNAMED
09-Sep-2023 12:32:27.744 INFO [main] org.apache.catalina.startup.VersionLoggerListener.log Command line argument: --add-opens=java.base/java.util.concurrent=ALL-UNNAMED
09-Sep-2023 12:32:27.744 INFO [main] org.apache.catalina.startup.VersionLoggerListener.log Command line argument: --add-opens=java.rmi/sun.rmi.transport=ALL-UNNAMED
09-Sep-2023 12:32:27.744 INFO [main] org.apache.catalina.startup.VersionLoggerListener.log Command line argument: -Djava.util.logging.config.file=/Users/kimhyunkyunkim/Desktop/fall2023/CS157a/apache-tomcat-8.5.93/conf/logging.properties
09-Sep-2023 12:32:27.744 INFO [main] org.apache.catalina.startup.VersionLoggerListener.log Command line argument: -Djava.util.logging.manager=org.apache.juli.ClassLoaderLogManager
09-Sep-2023 12:32:27.744 INFO [main] org.apache.catalina.startup.VersionLoggerListener.log Command line argument: -Djdk.tls.ephemeralDHKeySize=2048
09-Sep-2023 12:32:27.744 INFO [main] org.apache.catalina.startup.VersionLoggerListener.log Command line argument: -Djava.protocol.handler.pkgs=org.apache.catalina.webresources
09-Sep-2023 12:32:27.744 INFO [main] org.apache.catalina.startup.VersionLoggerListener.log Command line argument: -Dorg.apache.catalina.security.SecurityListener.UMASK=0027
09-Sep-2023 12:32:27.744 INFO [main] org.apache.catalina.startup.VersionLoggerListener.log Command line argument: -Dignore.endorsed.dirs=
09-Sep-2023 12:32:27.744 INFO [main] org.apache.catalina.startup.VersionLoggerListener.log Command line argument: -Dcatalina.base=/Users/kimhyunkyunkim/Desktop/fall2023/CS157a/apache-tomcat-8.5.93
09-Sep-2023 12:32:27.744 INFO [main] org.apache.catalina.startup.VersionLoggerListener.log Command line argument: -Dcatalina.home=/Users/kimhyunkyunkim/Desktop/fall2023/CS157a/apache-tomcat-8.5.93
09-Sep-2023 12:32:27.744 INFO [main] org.apache.catalina.startup.VersionLoggerListener.log Command line argument: -Djava.io.tmpdir=/Users/kimhyunkyunkim/Desktop/fall2023/CS157a/apache-tomcat-8.5.93/temp
09-Sep-2023 12:32:27.744 INFO [main] org.apache.catalina.core.AprLifecycleListener.lifecycleEvent The Apache Tomcat Native library which allows using OpenSSL was not found on the java.library.path: [/Users/kimhyunkyunkim/Library/Java/Extensions:/Library/Java/Extensions:/Network/Library/Java/Extensions:/System/Library/Java/Extensions:/usr/lib/java:.]
09-Sep-2023 12:32:27.772 INFO [main] org.apache.coyote.AbstractProtocol.init Initializing ProtocolHandler ["http-nio-8080"]
09-Sep-2023 12:32:27.792 INFO [main] org.apache.catalina.startup.Catalina.load Initialization processed in 307 ms
09-Sep-2023 12:32:27.813 INFO [main] org.apache.catalina.core.StandardService.startInternal Starting service [Catalina]
09-Sep-2023 12:32:27.813 INFO [main] org.apache.catalina.core.StandardEngine.startInternal Starting Servlet engine: [Apache Tomcat/8.5.93]
09-Sep-2023 12:32:27.820 INFO [localhost-startStop-1] org.apache.catalina.startup.HostConfig.deployDirectory Deploying web application directory [/Users/kimhyunkyunkim/Desktop/fall2023/CS157a/apache-tomcat-8.5.93/webapps/docs]
09-Sep-2023 12:32:28.196 INFO [localhost-startStop-1] org.apache.jasper.servlet.TldScanner.scanJars At least one JAR was scanned for TLDs yet contained no TLDs. Enable debug logging for this logger for a complete list of JARs that were scanned but no TLDs were found in them. Skipping unneeded JARs during scanning can improve startup time and JSP compilation time.
09-Sep-2023 12:32:28.220 INFO [localhost-startStop-1] org.apache.catalina.startup.HostConfig.deployDirectory Deployment of web application directory [/Users/kimhyunkyunkim/Desktop/fall2023/CS157a/apache-tomcat-8.5.93/webapps/docs] has finished in [400] ms
09-Sep-2023 12:32:28.221 INFO [localhost-startStop-1] org.apache.catalina.startup.HostConfig.deployDirectory Deploying web application directory [/Users/kimhyunkyunkim/Desktop/fall2023/CS157a/apache-tomcat-8.5.93/webapps/manager]
09-Sep-2023 12:32:28.404 INFO [localhost-startStop-1] org.apache.jasper.servlet.TldScanner.scanJars At least one JAR was scanned for TLDs yet contained no TLDs. Enable debug logging for this logger for a complete list of JARs that were scanned but no TLDs were found in them. Skipping unneeded JARs during scanning can improve startup time and JSP compilation time.
09-Sep-2023 12:32:28.408 INFO [localhost-startStop-1] org.apache.catalina.startup.HostConfig.deployDirectory Deployment of web application directory [/Users/kimhyunkyunkim/Desktop/fall2023/CS157a/apache-tomcat-8.5.93/webapps/manager] has finished in [187] ms
09-Sep-2023 12:32:28.408 INFO [localhost-startStop-1] org.apache.catalina.startup.HostConfig.deployDirectory Deploying web application directory [/Users/kimhyunkyunkim/Desktop/fall2023/CS157a/apache-tomcat-8.5.93/webapps/examples]
09-Sep-2023 12:32:28.686 INFO [localhost-startStop-1] org.apache.jasper.servlet.TldScanner.scanJars At least one JAR was scanned for TLDs yet contained no TLDs. Enable debug logging for this logger for a complete list of JARs that were scanned but no TLDs were found in them. Skipping unneeded JARs during scanning can improve startup time and JSP compilation time.
09-Sep-2023 12:32:28.695 INFO [localhost-startStop-1] org.apache.catalina.startup.HostConfig.deployDirectory Deployment of web application directory [/Users/kimhyunkyunkim/Desktop/fall2023/CS157a/apache-tomcat-8.5.93/webapps/examples] has finished in [287] ms
09-Sep-2023 12:32:28.695 INFO [localhost-startStop-1] org.apache.catalina.startup.HostConfig.deployDirectory Deploying web application directory [/Users/kimhyunkyunkim/Desktop/fall2023/CS157a/apache-tomcat-8.5.93/webapps/ROOT]
09-Sep-2023 12:32:28.859 INFO [localhost-startStop-1] org.apache.jasper.servlet.TldScanner.scanJars At least one JAR was scanned for TLDs yet contained no TLDs. Enable debug logging for this logger for a complete list of JARs that were scanned but no TLDs were found in them. Skipping unneeded JARs during scanning can improve startup time and JSP compilation time.
09-Sep-2023 12:32:28.869 INFO [localhost-startStop-1] org.apache.catalina.startup.HostConfig.deployDirectory Deployment of web application directory [/Users/kimhyunkyunkim/Desktop/fall2023/CS157a/apache-tomcat-8.5.93/webapps/ROOT] has finished in [173] ms
09-Sep-2023 12:32:28.869 INFO [localhost-startStop-1] org.apache.catalina.startup.HostConfig.deployDirectory Deploying web application directory [/Users/kimhyunkyunkim/Desktop/fall2023/CS157a/apache-tomcat-8.5.93/webapps/host-manager]
09-Sep-2023 12:32:29.034 INFO [localhost-startStop-1] org.apache.jasper.servlet.TldScanner.scanJars At least one JAR was scanned for TLDs yet contained no TLDs. Enable debug logging for this logger for a complete list of JARs that were scanned but no TLDs were found in them. Skipping unneeded JARs during scanning can improve startup time and JSP compilation time.
09-Sep-2023 12:32:29.035 INFO [localhost-startStop-1] org.apache.catalina.startup.HostConfig.deployDirectory Deployment of web application directory [/Users/kimhyunkyunkim/Desktop/fall2023/CS157a/apache-tomcat-8.5.93/webapps/host-manager] has finished in [166] ms
09-Sep-2023 12:32:29.037 INFO [main] org.apache.coyote.AbstractProtocol.start Starting ProtocolHandler ["http-nio-8080"]
09-Sep-2023 12:32:29.044 INFO [main] org.apache.catalina.startup.Catalina.start Server startup in 1251 ms
Loading class `com.mysql.jdbc.Driver'. This is deprecated. The new driver class is `com.mysql.cj.jdbc.Driver'. The driver is automatically registered via the SPI and manual loading of the driver class is generally unnecessary.
09-Sep-2023 12:42:23.689 INFO [main] org.apache.catalina.core.StandardServer.await A valid shutdown command was received via the shutdown port. Stopping the Server instance.
09-Sep-2023 12:42:23.690 INFO [main] org.apache.coyote.AbstractProtocol.pause Pausing ProtocolHandler ["http-nio-8080"]
09-Sep-2023 12:42:23.692 INFO [main] org.apache.catalina.core.StandardService.stopInternal Stopping service [Catalina]
09-Sep-2023 12:42:23.710 INFO [main] org.apache.coyote.AbstractProtocol.stop Stopping ProtocolHandler ["http-nio-8080"]
09-Sep-2023 12:42:23.717 INFO [main] org.apache.coyote.AbstractProtocol.destroy Destroying ProtocolHandler ["http-nio-8080"]
NOTE: Picked up JDK_JAVA_OPTIONS:  --add-opens=java.base/java.lang=ALL-UNNAMED --add-opens=java.base/java.io=ALL-UNNAMED --add-opens=java.base/java.util=ALL-UNNAMED --add-opens=java.base/java.util.concurrent=ALL-UNNAMED --add-opens=java.rmi/sun.rmi.transport=ALL-UNNAMED
12-Oct-2023 23:12:44.947 INFO [main] org.apache.catalina.startup.VersionLoggerListener.log Server version name:   Apache Tomcat/8.5.93
12-Oct-2023 23:12:44.949 INFO [main] org.apache.catalina.startup.VersionLoggerListener.log Server built:          Aug 23 2023 22:43:14 UTC
12-Oct-2023 23:12:44.949 INFO [main] org.apache.catalina.startup.VersionLoggerListener.log Server version number: 8.5.93.0
12-Oct-2023 23:12:44.949 INFO [main] org.apache.catalina.startup.VersionLoggerListener.log OS Name:               Mac OS X
12-Oct-2023 23:12:44.949 INFO [main] org.apache.catalina.startup.VersionLoggerListener.log OS Version:            13.2
12-Oct-2023 23:12:44.949 INFO [main] org.apache.catalina.startup.VersionLoggerListener.log Architecture:          aarch64
12-Oct-2023 23:12:44.949 INFO [main] org.apache.catalina.startup.VersionLoggerListener.log Java Home:             /Library/Java/JavaVirtualMachines/zulu-18.jdk/Contents/Home
12-Oct-2023 23:12:44.949 INFO [main] org.apache.catalina.startup.VersionLoggerListener.log JVM Version:           18.0.2+9
12-Oct-2023 23:12:44.949 INFO [main] org.apache.catalina.startup.VersionLoggerListener.log JVM Vendor:            Azul Systems, Inc.
12-Oct-2023 23:12:44.949 INFO [main] org.apache.catalina.startup.VersionLoggerListener.log CATALINA_BASE:         /Users/kimhyunkyunkim/Desktop/fall2023/CS157a/finalProjectCode/apache-tomcat-8.5.93
12-Oct-2023 23:12:44.949 INFO [main] org.apache.catalina.startup.VersionLoggerListener.log CATALINA_HOME:         /Users/kimhyunkyunkim/Desktop/fall2023/CS157a/finalProjectCode/apache-tomcat-8.5.93
12-Oct-2023 23:12:44.950 INFO [main] org.apache.catalina.startup.VersionLoggerListener.log Command line argument: --add-opens=java.base/java.lang=ALL-UNNAMED
12-Oct-2023 23:12:44.950 INFO [main] org.apache.catalina.startup.VersionLoggerListener.log Command line argument: --add-opens=java.base/java.io=ALL-UNNAMED
12-Oct-2023 23:12:44.950 INFO [main] org.apache.catalina.startup.VersionLoggerListener.log Command line argument: --add-opens=java.base/java.util=ALL-UNNAMED
12-Oct-2023 23:12:44.950 INFO [main] org.apache.catalina.startup.VersionLoggerListener.log Command line argument: --add-opens=java.base/java.util.concurrent=ALL-UNNAMED
12-Oct-2023 23:12:44.950 INFO [main] org.apache.catalina.startup.VersionLoggerListener.log Command line argument: --add-opens=java.rmi/sun.rmi.transport=ALL-UNNAMED
12-Oct-2023 23:12:44.950 INFO [main] org.apache.catalina.startup.VersionLoggerListener.log Command line argument: -Djava.util.logging.config.file=/Users/kimhyunkyunkim/Desktop/fall2023/CS157a/finalProjectCode/apache-tomcat-8.5.93/conf/logging.properties
12-Oct-2023 23:12:44.951 INFO [main] org.apache.catalina.startup.VersionLoggerListener.log Command line argument: -Djava.util.logging.manager=org.apache.juli.ClassLoaderLogManager
12-Oct-2023 23:12:44.951 INFO [main] org.apache.catalina.startup.VersionLoggerListener.log Command line argument: -Djdk.tls.ephemeralDHKeySize=2048
12-Oct-2023 23:12:44.951 INFO [main] org.apache.catalina.startup.VersionLoggerListener.log Command line argument: -Djava.protocol.handler.pkgs=org.apache.catalina.webresources
12-Oct-2023 23:12:44.951 INFO [main] org.apache.catalina.startup.VersionLoggerListener.log Command line argument: -Dorg.apache.catalina.security.SecurityListener.UMASK=0027
12-Oct-2023 23:12:44.951 INFO [main] org.apache.catalina.startup.VersionLoggerListener.log Command line argument: -Dignore.endorsed.dirs=
12-Oct-2023 23:12:44.951 INFO [main] org.apache.catalina.startup.VersionLoggerListener.log Command line argument: -Dcatalina.base=/Users/kimhyunkyunkim/Desktop/fall2023/CS157a/finalProjectCode/apache-tomcat-8.5.93
12-Oct-2023 23:12:44.951 INFO [main] org.apache.catalina.startup.VersionLoggerListener.log Command line argument: -Dcatalina.home=/Users/kimhyunkyunkim/Desktop/fall2023/CS157a/finalProjectCode/apache-tomcat-8.5.93
12-Oct-2023 23:12:44.951 INFO [main] org.apache.catalina.startup.VersionLoggerListener.log Command line argument: -Djava.io.tmpdir=/Users/kimhyunkyunkim/Desktop/fall2023/CS157a/finalProjectCode/apache-tomcat-8.5.93/temp
12-Oct-2023 23:12:44.951 INFO [main] org.apache.catalina.core.AprLifecycleListener.lifecycleEvent The Apache Tomcat Native library which allows using OpenSSL was not found on the java.library.path: [/Users/kimhyunkyunkim/Library/Java/Extensions:/Library/Java/Extensions:/Network/Library/Java/Extensions:/System/Library/Java/Extensions:/usr/lib/java:.]
12-Oct-2023 23:12:44.981 INFO [main] org.apache.coyote.AbstractProtocol.init Initializing ProtocolHandler ["http-nio-8080"]
12-Oct-2023 23:12:45.011 SEVERE [main] org.apache.catalina.core.StandardService.initInternal Failed to initialize connector [Connector["http-nio-8080"]]
	org.apache.catalina.LifecycleException: Protocol handler initialization failed
		at org.apache.catalina.connector.Connector.initInternal(Connector.java:1075)
		at org.apache.catalina.util.LifecycleBase.init(LifecycleBase.java:127)
		at org.apache.catalina.core.StandardService.initInternal(StandardService.java:564)
		at org.apache.catalina.util.LifecycleBase.init(LifecycleBase.java:127)
		at org.apache.catalina.core.StandardServer.initInternal(StandardServer.java:854)
		at org.apache.catalina.util.LifecycleBase.init(LifecycleBase.java:127)
		at org.apache.catalina.startup.Catalina.load(Catalina.java:646)
		at org.apache.catalina.startup.Catalina.load(Catalina.java:669)
		at java.base/jdk.internal.reflect.DirectMethodHandleAccessor.invoke(DirectMethodHandleAccessor.java:104)
		at java.base/java.lang.reflect.Method.invoke(Method.java:577)
		at org.apache.catalina.startup.Bootstrap.load(Bootstrap.java:307)
		at org.apache.catalina.startup.Bootstrap.main(Bootstrap.java:477)
	Caused by: java.net.BindException: Address already in use
		at java.base/sun.nio.ch.Net.bind0(Native Method)
		at java.base/sun.nio.ch.Net.bind(Net.java:555)
		at java.base/sun.nio.ch.ServerSocketChannelImpl.netBind(ServerSocketChannelImpl.java:337)
		at java.base/sun.nio.ch.ServerSocketChannelImpl.bind(ServerSocketChannelImpl.java:294)
		at java.base/sun.nio.ch.ServerSocketAdaptor.bind(ServerSocketAdaptor.java:89)
		at org.apache.tomcat.util.net.NioEndpoint.initServerSocket(NioEndpoint.java:226)
		at org.apache.tomcat.util.net.NioEndpoint.bind(NioEndpoint.java:202)
		at org.apache.tomcat.util.net.AbstractEndpoint.bindWithCleanup(AbstractEndpoint.java:1318)
		at org.apache.tomcat.util.net.AbstractEndpoint.init(AbstractEndpoint.java:1331)
		at org.apache.tomcat.util.net.AbstractJsseEndpoint.init(AbstractJsseEndpoint.java:231)
		at org.apache.coyote.AbstractProtocol.init(AbstractProtocol.java:693)
		at org.apache.coyote.http11.AbstractHttp11Protocol.init(AbstractHttp11Protocol.java:76)
		at org.apache.catalina.connector.Connector.initInternal(Connector.java:1073)
		... 11 more
12-Oct-2023 23:12:45.011 INFO [main] org.apache.catalina.startup.Catalina.load Initialization processed in 380 ms
12-Oct-2023 23:12:45.039 INFO [main] org.apache.catalina.core.StandardService.startInternal Starting service [Catalina]
12-Oct-2023 23:12:45.039 INFO [main] org.apache.catalina.core.StandardEngine.startInternal Starting Servlet engine: [Apache Tomcat/8.5.93]
12-Oct-2023 23:12:45.044 INFO [localhost-startStop-1] org.apache.catalina.startup.HostConfig.deployDirectory Deploying web application directory [/Users/kimhyunkyunkim/Desktop/fall2023/CS157a/finalProjectCode/apache-tomcat-8.5.93/webapps/docs]
12-Oct-2023 23:12:45.513 INFO [localhost-startStop-1] org.apache.jasper.servlet.TldScanner.scanJars At least one JAR was scanned for TLDs yet contained no TLDs. Enable debug logging for this logger for a complete list of JARs that were scanned but no TLDs were found in them. Skipping unneeded JARs during scanning can improve startup time and JSP compilation time.
12-Oct-2023 23:12:45.537 INFO [localhost-startStop-1] org.apache.catalina.startup.HostConfig.deployDirectory Deployment of web application directory [/Users/kimhyunkyunkim/Desktop/fall2023/CS157a/finalProjectCode/apache-tomcat-8.5.93/webapps/docs] has finished in [493] ms
12-Oct-2023 23:12:45.538 INFO [localhost-startStop-1] org.apache.catalina.startup.HostConfig.deployDirectory Deploying web application directory [/Users/kimhyunkyunkim/Desktop/fall2023/CS157a/finalProjectCode/apache-tomcat-8.5.93/webapps/manager]
12-Oct-2023 23:12:45.740 INFO [localhost-startStop-1] org.apache.jasper.servlet.TldScanner.scanJars At least one JAR was scanned for TLDs yet contained no TLDs. Enable debug logging for this logger for a complete list of JARs that were scanned but no TLDs were found in them. Skipping unneeded JARs during scanning can improve startup time and JSP compilation time.
12-Oct-2023 23:12:45.745 INFO [localhost-startStop-1] org.apache.catalina.startup.HostConfig.deployDirectory Deployment of web application directory [/Users/kimhyunkyunkim/Desktop/fall2023/CS157a/finalProjectCode/apache-tomcat-8.5.93/webapps/manager] has finished in [206] ms
12-Oct-2023 23:12:45.745 INFO [localhost-startStop-1] org.apache.catalina.startup.HostConfig.deployDirectory Deploying web application directory [/Users/kimhyunkyunkim/Desktop/fall2023/CS157a/finalProjectCode/apache-tomcat-8.5.93/webapps/examples]
12-Oct-2023 23:12:46.030 INFO [localhost-startStop-1] org.apache.jasper.servlet.TldScanner.scanJars At least one JAR was scanned for TLDs yet contained no TLDs. Enable debug logging for this logger for a complete list of JARs that were scanned but no TLDs were found in them. Skipping unneeded JARs during scanning can improve startup time and JSP compilation time.
12-Oct-2023 23:12:46.040 INFO [localhost-startStop-1] org.apache.catalina.startup.HostConfig.deployDirectory Deployment of web application directory [/Users/kimhyunkyunkim/Desktop/fall2023/CS157a/finalProjectCode/apache-tomcat-8.5.93/webapps/examples] has finished in [295] ms
12-Oct-2023 23:12:46.040 INFO [localhost-startStop-1] org.apache.catalina.startup.HostConfig.deployDirectory Deploying web application directory [/Users/kimhyunkyunkim/Desktop/fall2023/CS157a/finalProjectCode/apache-tomcat-8.5.93/webapps/ROOT]
12-Oct-2023 23:12:46.247 INFO [localhost-startStop-1] org.apache.jasper.servlet.TldScanner.scanJars At least one JAR was scanned for TLDs yet contained no TLDs. Enable debug logging for this logger for a complete list of JARs that were scanned but no TLDs were found in them. Skipping unneeded JARs during scanning can improve startup time and JSP compilation time.
12-Oct-2023 23:12:46.257 INFO [localhost-startStop-1] org.apache.catalina.startup.HostConfig.deployDirectory Deployment of web application directory [/Users/kimhyunkyunkim/Desktop/fall2023/CS157a/finalProjectCode/apache-tomcat-8.5.93/webapps/ROOT] has finished in [217] ms
12-Oct-2023 23:12:46.257 INFO [localhost-startStop-1] org.apache.catalina.startup.HostConfig.deployDirectory Deploying web application directory [/Users/kimhyunkyunkim/Desktop/fall2023/CS157a/finalProjectCode/apache-tomcat-8.5.93/webapps/host-manager]
12-Oct-2023 23:12:46.443 INFO [localhost-startStop-1] org.apache.jasper.servlet.TldScanner.scanJars At least one JAR was scanned for TLDs yet contained no TLDs. Enable debug logging for this logger for a complete list of JARs that were scanned but no TLDs were found in them. Skipping unneeded JARs during scanning can improve startup time and JSP compilation time.
12-Oct-2023 23:12:46.445 INFO [localhost-startStop-1] org.apache.catalina.startup.HostConfig.deployDirectory Deployment of web application directory [/Users/kimhyunkyunkim/Desktop/fall2023/CS157a/finalProjectCode/apache-tomcat-8.5.93/webapps/host-manager] has finished in [188] ms
12-Oct-2023 23:12:46.446 INFO [main] org.apache.catalina.startup.Catalina.start Server startup in 1433 ms
12-Oct-2023 23:12:46.451 SEVERE [main] org.apache.catalina.core.StandardServer.await Failed to create server shutdown socket on address [localhost] and port [8005] (base port [8005] and offset [0])
	java.net.BindException: Address already in use
		at java.base/sun.nio.ch.Net.bind0(Native Method)
		at java.base/sun.nio.ch.Net.bind(Net.java:555)
		at java.base/sun.nio.ch.Net.bind(Net.java:544)
		at java.base/sun.nio.ch.NioSocketImpl.bind(NioSocketImpl.java:640)
		at java.base/java.net.ServerSocket.bind(ServerSocket.java:392)
		at java.base/java.net.ServerSocket.<init>(ServerSocket.java:274)
		at org.apache.catalina.core.StandardServer.await(StandardServer.java:444)
		at org.apache.catalina.startup.Catalina.await(Catalina.java:783)
		at org.apache.catalina.startup.Catalina.start(Catalina.java:729)
		at java.base/jdk.internal.reflect.DirectMethodHandleAccessor.invoke(DirectMethodHandleAccessor.java:104)
		at java.base/java.lang.reflect.Method.invoke(Method.java:577)
		at org.apache.catalina.startup.Bootstrap.start(Bootstrap.java:347)
		at org.apache.catalina.startup.Bootstrap.main(Bootstrap.java:478)
12-Oct-2023 23:12:46.451 INFO [main] org.apache.coyote.AbstractProtocol.pause Pausing ProtocolHandler ["http-nio-8080"]
12-Oct-2023 23:12:46.451 INFO [main] org.apache.catalina.core.StandardService.stopInternal Stopping service [Catalina]
12-Oct-2023 23:12:46.465 INFO [main] org.apache.coyote.AbstractProtocol.stop Stopping ProtocolHandler ["http-nio-8080"]
12-Oct-2023 23:12:46.466 INFO [main] org.apache.coyote.AbstractProtocol.destroy Destroying ProtocolHandler ["http-nio-8080"]
NOTE: Picked up JDK_JAVA_OPTIONS:  --add-opens=java.base/java.lang=ALL-UNNAMED --add-opens=java.base/java.io=ALL-UNNAMED --add-opens=java.base/java.util=ALL-UNNAMED --add-opens=java.base/java.util.concurrent=ALL-UNNAMED --add-opens=java.rmi/sun.rmi.transport=ALL-UNNAMED
12-Oct-2023 23:35:02.532 INFO [main] org.apache.catalina.startup.VersionLoggerListener.log Server version name:   Apache Tomcat/8.5.93
12-Oct-2023 23:35:02.534 INFO [main] org.apache.catalina.startup.VersionLoggerListener.log Server built:          Aug 23 2023 22:43:14 UTC
12-Oct-2023 23:35:02.534 INFO [main] org.apache.catalina.startup.VersionLoggerListener.log Server version number: 8.5.93.0
12-Oct-2023 23:35:02.534 INFO [main] org.apache.catalina.startup.VersionLoggerListener.log OS Name:               Mac OS X
12-Oct-2023 23:35:02.534 INFO [main] org.apache.catalina.startup.VersionLoggerListener.log OS Version:            13.2
12-Oct-2023 23:35:02.534 INFO [main] org.apache.catalina.startup.VersionLoggerListener.log Architecture:          aarch64
12-Oct-2023 23:35:02.534 INFO [main] org.apache.catalina.startup.VersionLoggerListener.log Java Home:             /Library/Java/JavaVirtualMachines/temurin-21.jdk/Contents/Home
12-Oct-2023 23:35:02.534 INFO [main] org.apache.catalina.startup.VersionLoggerListener.log JVM Version:           21+35-LTS
12-Oct-2023 23:35:02.534 INFO [main] org.apache.catalina.startup.VersionLoggerListener.log JVM Vendor:            Eclipse Adoptium
12-Oct-2023 23:35:02.534 INFO [main] org.apache.catalina.startup.VersionLoggerListener.log CATALINA_BASE:         /Users/kimhyunkyunkim/Desktop/fall2023/CS157a/finalProjectCode/apache-tomcat-8.5.93
12-Oct-2023 23:35:02.534 INFO [main] org.apache.catalina.startup.VersionLoggerListener.log CATALINA_HOME:         /Users/kimhyunkyunkim/Desktop/fall2023/CS157a/finalProjectCode/apache-tomcat-8.5.93
12-Oct-2023 23:35:02.535 INFO [main] org.apache.catalina.startup.VersionLoggerListener.log Command line argument: --add-opens=java.base/java.lang=ALL-UNNAMED
12-Oct-2023 23:35:02.535 INFO [main] org.apache.catalina.startup.VersionLoggerListener.log Command line argument: --add-opens=java.base/java.io=ALL-UNNAMED
12-Oct-2023 23:35:02.535 INFO [main] org.apache.catalina.startup.VersionLoggerListener.log Command line argument: --add-opens=java.base/java.util=ALL-UNNAMED
12-Oct-2023 23:35:02.535 INFO [main] org.apache.catalina.startup.VersionLoggerListener.log Command line argument: --add-opens=java.base/java.util.concurrent=ALL-UNNAMED
12-Oct-2023 23:35:02.535 INFO [main] org.apache.catalina.startup.VersionLoggerListener.log Command line argument: --add-opens=java.rmi/sun.rmi.transport=ALL-UNNAMED
12-Oct-2023 23:35:02.536 INFO [main] org.apache.catalina.startup.VersionLoggerListener.log Command line argument: -Djava.util.logging.config.file=/Users/kimhyunkyunkim/Desktop/fall2023/CS157a/finalProjectCode/apache-tomcat-8.5.93/conf/logging.properties
12-Oct-2023 23:35:02.536 INFO [main] org.apache.catalina.startup.VersionLoggerListener.log Command line argument: -Djava.util.logging.manager=org.apache.juli.ClassLoaderLogManager
12-Oct-2023 23:35:02.536 INFO [main] org.apache.catalina.startup.VersionLoggerListener.log Command line argument: -Djdk.tls.ephemeralDHKeySize=2048
12-Oct-2023 23:35:02.536 INFO [main] org.apache.catalina.startup.VersionLoggerListener.log Command line argument: -Djava.protocol.handler.pkgs=org.apache.catalina.webresources
12-Oct-2023 23:35:02.536 INFO [main] org.apache.catalina.startup.VersionLoggerListener.log Command line argument: -Dorg.apache.catalina.security.SecurityListener.UMASK=0027
12-Oct-2023 23:35:02.536 INFO [main] org.apache.catalina.startup.VersionLoggerListener.log Command line argument: -Dignore.endorsed.dirs=
12-Oct-2023 23:35:02.536 INFO [main] org.apache.catalina.startup.VersionLoggerListener.log Command line argument: -Dcatalina.base=/Users/kimhyunkyunkim/Desktop/fall2023/CS157a/finalProjectCode/apache-tomcat-8.5.93
12-Oct-2023 23:35:02.536 INFO [main] org.apache.catalina.startup.VersionLoggerListener.log Command line argument: -Dcatalina.home=/Users/kimhyunkyunkim/Desktop/fall2023/CS157a/finalProjectCode/apache-tomcat-8.5.93
12-Oct-2023 23:35:02.536 INFO [main] org.apache.catalina.startup.VersionLoggerListener.log Command line argument: -Djava.io.tmpdir=/Users/kimhyunkyunkim/Desktop/fall2023/CS157a/finalProjectCode/apache-tomcat-8.5.93/temp
12-Oct-2023 23:35:02.536 INFO [main] org.apache.catalina.core.AprLifecycleListener.lifecycleEvent The Apache Tomcat Native library which allows using OpenSSL was not found on the java.library.path: [/Users/kimhyunkyunkim/Library/Java/Extensions:/Library/Java/Extensions:/Network/Library/Java/Extensions:/System/Library/Java/Extensions:/usr/lib/java:.]
12-Oct-2023 23:35:02.566 INFO [main] org.apache.coyote.AbstractProtocol.init Initializing ProtocolHandler ["http-nio-8080"]
12-Oct-2023 23:35:02.596 INFO [main] org.apache.catalina.startup.Catalina.load Initialization processed in 409 ms
12-Oct-2023 23:35:02.616 INFO [main] org.apache.catalina.core.StandardService.startInternal Starting service [Catalina]
12-Oct-2023 23:35:02.617 INFO [main] org.apache.catalina.core.StandardEngine.startInternal Starting Servlet engine: [Apache Tomcat/8.5.93]
12-Oct-2023 23:35:02.621 INFO [localhost-startStop-1] org.apache.catalina.startup.HostConfig.deployDirectory Deploying web application directory [/Users/kimhyunkyunkim/Desktop/fall2023/CS157a/finalProjectCode/apache-tomcat-8.5.93/webapps/docs]
12-Oct-2023 23:35:03.032 INFO [localhost-startStop-1] org.apache.jasper.servlet.TldScanner.scanJars At least one JAR was scanned for TLDs yet contained no TLDs. Enable debug logging for this logger for a complete list of JARs that were scanned but no TLDs were found in them. Skipping unneeded JARs during scanning can improve startup time and JSP compilation time.
12-Oct-2023 23:35:03.052 INFO [localhost-startStop-1] org.apache.catalina.startup.HostConfig.deployDirectory Deployment of web application directory [/Users/kimhyunkyunkim/Desktop/fall2023/CS157a/finalProjectCode/apache-tomcat-8.5.93/webapps/docs] has finished in [431] ms
12-Oct-2023 23:35:03.053 INFO [localhost-startStop-1] org.apache.catalina.startup.HostConfig.deployDirectory Deploying web application directory [/Users/kimhyunkyunkim/Desktop/fall2023/CS157a/finalProjectCode/apache-tomcat-8.5.93/webapps/manager]
12-Oct-2023 23:35:03.281 INFO [localhost-startStop-1] org.apache.jasper.servlet.TldScanner.scanJars At least one JAR was scanned for TLDs yet contained no TLDs. Enable debug logging for this logger for a complete list of JARs that were scanned but no TLDs were found in them. Skipping unneeded JARs during scanning can improve startup time and JSP compilation time.
12-Oct-2023 23:35:03.286 INFO [localhost-startStop-1] org.apache.catalina.startup.HostConfig.deployDirectory Deployment of web application directory [/Users/kimhyunkyunkim/Desktop/fall2023/CS157a/finalProjectCode/apache-tomcat-8.5.93/webapps/manager] has finished in [233] ms
12-Oct-2023 23:35:03.286 INFO [localhost-startStop-1] org.apache.catalina.startup.HostConfig.deployDirectory Deploying web application directory [/Users/kimhyunkyunkim/Desktop/fall2023/CS157a/finalProjectCode/apache-tomcat-8.5.93/webapps/examples]
12-Oct-2023 23:35:03.616 INFO [localhost-startStop-1] org.apache.jasper.servlet.TldScanner.scanJars At least one JAR was scanned for TLDs yet contained no TLDs. Enable debug logging for this logger for a complete list of JARs that were scanned but no TLDs were found in them. Skipping unneeded JARs during scanning can improve startup time and JSP compilation time.
12-Oct-2023 23:35:03.627 INFO [localhost-startStop-1] org.apache.catalina.startup.HostConfig.deployDirectory Deployment of web application directory [/Users/kimhyunkyunkim/Desktop/fall2023/CS157a/finalProjectCode/apache-tomcat-8.5.93/webapps/examples] has finished in [341] ms
12-Oct-2023 23:35:03.627 INFO [localhost-startStop-1] org.apache.catalina.startup.HostConfig.deployDirectory Deploying web application directory [/Users/kimhyunkyunkim/Desktop/fall2023/CS157a/finalProjectCode/apache-tomcat-8.5.93/webapps/ROOT]
12-Oct-2023 23:35:03.808 INFO [localhost-startStop-1] org.apache.jasper.servlet.TldScanner.scanJars At least one JAR was scanned for TLDs yet contained no TLDs. Enable debug logging for this logger for a complete list of JARs that were scanned but no TLDs were found in them. Skipping unneeded JARs during scanning can improve startup time and JSP compilation time.
12-Oct-2023 23:35:03.819 INFO [localhost-startStop-1] org.apache.catalina.startup.HostConfig.deployDirectory Deployment of web application directory [/Users/kimhyunkyunkim/Desktop/fall2023/CS157a/finalProjectCode/apache-tomcat-8.5.93/webapps/ROOT] has finished in [192] ms
12-Oct-2023 23:35:03.819 INFO [localhost-startStop-1] org.apache.catalina.startup.HostConfig.deployDirectory Deploying web application directory [/Users/kimhyunkyunkim/Desktop/fall2023/CS157a/finalProjectCode/apache-tomcat-8.5.93/webapps/host-manager]
12-Oct-2023 23:35:04.031 INFO [localhost-startStop-1] org.apache.jasper.servlet.TldScanner.scanJars At least one JAR was scanned for TLDs yet contained no TLDs. Enable debug logging for this logger for a complete list of JARs that were scanned but no TLDs were found in them. Skipping unneeded JARs during scanning can improve startup time and JSP compilation time.
12-Oct-2023 23:35:04.032 INFO [localhost-startStop-1] org.apache.catalina.startup.HostConfig.deployDirectory Deployment of web application directory [/Users/kimhyunkyunkim/Desktop/fall2023/CS157a/finalProjectCode/apache-tomcat-8.5.93/webapps/host-manager] has finished in [213] ms
12-Oct-2023 23:35:04.034 INFO [main] org.apache.coyote.AbstractProtocol.start Starting ProtocolHandler ["http-nio-8080"]
12-Oct-2023 23:35:04.041 INFO [main] org.apache.catalina.startup.Catalina.start Server startup in 1444 ms
Loading class `com.mysql.jdbc.Driver'. This is deprecated. The new driver class is `com.mysql.cj.jdbc.Driver'. The driver is automatically registered via the SPI and manual loading of the driver class is generally unnecessary.
12-Oct-2023 23:37:53.066 INFO [main] org.apache.catalina.core.StandardServer.await A valid shutdown command was received via the shutdown port. Stopping the Server instance.
12-Oct-2023 23:37:53.066 INFO [main] org.apache.coyote.AbstractProtocol.pause Pausing ProtocolHandler ["http-nio-8080"]
12-Oct-2023 23:37:53.068 INFO [main] org.apache.catalina.core.StandardService.stopInternal Stopping service [Catalina]
12-Oct-2023 23:37:53.085 INFO [main] org.apache.coyote.AbstractProtocol.stop Stopping ProtocolHandler ["http-nio-8080"]
12-Oct-2023 23:37:53.093 INFO [main] org.apache.coyote.AbstractProtocol.destroy Destroying ProtocolHandler ["http-nio-8080"]
