07-Nov-2023 17:16:20.692 SEVERE [http-nio-8080-exec-1] org.apache.catalina.core.StandardWrapperValve.invoke Servlet.service() for servlet [jsp] in context with path [] threw exception [Unable to compile class for JSP: 

An error occurred at line: [21] in the jsp file: [/billingInfo.jsp]
The left-hand side of an assignment must be a variable
18:     String user = "root";
19:     String pass = "Ken30526296@";
20: 
21:     String query = "SELECT b.BookingNumber, b.price + b.CleaningFee + COALESCE(s.sum_price, 0) AS 'TotalPrice', b.price AS 'RoomPrice', b.CleaningFee AS "CleaningFee", COALESCE(s.sum_price, 0) AS 'ServicePrice' " +
22:     "FROM Project.Billing b " +
23:     "LEFT JOIN ( " +
24:     "    SELECT BookingNumber, SUM(PRICE) AS 'sum_price' " +


An error occurred at line: [21] in the jsp file: [/billingInfo.jsp]
Syntax error on token "CleaningFee", invalid AssignmentOperator
18:     String user = "root";
19:     String pass = "Ken30526296@";
20: 
21:     String query = "SELECT b.BookingNumber, b.price + b.CleaningFee + COALESCE(s.sum_price, 0) AS 'TotalPrice', b.price AS 'RoomPrice', b.CleaningFee AS "CleaningFee", COALESCE(s.sum_price, 0) AS 'ServicePrice' " +
22:     "FROM Project.Billing b " +
23:     "LEFT JOIN ( " +
24:     "    SELECT BookingNumber, SUM(PRICE) AS 'sum_price' " +


An error occurred at line: [37] in the jsp file: [/billingInfo.jsp]
The left-hand side of an assignment must be a variable
34:         PreparedStatement ps = con.prepareStatement(query);
35:         
36:         if ("Show by ReservationNumber".equalsIgnoreCase(buttonClicked) && reservationNumberInput != null && !reservationNumberInput.isEmpty()) {
37:           query = "SELECT b.BookingNumber, b.price + b.CleaningFee + COALESCE(s.sum_price, 0) AS 'TotalPrice', b.price AS 'RoomPrice', b.CleaningFee AS "CleaningFee", COALESCE(s.sum_price, 0) AS 'ServicePrice' " +
38:           "FROM Project.Billing b " +
39:           "LEFT JOIN ( " +
40:           "    SELECT BookingNumber, SUM(PRICE) AS 'sum_price' " +


An error occurred at line: [37] in the jsp file: [/billingInfo.jsp]
Syntax error on token "CleaningFee", invalid AssignmentOperator
34:         PreparedStatement ps = con.prepareStatement(query);
35:         
36:         if ("Show by ReservationNumber".equalsIgnoreCase(buttonClicked) && reservationNumberInput != null && !reservationNumberInput.isEmpty()) {
37:           query = "SELECT b.BookingNumber, b.price + b.CleaningFee + COALESCE(s.sum_price, 0) AS 'TotalPrice', b.price AS 'RoomPrice', b.CleaningFee AS "CleaningFee", COALESCE(s.sum_price, 0) AS 'ServicePrice' " +
38:           "FROM Project.Billing b " +
39:           "LEFT JOIN ( " +
40:           "    SELECT BookingNumber, SUM(PRICE) AS 'sum_price' " +


An error occurred at line: [67] in the jsp file: [/billingInfo.jsp]
Syntax error on token "/", delete this token
64:           <td><%= rs.getInt("BookingNumber") %></td>
65:           <td><%= rs.getInt("TotalPrice") %></td>
66:           <td><%= rs.getInt("RoomPrice") %></td>
67:           <td><%= rs.getInt("CleaningFee")</td>
68:           <td><%= rs.getInt("ServicePrice") %></td>
69:         </tr>
70:         <% } %>


An error occurred at line: [67] in the jsp file: [/billingInfo.jsp]
td cannot be resolved to a variable
64:           <td><%= rs.getInt("BookingNumber") %></td>
65:           <td><%= rs.getInt("TotalPrice") %></td>
66:           <td><%= rs.getInt("RoomPrice") %></td>
67:           <td><%= rs.getInt("CleaningFee")</td>
68:           <td><%= rs.getInt("ServicePrice") %></td>
69:         </tr>
70:         <% } %>


An error occurred at line: [67] in the jsp file: [/billingInfo.jsp]
Syntax error on token "<", delete this token
64:           <td><%= rs.getInt("BookingNumber") %></td>
65:           <td><%= rs.getInt("TotalPrice") %></td>
66:           <td><%= rs.getInt("RoomPrice") %></td>
67:           <td><%= rs.getInt("CleaningFee")</td>
68:           <td><%= rs.getInt("ServicePrice") %></td>
69:         </tr>
70:         <% } %>


An error occurred at line: [67] in the jsp file: [/billingInfo.jsp]
td cannot be resolved to a variable
64:           <td><%= rs.getInt("BookingNumber") %></td>
65:           <td><%= rs.getInt("TotalPrice") %></td>
66:           <td><%= rs.getInt("RoomPrice") %></td>
67:           <td><%= rs.getInt("CleaningFee")</td>
68:           <td><%= rs.getInt("ServicePrice") %></td>
69:         </tr>
70:         <% } %>


An error occurred at line: [67] in the jsp file: [/billingInfo.jsp]
Syntax error on tokens, delete these tokens
64:           <td><%= rs.getInt("BookingNumber") %></td>
65:           <td><%= rs.getInt("TotalPrice") %></td>
66:           <td><%= rs.getInt("RoomPrice") %></td>
67:           <td><%= rs.getInt("CleaningFee")</td>
68:           <td><%= rs.getInt("ServicePrice") %></td>
69:         </tr>
70:         <% } %>


Stacktrace:] with root cause
	org.apache.jasper.JasperException: Unable to compile class for JSP: 

An error occurred at line: [21] in the jsp file: [/billingInfo.jsp]
The left-hand side of an assignment must be a variable
18:     String user = "root";
19:     String pass = "Ken30526296@";
20: 
21:     String query = "SELECT b.BookingNumber, b.price + b.CleaningFee + COALESCE(s.sum_price, 0) AS 'TotalPrice', b.price AS 'RoomPrice', b.CleaningFee AS "CleaningFee", COALESCE(s.sum_price, 0) AS 'ServicePrice' " +
22:     "FROM Project.Billing b " +
23:     "LEFT JOIN ( " +
24:     "    SELECT BookingNumber, SUM(PRICE) AS 'sum_price' " +


An error occurred at line: [21] in the jsp file: [/billingInfo.jsp]
Syntax error on token "CleaningFee", invalid AssignmentOperator
18:     String user = "root";
19:     String pass = "Ken30526296@";
20: 
21:     String query = "SELECT b.BookingNumber, b.price + b.CleaningFee + COALESCE(s.sum_price, 0) AS 'TotalPrice', b.price AS 'RoomPrice', b.CleaningFee AS "CleaningFee", COALESCE(s.sum_price, 0) AS 'ServicePrice' " +
22:     "FROM Project.Billing b " +
23:     "LEFT JOIN ( " +
24:     "    SELECT BookingNumber, SUM(PRICE) AS 'sum_price' " +


An error occurred at line: [37] in the jsp file: [/billingInfo.jsp]
The left-hand side of an assignment must be a variable
34:         PreparedStatement ps = con.prepareStatement(query);
35:         
36:         if ("Show by ReservationNumber".equalsIgnoreCase(buttonClicked) && reservationNumberInput != null && !reservationNumberInput.isEmpty()) {
37:           query = "SELECT b.BookingNumber, b.price + b.CleaningFee + COALESCE(s.sum_price, 0) AS 'TotalPrice', b.price AS 'RoomPrice', b.CleaningFee AS "CleaningFee", COALESCE(s.sum_price, 0) AS 'ServicePrice' " +
38:           "FROM Project.Billing b " +
39:           "LEFT JOIN ( " +
40:           "    SELECT BookingNumber, SUM(PRICE) AS 'sum_price' " +


An error occurred at line: [37] in the jsp file: [/billingInfo.jsp]
Syntax error on token "CleaningFee", invalid AssignmentOperator
34:         PreparedStatement ps = con.prepareStatement(query);
35:         
36:         if ("Show by ReservationNumber".equalsIgnoreCase(buttonClicked) && reservationNumberInput != null && !reservationNumberInput.isEmpty()) {
37:           query = "SELECT b.BookingNumber, b.price + b.CleaningFee + COALESCE(s.sum_price, 0) AS 'TotalPrice', b.price AS 'RoomPrice', b.CleaningFee AS "CleaningFee", COALESCE(s.sum_price, 0) AS 'ServicePrice' " +
38:           "FROM Project.Billing b " +
39:           "LEFT JOIN ( " +
40:           "    SELECT BookingNumber, SUM(PRICE) AS 'sum_price' " +


An error occurred at line: [67] in the jsp file: [/billingInfo.jsp]
Syntax error on token "/", delete this token
64:           <td><%= rs.getInt("BookingNumber") %></td>
65:           <td><%= rs.getInt("TotalPrice") %></td>
66:           <td><%= rs.getInt("RoomPrice") %></td>
67:           <td><%= rs.getInt("CleaningFee")</td>
68:           <td><%= rs.getInt("ServicePrice") %></td>
69:         </tr>
70:         <% } %>


An error occurred at line: [67] in the jsp file: [/billingInfo.jsp]
td cannot be resolved to a variable
64:           <td><%= rs.getInt("BookingNumber") %></td>
65:           <td><%= rs.getInt("TotalPrice") %></td>
66:           <td><%= rs.getInt("RoomPrice") %></td>
67:           <td><%= rs.getInt("CleaningFee")</td>
68:           <td><%= rs.getInt("ServicePrice") %></td>
69:         </tr>
70:         <% } %>


An error occurred at line: [67] in the jsp file: [/billingInfo.jsp]
Syntax error on token "<", delete this token
64:           <td><%= rs.getInt("BookingNumber") %></td>
65:           <td><%= rs.getInt("TotalPrice") %></td>
66:           <td><%= rs.getInt("RoomPrice") %></td>
67:           <td><%= rs.getInt("CleaningFee")</td>
68:           <td><%= rs.getInt("ServicePrice") %></td>
69:         </tr>
70:         <% } %>


An error occurred at line: [67] in the jsp file: [/billingInfo.jsp]
td cannot be resolved to a variable
64:           <td><%= rs.getInt("BookingNumber") %></td>
65:           <td><%= rs.getInt("TotalPrice") %></td>
66:           <td><%= rs.getInt("RoomPrice") %></td>
67:           <td><%= rs.getInt("CleaningFee")</td>
68:           <td><%= rs.getInt("ServicePrice") %></td>
69:         </tr>
70:         <% } %>


An error occurred at line: [67] in the jsp file: [/billingInfo.jsp]
Syntax error on tokens, delete these tokens
64:           <td><%= rs.getInt("BookingNumber") %></td>
65:           <td><%= rs.getInt("TotalPrice") %></td>
66:           <td><%= rs.getInt("RoomPrice") %></td>
67:           <td><%= rs.getInt("CleaningFee")</td>
68:           <td><%= rs.getInt("ServicePrice") %></td>
69:         </tr>
70:         <% } %>


Stacktrace:
		at org.apache.jasper.compiler.DefaultErrorHandler.javacError(DefaultErrorHandler.java:102)
		at org.apache.jasper.compiler.ErrorDispatcher.javacError(ErrorDispatcher.java:213)
		at org.apache.jasper.compiler.JDTCompiler.generateClass(JDTCompiler.java:600)
		at org.apache.jasper.compiler.Compiler.compile(Compiler.java:381)
		at org.apache.jasper.compiler.Compiler.compile(Compiler.java:351)
		at org.apache.jasper.compiler.Compiler.compile(Compiler.java:335)
		at org.apache.jasper.JspCompilationContext.compile(JspCompilationContext.java:597)
		at org.apache.jasper.servlet.JspServletWrapper.service(JspServletWrapper.java:398)
		at org.apache.jasper.servlet.JspServlet.serviceJspFile(JspServlet.java:383)
		at org.apache.jasper.servlet.JspServlet.service(JspServlet.java:331)
		at javax.servlet.http.HttpServlet.service(HttpServlet.java:583)
		at org.apache.catalina.core.ApplicationFilterChain.internalDoFilter(ApplicationFilterChain.java:212)
		at org.apache.catalina.core.ApplicationFilterChain.doFilter(ApplicationFilterChain.java:156)
		at org.apache.tomcat.websocket.server.WsFilter.doFilter(WsFilter.java:51)
		at org.apache.catalina.core.ApplicationFilterChain.internalDoFilter(ApplicationFilterChain.java:181)
		at org.apache.catalina.core.ApplicationFilterChain.doFilter(ApplicationFilterChain.java:156)
		at org.apache.catalina.core.StandardWrapperValve.invoke(StandardWrapperValve.java:168)
		at org.apache.catalina.core.StandardContextValve.invoke(StandardContextValve.java:90)
		at org.apache.catalina.authenticator.AuthenticatorBase.invoke(AuthenticatorBase.java:483)
		at org.apache.catalina.core.StandardHostValve.invoke(StandardHostValve.java:130)
		at org.apache.catalina.valves.ErrorReportValve.invoke(ErrorReportValve.java:93)
		at org.apache.catalina.valves.AbstractAccessLogValve.invoke(AbstractAccessLogValve.java:679)
		at org.apache.catalina.core.StandardEngineValve.invoke(StandardEngineValve.java:74)
		at org.apache.catalina.connector.CoyoteAdapter.service(CoyoteAdapter.java:343)
		at org.apache.coyote.http11.Http11Processor.service(Http11Processor.java:617)
		at org.apache.coyote.AbstractProcessorLight.process(AbstractProcessorLight.java:63)
		at org.apache.coyote.AbstractProtocol$ConnectionHandler.process(AbstractProtocol.java:932)
		at org.apache.tomcat.util.net.NioEndpoint$SocketProcessor.doRun(NioEndpoint.java:1694)
		at org.apache.tomcat.util.net.SocketProcessorBase.run(SocketProcessorBase.java:52)
		at org.apache.tomcat.util.threads.ThreadPoolExecutor.runWorker(ThreadPoolExecutor.java:1191)
		at org.apache.tomcat.util.threads.ThreadPoolExecutor$Worker.run(ThreadPoolExecutor.java:659)
		at org.apache.tomcat.util.threads.TaskThread$WrappingRunnable.run(TaskThread.java:61)
		at java.base/java.lang.Thread.run(Thread.java:1583)
07-Nov-2023 17:17:52.390 SEVERE [http-nio-8080-exec-6] org.apache.catalina.core.StandardWrapperValve.invoke Servlet.service() for servlet [jsp] in context with path [] threw exception [Unable to compile class for JSP: 

An error occurred at line: [67] in the jsp file: [/billingInfo.jsp]
Syntax error on token "/", delete this token
64:           <td><%= rs.getInt("BookingNumber") %></td>
65:           <td><%= rs.getInt("TotalPrice") %></td>
66:           <td><%= rs.getInt("RoomPrice") %></td>
67:           <td><%= rs.getInt("CleaningFee")</td>
68:           <td><%= rs.getInt("ServicePrice") %></td>
69:         </tr>
70:         <% } %>


An error occurred at line: [67] in the jsp file: [/billingInfo.jsp]
td cannot be resolved to a variable
64:           <td><%= rs.getInt("BookingNumber") %></td>
65:           <td><%= rs.getInt("TotalPrice") %></td>
66:           <td><%= rs.getInt("RoomPrice") %></td>
67:           <td><%= rs.getInt("CleaningFee")</td>
68:           <td><%= rs.getInt("ServicePrice") %></td>
69:         </tr>
70:         <% } %>


An error occurred at line: [67] in the jsp file: [/billingInfo.jsp]
Syntax error on token "<", delete this token
64:           <td><%= rs.getInt("BookingNumber") %></td>
65:           <td><%= rs.getInt("TotalPrice") %></td>
66:           <td><%= rs.getInt("RoomPrice") %></td>
67:           <td><%= rs.getInt("CleaningFee")</td>
68:           <td><%= rs.getInt("ServicePrice") %></td>
69:         </tr>
70:         <% } %>


An error occurred at line: [67] in the jsp file: [/billingInfo.jsp]
td cannot be resolved to a variable
64:           <td><%= rs.getInt("BookingNumber") %></td>
65:           <td><%= rs.getInt("TotalPrice") %></td>
66:           <td><%= rs.getInt("RoomPrice") %></td>
67:           <td><%= rs.getInt("CleaningFee")</td>
68:           <td><%= rs.getInt("ServicePrice") %></td>
69:         </tr>
70:         <% } %>


An error occurred at line: [67] in the jsp file: [/billingInfo.jsp]
Syntax error on tokens, delete these tokens
64:           <td><%= rs.getInt("BookingNumber") %></td>
65:           <td><%= rs.getInt("TotalPrice") %></td>
66:           <td><%= rs.getInt("RoomPrice") %></td>
67:           <td><%= rs.getInt("CleaningFee")</td>
68:           <td><%= rs.getInt("ServicePrice") %></td>
69:         </tr>
70:         <% } %>


Stacktrace:] with root cause
	org.apache.jasper.JasperException: Unable to compile class for JSP: 

An error occurred at line: [67] in the jsp file: [/billingInfo.jsp]
Syntax error on token "/", delete this token
64:           <td><%= rs.getInt("BookingNumber") %></td>
65:           <td><%= rs.getInt("TotalPrice") %></td>
66:           <td><%= rs.getInt("RoomPrice") %></td>
67:           <td><%= rs.getInt("CleaningFee")</td>
68:           <td><%= rs.getInt("ServicePrice") %></td>
69:         </tr>
70:         <% } %>


An error occurred at line: [67] in the jsp file: [/billingInfo.jsp]
td cannot be resolved to a variable
64:           <td><%= rs.getInt("BookingNumber") %></td>
65:           <td><%= rs.getInt("TotalPrice") %></td>
66:           <td><%= rs.getInt("RoomPrice") %></td>
67:           <td><%= rs.getInt("CleaningFee")</td>
68:           <td><%= rs.getInt("ServicePrice") %></td>
69:         </tr>
70:         <% } %>


An error occurred at line: [67] in the jsp file: [/billingInfo.jsp]
Syntax error on token "<", delete this token
64:           <td><%= rs.getInt("BookingNumber") %></td>
65:           <td><%= rs.getInt("TotalPrice") %></td>
66:           <td><%= rs.getInt("RoomPrice") %></td>
67:           <td><%= rs.getInt("CleaningFee")</td>
68:           <td><%= rs.getInt("ServicePrice") %></td>
69:         </tr>
70:         <% } %>


An error occurred at line: [67] in the jsp file: [/billingInfo.jsp]
td cannot be resolved to a variable
64:           <td><%= rs.getInt("BookingNumber") %></td>
65:           <td><%= rs.getInt("TotalPrice") %></td>
66:           <td><%= rs.getInt("RoomPrice") %></td>
67:           <td><%= rs.getInt("CleaningFee")</td>
68:           <td><%= rs.getInt("ServicePrice") %></td>
69:         </tr>
70:         <% } %>


An error occurred at line: [67] in the jsp file: [/billingInfo.jsp]
Syntax error on tokens, delete these tokens
64:           <td><%= rs.getInt("BookingNumber") %></td>
65:           <td><%= rs.getInt("TotalPrice") %></td>
66:           <td><%= rs.getInt("RoomPrice") %></td>
67:           <td><%= rs.getInt("CleaningFee")</td>
68:           <td><%= rs.getInt("ServicePrice") %></td>
69:         </tr>
70:         <% } %>


Stacktrace:
		at org.apache.jasper.compiler.DefaultErrorHandler.javacError(DefaultErrorHandler.java:102)
		at org.apache.jasper.compiler.ErrorDispatcher.javacError(ErrorDispatcher.java:213)
		at org.apache.jasper.compiler.JDTCompiler.generateClass(JDTCompiler.java:600)
		at org.apache.jasper.compiler.Compiler.compile(Compiler.java:381)
		at org.apache.jasper.compiler.Compiler.compile(Compiler.java:351)
		at org.apache.jasper.compiler.Compiler.compile(Compiler.java:335)
		at org.apache.jasper.JspCompilationContext.compile(JspCompilationContext.java:597)
		at org.apache.jasper.servlet.JspServletWrapper.service(JspServletWrapper.java:398)
		at org.apache.jasper.servlet.JspServlet.serviceJspFile(JspServlet.java:383)
		at org.apache.jasper.servlet.JspServlet.service(JspServlet.java:331)
		at javax.servlet.http.HttpServlet.service(HttpServlet.java:583)
		at org.apache.catalina.core.ApplicationFilterChain.internalDoFilter(ApplicationFilterChain.java:212)
		at org.apache.catalina.core.ApplicationFilterChain.doFilter(ApplicationFilterChain.java:156)
		at org.apache.tomcat.websocket.server.WsFilter.doFilter(WsFilter.java:51)
		at org.apache.catalina.core.ApplicationFilterChain.internalDoFilter(ApplicationFilterChain.java:181)
		at org.apache.catalina.core.ApplicationFilterChain.doFilter(ApplicationFilterChain.java:156)
		at org.apache.catalina.core.StandardWrapperValve.invoke(StandardWrapperValve.java:168)
		at org.apache.catalina.core.StandardContextValve.invoke(StandardContextValve.java:90)
		at org.apache.catalina.authenticator.AuthenticatorBase.invoke(AuthenticatorBase.java:483)
		at org.apache.catalina.core.StandardHostValve.invoke(StandardHostValve.java:130)
		at org.apache.catalina.valves.ErrorReportValve.invoke(ErrorReportValve.java:93)
		at org.apache.catalina.valves.AbstractAccessLogValve.invoke(AbstractAccessLogValve.java:679)
		at org.apache.catalina.core.StandardEngineValve.invoke(StandardEngineValve.java:74)
		at org.apache.catalina.connector.CoyoteAdapter.service(CoyoteAdapter.java:343)
		at org.apache.coyote.http11.Http11Processor.service(Http11Processor.java:617)
		at org.apache.coyote.AbstractProcessorLight.process(AbstractProcessorLight.java:63)
		at org.apache.coyote.AbstractProtocol$ConnectionHandler.process(AbstractProtocol.java:932)
		at org.apache.tomcat.util.net.NioEndpoint$SocketProcessor.doRun(NioEndpoint.java:1694)
		at org.apache.tomcat.util.net.SocketProcessorBase.run(SocketProcessorBase.java:52)
		at org.apache.tomcat.util.threads.ThreadPoolExecutor.runWorker(ThreadPoolExecutor.java:1191)
		at org.apache.tomcat.util.threads.ThreadPoolExecutor$Worker.run(ThreadPoolExecutor.java:659)
		at org.apache.tomcat.util.threads.TaskThread$WrappingRunnable.run(TaskThread.java:61)
		at java.base/java.lang.Thread.run(Thread.java:1583)
