03-Dec-2023 12:04:00.194 SEVERE [http-nio-8080-exec-1] org.apache.catalina.core.StandardWrapperValve.invoke Servlet.service() for servlet [jsp] in context with path [] threw exception [Unable to compile class for JSP: 

An error occurred at line: [139] in the jsp file: [/editShift.jsp]
Syntax error, insert ";" to complete Statement
136:                     String query = "SELECT EmployeeID, HotelLocation, HotelName, Date, StartTime, EndTime, Task, AssignedRoom FROM Shift WHERE EmployeeID = ? AND HotelName = ? AND HotelLocation = ?";
137:                     PreparedStatement ps = con.prepareStatement(query);
138:                     ps.setInt(1, employeeIDInt);
139:                     ps.setString(2, hotelName)
140:                     ps.setString(3, hotelLocation)
141:                     ResultSet rs = ps.executeQuery();
142:     %>


An error occurred at line: [140] in the jsp file: [/editShift.jsp]
Syntax error, insert ";" to complete Statement
137:                     PreparedStatement ps = con.prepareStatement(query);
138:                     ps.setInt(1, employeeIDInt);
139:                     ps.setString(2, hotelName)
140:                     ps.setString(3, hotelLocation)
141:                     ResultSet rs = ps.executeQuery();
142:     %>
143:                     <table class = 'table'>


An error occurred at line: [226] in the jsp file: [/editShift.jsp]
Syntax error, insert ";" to complete Statement
223:                     sql1 += " WHERE EmployeeID = ? AND HotelName = ? AND HotelLocation = ?";
224:                     PreparedStatement ps2 = con.prepareStatement(sql1);
225:                     ps2.setInt(1, employeeIDInt);
226:                     ps2.setString(2, hotelName)
227:                     ps2.setString(3, hotelLocation)
228:                     ps2.executeUpdate();
229:                     ps2.close();


An error occurred at line: [227] in the jsp file: [/editShift.jsp]
Syntax error, insert ";" to complete Statement
224:                     PreparedStatement ps2 = con.prepareStatement(sql1);
225:                     ps2.setInt(1, employeeIDInt);
226:                     ps2.setString(2, hotelName)
227:                     ps2.setString(3, hotelLocation)
228:                     ps2.executeUpdate();
229:                     ps2.close();
230: 


An error occurred at line: [235] in the jsp file: [/editShift.jsp]
Syntax error, insert ";" to complete Statement
232:                     String query2 = "SELECT EmployeeID, HotelLocation, HotelName, Date, StartTime, EndTime, Task, AssignedRoom FROM Shift WHERE EmployeeID = ? AND HotelName = ? AND HotelLocation = ?";
233:                     PreparedStatement ps3 = con.prepareStatement(query2);
234:                     ps3.setInt(1, employeeIDInt);
235:                     ps3.setString(2, hotelName)
236:                     ps3.setString(3, hotelLocation)
237:                     ResultSet rs1 = ps3.executeQuery();
238: %>


An error occurred at line: [236] in the jsp file: [/editShift.jsp]
Syntax error, insert ";" to complete Statement
233:                     PreparedStatement ps3 = con.prepareStatement(query2);
234:                     ps3.setInt(1, employeeIDInt);
235:                     ps3.setString(2, hotelName)
236:                     ps3.setString(3, hotelLocation)
237:                     ResultSet rs1 = ps3.executeQuery();
238: %>
239:                     <table class = 'table'>


Stacktrace:] with root cause
	org.apache.jasper.JasperException: Unable to compile class for JSP: 

An error occurred at line: [139] in the jsp file: [/editShift.jsp]
Syntax error, insert ";" to complete Statement
136:                     String query = "SELECT EmployeeID, HotelLocation, HotelName, Date, StartTime, EndTime, Task, AssignedRoom FROM Shift WHERE EmployeeID = ? AND HotelName = ? AND HotelLocation = ?";
137:                     PreparedStatement ps = con.prepareStatement(query);
138:                     ps.setInt(1, employeeIDInt);
139:                     ps.setString(2, hotelName)
140:                     ps.setString(3, hotelLocation)
141:                     ResultSet rs = ps.executeQuery();
142:     %>


An error occurred at line: [140] in the jsp file: [/editShift.jsp]
Syntax error, insert ";" to complete Statement
137:                     PreparedStatement ps = con.prepareStatement(query);
138:                     ps.setInt(1, employeeIDInt);
139:                     ps.setString(2, hotelName)
140:                     ps.setString(3, hotelLocation)
141:                     ResultSet rs = ps.executeQuery();
142:     %>
143:                     <table class = 'table'>


An error occurred at line: [226] in the jsp file: [/editShift.jsp]
Syntax error, insert ";" to complete Statement
223:                     sql1 += " WHERE EmployeeID = ? AND HotelName = ? AND HotelLocation = ?";
224:                     PreparedStatement ps2 = con.prepareStatement(sql1);
225:                     ps2.setInt(1, employeeIDInt);
226:                     ps2.setString(2, hotelName)
227:                     ps2.setString(3, hotelLocation)
228:                     ps2.executeUpdate();
229:                     ps2.close();


An error occurred at line: [227] in the jsp file: [/editShift.jsp]
Syntax error, insert ";" to complete Statement
224:                     PreparedStatement ps2 = con.prepareStatement(sql1);
225:                     ps2.setInt(1, employeeIDInt);
226:                     ps2.setString(2, hotelName)
227:                     ps2.setString(3, hotelLocation)
228:                     ps2.executeUpdate();
229:                     ps2.close();
230: 


An error occurred at line: [235] in the jsp file: [/editShift.jsp]
Syntax error, insert ";" to complete Statement
232:                     String query2 = "SELECT EmployeeID, HotelLocation, HotelName, Date, StartTime, EndTime, Task, AssignedRoom FROM Shift WHERE EmployeeID = ? AND HotelName = ? AND HotelLocation = ?";
233:                     PreparedStatement ps3 = con.prepareStatement(query2);
234:                     ps3.setInt(1, employeeIDInt);
235:                     ps3.setString(2, hotelName)
236:                     ps3.setString(3, hotelLocation)
237:                     ResultSet rs1 = ps3.executeQuery();
238: %>


An error occurred at line: [236] in the jsp file: [/editShift.jsp]
Syntax error, insert ";" to complete Statement
233:                     PreparedStatement ps3 = con.prepareStatement(query2);
234:                     ps3.setInt(1, employeeIDInt);
235:                     ps3.setString(2, hotelName)
236:                     ps3.setString(3, hotelLocation)
237:                     ResultSet rs1 = ps3.executeQuery();
238: %>
239:                     <table class = 'table'>


Stacktrace:
		at org.apache.jasper.compiler.DefaultErrorHandler.javacError(DefaultErrorHandler.java:102)
		at org.apache.jasper.compiler.ErrorDispatcher.javacError(ErrorDispatcher.java:213)
		at org.apache.jasper.compiler.JDTCompiler.generateClass(JDTCompiler.java:600)
		at org.apache.jasper.compiler.Compiler.compile(Compiler.java:381)
		at org.apache.jasper.compiler.Compiler.compile(Compiler.java:351)
		at org.apache.jasper.compiler.Compiler.compile(Compiler.java:335)
		at org.apache.jasper.JspCompilationContext.compile(JspCompilationContext.java:597)
		at org.apache.jasper.servlet.JspServletWrapper.service(JspServletWrapper.java:398)
		at org.apache.jasper.servlet.JspServlet.serviceJspFile(JspServlet.java:383)
		at org.apache.jasper.servlet.JspServlet.service(JspServlet.java:331)
		at javax.servlet.http.HttpServlet.service(HttpServlet.java:583)
		at org.apache.catalina.core.ApplicationFilterChain.internalDoFilter(ApplicationFilterChain.java:212)
		at org.apache.catalina.core.ApplicationFilterChain.doFilter(ApplicationFilterChain.java:156)
		at org.apache.tomcat.websocket.server.WsFilter.doFilter(WsFilter.java:51)
		at org.apache.catalina.core.ApplicationFilterChain.internalDoFilter(ApplicationFilterChain.java:181)
		at org.apache.catalina.core.ApplicationFilterChain.doFilter(ApplicationFilterChain.java:156)
		at org.apache.catalina.core.StandardWrapperValve.invoke(StandardWrapperValve.java:168)
		at org.apache.catalina.core.StandardContextValve.invoke(StandardContextValve.java:90)
		at org.apache.catalina.authenticator.AuthenticatorBase.invoke(AuthenticatorBase.java:483)
		at org.apache.catalina.core.StandardHostValve.invoke(StandardHostValve.java:130)
		at org.apache.catalina.valves.ErrorReportValve.invoke(ErrorReportValve.java:93)
		at org.apache.catalina.valves.AbstractAccessLogValve.invoke(AbstractAccessLogValve.java:679)
		at org.apache.catalina.core.StandardEngineValve.invoke(StandardEngineValve.java:74)
		at org.apache.catalina.connector.CoyoteAdapter.service(CoyoteAdapter.java:343)
		at org.apache.coyote.http11.Http11Processor.service(Http11Processor.java:617)
		at org.apache.coyote.AbstractProcessorLight.process(AbstractProcessorLight.java:63)
		at org.apache.coyote.AbstractProtocol$ConnectionHandler.process(AbstractProtocol.java:932)
		at org.apache.tomcat.util.net.NioEndpoint$SocketProcessor.doRun(NioEndpoint.java:1694)
		at org.apache.tomcat.util.net.SocketProcessorBase.run(SocketProcessorBase.java:52)
		at org.apache.tomcat.util.threads.ThreadPoolExecutor.runWorker(ThreadPoolExecutor.java:1191)
		at org.apache.tomcat.util.threads.ThreadPoolExecutor$Worker.run(ThreadPoolExecutor.java:659)
		at org.apache.tomcat.util.threads.TaskThread$WrappingRunnable.run(TaskThread.java:61)
		at java.base/java.lang.Thread.run(Thread.java:1583)
