04-Nov-2023 11:35:12.225 SEVERE [http-nio-8080-exec-14] org.apache.catalina.core.StandardWrapperValve.invoke Servlet.service() for servlet [jsp] in context with path [] threw exception [Unable to compile class for JSP: 

An error occurred at line: [20] in the jsp file: [/billingInfo.jsp]
String literal is not properly closed by a double-quote
17: 
18:     String user = "root";
19:     String pass = "Ken30526296@";
20:     String query = "SELECT b.BookingNumber, b.price  + COALESCE(s.sum_price, 0) AS 'TotalPrice', b.price AS 'RoomPrice', COALESCE(s.sum_price, 0) AS 'ServicePrice'
21:     FROM Project.Billing b
22:     LEFT JOIN (
23:         SELECT BookingNumber, SUM(PRICE) AS 'sum_price'


Stacktrace:] with root cause
	org.apache.jasper.JasperException: Unable to compile class for JSP: 

An error occurred at line: [20] in the jsp file: [/billingInfo.jsp]
String literal is not properly closed by a double-quote
17: 
18:     String user = "root";
19:     String pass = "Ken30526296@";
20:     String query = "SELECT b.BookingNumber, b.price  + COALESCE(s.sum_price, 0) AS 'TotalPrice', b.price AS 'RoomPrice', COALESCE(s.sum_price, 0) AS 'ServicePrice'
21:     FROM Project.Billing b
22:     LEFT JOIN (
23:         SELECT BookingNumber, SUM(PRICE) AS 'sum_price'


Stacktrace:
		at org.apache.jasper.compiler.DefaultErrorHandler.javacError(DefaultErrorHandler.java:102)
		at org.apache.jasper.compiler.ErrorDispatcher.javacError(ErrorDispatcher.java:213)
		at org.apache.jasper.compiler.JDTCompiler.generateClass(JDTCompiler.java:600)
		at org.apache.jasper.compiler.Compiler.compile(Compiler.java:381)
		at org.apache.jasper.compiler.Compiler.compile(Compiler.java:351)
		at org.apache.jasper.compiler.Compiler.compile(Compiler.java:335)
		at org.apache.jasper.JspCompilationContext.compile(JspCompilationContext.java:597)
		at org.apache.jasper.servlet.JspServletWrapper.service(JspServletWrapper.java:398)
		at org.apache.jasper.servlet.JspServlet.serviceJspFile(JspServlet.java:383)
		at org.apache.jasper.servlet.JspServlet.service(JspServlet.java:331)
		at javax.servlet.http.HttpServlet.service(HttpServlet.java:583)
		at org.apache.catalina.core.ApplicationFilterChain.internalDoFilter(ApplicationFilterChain.java:212)
		at org.apache.catalina.core.ApplicationFilterChain.doFilter(ApplicationFilterChain.java:156)
		at org.apache.tomcat.websocket.server.WsFilter.doFilter(WsFilter.java:51)
		at org.apache.catalina.core.ApplicationFilterChain.internalDoFilter(ApplicationFilterChain.java:181)
		at org.apache.catalina.core.ApplicationFilterChain.doFilter(ApplicationFilterChain.java:156)
		at org.apache.catalina.core.StandardWrapperValve.invoke(StandardWrapperValve.java:168)
		at org.apache.catalina.core.StandardContextValve.invoke(StandardContextValve.java:90)
		at org.apache.catalina.authenticator.AuthenticatorBase.invoke(AuthenticatorBase.java:483)
		at org.apache.catalina.core.StandardHostValve.invoke(StandardHostValve.java:130)
		at org.apache.catalina.valves.ErrorReportValve.invoke(ErrorReportValve.java:93)
		at org.apache.catalina.valves.AbstractAccessLogValve.invoke(AbstractAccessLogValve.java:679)
		at org.apache.catalina.core.StandardEngineValve.invoke(StandardEngineValve.java:74)
		at org.apache.catalina.connector.CoyoteAdapter.service(CoyoteAdapter.java:343)
		at org.apache.coyote.http11.Http11Processor.service(Http11Processor.java:617)
		at org.apache.coyote.AbstractProcessorLight.process(AbstractProcessorLight.java:63)
		at org.apache.coyote.AbstractProtocol$ConnectionHandler.process(AbstractProtocol.java:932)
		at org.apache.tomcat.util.net.NioEndpoint$SocketProcessor.doRun(NioEndpoint.java:1694)
		at org.apache.tomcat.util.net.SocketProcessorBase.run(SocketProcessorBase.java:52)
		at org.apache.tomcat.util.threads.ThreadPoolExecutor.runWorker(ThreadPoolExecutor.java:1191)
		at org.apache.tomcat.util.threads.ThreadPoolExecutor$Worker.run(ThreadPoolExecutor.java:659)
		at org.apache.tomcat.util.threads.TaskThread$WrappingRunnable.run(TaskThread.java:61)
		at java.base/java.lang.Thread.run(Thread.java:1583)
04-Nov-2023 11:36:06.594 SEVERE [http-nio-8080-exec-1] org.apache.catalina.core.StandardWrapperValve.invoke Servlet.service() for servlet [jsp] in context with path [] threw exception [Unable to compile class for JSP: 

An error occurred at line: [20] in the jsp file: [/billingInfo.jsp]
String literal is not properly closed by a double-quote
17: 
18:     String user = "root";
19:     String pass = "Ken30526296@";
20:     String query = "SELECT b.BookingNumber, b.price  + COALESCE(s.sum_price, 0) AS 'TotalPrice', b.price AS 'RoomPrice', COALESCE(s.sum_price, 0) AS 'ServicePrice'
21:     FROM Project.Billing b
22:     LEFT JOIN (
23:         SELECT BookingNumber, SUM(PRICE) AS 'sum_price'


Stacktrace:] with root cause
	org.apache.jasper.JasperException: Unable to compile class for JSP: 

An error occurred at line: [20] in the jsp file: [/billingInfo.jsp]
String literal is not properly closed by a double-quote
17: 
18:     String user = "root";
19:     String pass = "Ken30526296@";
20:     String query = "SELECT b.BookingNumber, b.price  + COALESCE(s.sum_price, 0) AS 'TotalPrice', b.price AS 'RoomPrice', COALESCE(s.sum_price, 0) AS 'ServicePrice'
21:     FROM Project.Billing b
22:     LEFT JOIN (
23:         SELECT BookingNumber, SUM(PRICE) AS 'sum_price'


Stacktrace:
		at org.apache.jasper.compiler.DefaultErrorHandler.javacError(DefaultErrorHandler.java:102)
		at org.apache.jasper.compiler.ErrorDispatcher.javacError(ErrorDispatcher.java:213)
		at org.apache.jasper.compiler.JDTCompiler.generateClass(JDTCompiler.java:600)
		at org.apache.jasper.compiler.Compiler.compile(Compiler.java:381)
		at org.apache.jasper.compiler.Compiler.compile(Compiler.java:351)
		at org.apache.jasper.compiler.Compiler.compile(Compiler.java:335)
		at org.apache.jasper.JspCompilationContext.compile(JspCompilationContext.java:597)
		at org.apache.jasper.servlet.JspServletWrapper.service(JspServletWrapper.java:398)
		at org.apache.jasper.servlet.JspServlet.serviceJspFile(JspServlet.java:383)
		at org.apache.jasper.servlet.JspServlet.service(JspServlet.java:331)
		at javax.servlet.http.HttpServlet.service(HttpServlet.java:583)
		at org.apache.catalina.core.ApplicationFilterChain.internalDoFilter(ApplicationFilterChain.java:212)
		at org.apache.catalina.core.ApplicationFilterChain.doFilter(ApplicationFilterChain.java:156)
		at org.apache.tomcat.websocket.server.WsFilter.doFilter(WsFilter.java:51)
		at org.apache.catalina.core.ApplicationFilterChain.internalDoFilter(ApplicationFilterChain.java:181)
		at org.apache.catalina.core.ApplicationFilterChain.doFilter(ApplicationFilterChain.java:156)
		at org.apache.catalina.core.StandardWrapperValve.invoke(StandardWrapperValve.java:168)
		at org.apache.catalina.core.StandardContextValve.invoke(StandardContextValve.java:90)
		at org.apache.catalina.authenticator.AuthenticatorBase.invoke(AuthenticatorBase.java:483)
		at org.apache.catalina.core.StandardHostValve.invoke(StandardHostValve.java:130)
		at org.apache.catalina.valves.ErrorReportValve.invoke(ErrorReportValve.java:93)
		at org.apache.catalina.valves.AbstractAccessLogValve.invoke(AbstractAccessLogValve.java:679)
		at org.apache.catalina.core.StandardEngineValve.invoke(StandardEngineValve.java:74)
		at org.apache.catalina.connector.CoyoteAdapter.service(CoyoteAdapter.java:343)
		at org.apache.coyote.http11.Http11Processor.service(Http11Processor.java:617)
		at org.apache.coyote.AbstractProcessorLight.process(AbstractProcessorLight.java:63)
		at org.apache.coyote.AbstractProtocol$ConnectionHandler.process(AbstractProtocol.java:932)
		at org.apache.tomcat.util.net.NioEndpoint$SocketProcessor.doRun(NioEndpoint.java:1694)
		at org.apache.tomcat.util.net.SocketProcessorBase.run(SocketProcessorBase.java:52)
		at org.apache.tomcat.util.threads.ThreadPoolExecutor.runWorker(ThreadPoolExecutor.java:1191)
		at org.apache.tomcat.util.threads.ThreadPoolExecutor$Worker.run(ThreadPoolExecutor.java:659)
		at org.apache.tomcat.util.threads.TaskThread$WrappingRunnable.run(TaskThread.java:61)
		at java.base/java.lang.Thread.run(Thread.java:1583)
04-Nov-2023 11:36:44.946 SEVERE [http-nio-8080-exec-8] org.apache.catalina.core.StandardWrapperValve.invoke Servlet.service() for servlet [jsp] in context with path [] threw exception [Unable to compile class for JSP: 

An error occurred at line: [20] in the jsp file: [/billingInfo.jsp]
String literal is not properly closed by a double-quote
17: 
18:     String user = "root";
19:     String pass = "Ken30526296@";
20:     String query = "SELECT b.BookingNumber, b.price  + COALESCE(s.sum_price, 0) AS 'TotalPrice', b.price AS 'RoomPrice', COALESCE(s.sum_price, 0) AS 'ServicePrice'
21:     FROM Project.Billing b
22:     LEFT JOIN (
23:         SELECT BookingNumber, SUM(PRICE) AS 'sum_price'


Stacktrace:] with root cause
	org.apache.jasper.JasperException: Unable to compile class for JSP: 

An error occurred at line: [20] in the jsp file: [/billingInfo.jsp]
String literal is not properly closed by a double-quote
17: 
18:     String user = "root";
19:     String pass = "Ken30526296@";
20:     String query = "SELECT b.BookingNumber, b.price  + COALESCE(s.sum_price, 0) AS 'TotalPrice', b.price AS 'RoomPrice', COALESCE(s.sum_price, 0) AS 'ServicePrice'
21:     FROM Project.Billing b
22:     LEFT JOIN (
23:         SELECT BookingNumber, SUM(PRICE) AS 'sum_price'


Stacktrace:
		at org.apache.jasper.compiler.DefaultErrorHandler.javacError(DefaultErrorHandler.java:102)
		at org.apache.jasper.compiler.ErrorDispatcher.javacError(ErrorDispatcher.java:213)
		at org.apache.jasper.compiler.JDTCompiler.generateClass(JDTCompiler.java:600)
		at org.apache.jasper.compiler.Compiler.compile(Compiler.java:381)
		at org.apache.jasper.compiler.Compiler.compile(Compiler.java:351)
		at org.apache.jasper.compiler.Compiler.compile(Compiler.java:335)
		at org.apache.jasper.JspCompilationContext.compile(JspCompilationContext.java:597)
		at org.apache.jasper.servlet.JspServletWrapper.service(JspServletWrapper.java:398)
		at org.apache.jasper.servlet.JspServlet.serviceJspFile(JspServlet.java:383)
		at org.apache.jasper.servlet.JspServlet.service(JspServlet.java:331)
		at javax.servlet.http.HttpServlet.service(HttpServlet.java:583)
		at org.apache.catalina.core.ApplicationFilterChain.internalDoFilter(ApplicationFilterChain.java:212)
		at org.apache.catalina.core.ApplicationFilterChain.doFilter(ApplicationFilterChain.java:156)
		at org.apache.tomcat.websocket.server.WsFilter.doFilter(WsFilter.java:51)
		at org.apache.catalina.core.ApplicationFilterChain.internalDoFilter(ApplicationFilterChain.java:181)
		at org.apache.catalina.core.ApplicationFilterChain.doFilter(ApplicationFilterChain.java:156)
		at org.apache.catalina.core.StandardWrapperValve.invoke(StandardWrapperValve.java:168)
		at org.apache.catalina.core.StandardContextValve.invoke(StandardContextValve.java:90)
		at org.apache.catalina.authenticator.AuthenticatorBase.invoke(AuthenticatorBase.java:483)
		at org.apache.catalina.core.StandardHostValve.invoke(StandardHostValve.java:130)
		at org.apache.catalina.valves.ErrorReportValve.invoke(ErrorReportValve.java:93)
		at org.apache.catalina.valves.AbstractAccessLogValve.invoke(AbstractAccessLogValve.java:679)
		at org.apache.catalina.core.StandardEngineValve.invoke(StandardEngineValve.java:74)
		at org.apache.catalina.connector.CoyoteAdapter.service(CoyoteAdapter.java:343)
		at org.apache.coyote.http11.Http11Processor.service(Http11Processor.java:617)
		at org.apache.coyote.AbstractProcessorLight.process(AbstractProcessorLight.java:63)
		at org.apache.coyote.AbstractProtocol$ConnectionHandler.process(AbstractProtocol.java:932)
		at org.apache.tomcat.util.net.NioEndpoint$SocketProcessor.doRun(NioEndpoint.java:1694)
		at org.apache.tomcat.util.net.SocketProcessorBase.run(SocketProcessorBase.java:52)
		at org.apache.tomcat.util.threads.ThreadPoolExecutor.runWorker(ThreadPoolExecutor.java:1191)
		at org.apache.tomcat.util.threads.ThreadPoolExecutor$Worker.run(ThreadPoolExecutor.java:659)
		at org.apache.tomcat.util.threads.TaskThread$WrappingRunnable.run(TaskThread.java:61)
		at java.base/java.lang.Thread.run(Thread.java:1583)
04-Nov-2023 11:38:55.964 SEVERE [http-nio-8080-exec-12] org.apache.catalina.core.StandardWrapperValve.invoke Servlet.service() for servlet [jsp] in context with path [] threw exception [Unable to compile class for JSP: 

An error occurred at line: [39] in the jsp file: [/billingInfo.jsp]
Syntax error, insert "}" to complete Statement
36:             int rn = Integer.parseInt(reservationNumberInput);
37:             PreparedStatement ps = con.prepareStatement(query);
38:             ps.setInt(1, rn);
39:             ResultSet rs = ps.executeQuery();
40:         else {
41:           query = "SELECT b.BookingNumber, b.price + COALESCE(s.sum_price, 0) AS 'TotalPrice', b.price AS 'RoomPrice', COALESCE(s.sum_price, 0) AS 'ServicePrice' " +
42:           "FROM Project.Billing b " +


An error occurred at line: [62] in the jsp file: [/billingInfo.jsp]
rs cannot be resolved
59:         </tr>
60:       </thead>
61:       <tbody>
62:         <% while(rs.next()) { %>
63:         <tr>
64:           <td><%= rs.getInt("BookingNumber") %></td>
65:           <td><%= rs.getInt("TotalPrice") %></td>


An error occurred at line: [64] in the jsp file: [/billingInfo.jsp]
rs cannot be resolved
61:       <tbody>
62:         <% while(rs.next()) { %>
63:         <tr>
64:           <td><%= rs.getInt("BookingNumber") %></td>
65:           <td><%= rs.getInt("TotalPrice") %></td>
66:           <td><%= rs.getInt("RoomPrice") %></td>
67:           <td><%= rs.getInt("ServicePrice") %></td>


An error occurred at line: [65] in the jsp file: [/billingInfo.jsp]
rs cannot be resolved
62:         <% while(rs.next()) { %>
63:         <tr>
64:           <td><%= rs.getInt("BookingNumber") %></td>
65:           <td><%= rs.getInt("TotalPrice") %></td>
66:           <td><%= rs.getInt("RoomPrice") %></td>
67:           <td><%= rs.getInt("ServicePrice") %></td>
68:         </tr>


An error occurred at line: [66] in the jsp file: [/billingInfo.jsp]
rs cannot be resolved
63:         <tr>
64:           <td><%= rs.getInt("BookingNumber") %></td>
65:           <td><%= rs.getInt("TotalPrice") %></td>
66:           <td><%= rs.getInt("RoomPrice") %></td>
67:           <td><%= rs.getInt("ServicePrice") %></td>
68:         </tr>
69:         <% } %>


An error occurred at line: [67] in the jsp file: [/billingInfo.jsp]
rs cannot be resolved
64:           <td><%= rs.getInt("BookingNumber") %></td>
65:           <td><%= rs.getInt("TotalPrice") %></td>
66:           <td><%= rs.getInt("RoomPrice") %></td>
67:           <td><%= rs.getInt("ServicePrice") %></td>
68:         </tr>
69:         <% } %>
70:       </tbody>


An error occurred at line: [73] in the jsp file: [/billingInfo.jsp]
rs cannot be resolved
70:       </tbody>
71:     </table>
72:     <%
73:             rs.close();
74:             ps.close();
75:         }
76:         con.close();


An error occurred at line: [74] in the jsp file: [/billingInfo.jsp]
ps cannot be resolved
71:     </table>
72:     <%
73:             rs.close();
74:             ps.close();
75:         }
76:         con.close();
77:     } catch (SQLException | ClassNotFoundException e) {


An error occurred at line: [75] in the jsp file: [/billingInfo.jsp]
Syntax error, insert "Finally" to complete TryStatement
72:     <%
73:             rs.close();
74:             ps.close();
75:         }
76:         con.close();
77:     } catch (SQLException | ClassNotFoundException e) {
78:         out.println("Exception caught: " + e.getMessage());


An error occurred at line: [76] in the jsp file: [/billingInfo.jsp]
con cannot be resolved
73:             rs.close();
74:             ps.close();
75:         }
76:         con.close();
77:     } catch (SQLException | ClassNotFoundException e) {
78:         out.println("Exception caught: " + e.getMessage());
79:     }


An error occurred at line: [209] in the generated java file: [/Users/kimhyunkyunkim/Desktop/fall2023/CS157a/finalProjectCode/apache-tomcat-8.5.93/work/Catalina/localhost/ROOT/org/apache/jsp/billingInfo_jsp.java]
Syntax error on tokens, delete these tokens

An error occurred at line: [209] in the generated java file: [/Users/kimhyunkyunkim/Desktop/fall2023/CS157a/finalProjectCode/apache-tomcat-8.5.93/work/Catalina/localhost/ROOT/org/apache/jsp/billingInfo_jsp.java]
Syntax error on token(s), misplaced construct(s)

An error occurred at line: [209] in the generated java file: [/Users/kimhyunkyunkim/Desktop/fall2023/CS157a/finalProjectCode/apache-tomcat-8.5.93/work/Catalina/localhost/ROOT/org/apache/jsp/billingInfo_jsp.java]
t cannot be resolved to a variable

An error occurred at line: [209] in the generated java file: [/Users/kimhyunkyunkim/Desktop/fall2023/CS157a/finalProjectCode/apache-tomcat-8.5.93/work/Catalina/localhost/ROOT/org/apache/jsp/billingInfo_jsp.java]
Syntax error, insert "AssignmentOperator Expression" to complete Assignment

An error occurred at line: [209] in the generated java file: [/Users/kimhyunkyunkim/Desktop/fall2023/CS157a/finalProjectCode/apache-tomcat-8.5.93/work/Catalina/localhost/ROOT/org/apache/jsp/billingInfo_jsp.java]
Syntax error, insert ";" to complete Statement

An error occurred at line: [210] in the generated java file: [/Users/kimhyunkyunkim/Desktop/fall2023/CS157a/finalProjectCode/apache-tomcat-8.5.93/work/Catalina/localhost/ROOT/org/apache/jsp/billingInfo_jsp.java]
t cannot be resolved to a variable

An error occurred at line: [220] in the generated java file: [/Users/kimhyunkyunkim/Desktop/fall2023/CS157a/finalProjectCode/apache-tomcat-8.5.93/work/Catalina/localhost/ROOT/org/apache/jsp/billingInfo_jsp.java]
t cannot be resolved to a variable

An error occurred at line: [221] in the generated java file: [/Users/kimhyunkyunkim/Desktop/fall2023/CS157a/finalProjectCode/apache-tomcat-8.5.93/work/Catalina/localhost/ROOT/org/apache/jsp/billingInfo_jsp.java]
t cannot be resolved to a variable

An error occurred at line: [223] in the generated java file: [/Users/kimhyunkyunkim/Desktop/fall2023/CS157a/finalProjectCode/apache-tomcat-8.5.93/work/Catalina/localhost/ROOT/org/apache/jsp/billingInfo_jsp.java]
Syntax error on token "finally", delete this token

Stacktrace:] with root cause
	org.apache.jasper.JasperException: Unable to compile class for JSP: 

An error occurred at line: [39] in the jsp file: [/billingInfo.jsp]
Syntax error, insert "}" to complete Statement
36:             int rn = Integer.parseInt(reservationNumberInput);
37:             PreparedStatement ps = con.prepareStatement(query);
38:             ps.setInt(1, rn);
39:             ResultSet rs = ps.executeQuery();
40:         else {
41:           query = "SELECT b.BookingNumber, b.price + COALESCE(s.sum_price, 0) AS 'TotalPrice', b.price AS 'RoomPrice', COALESCE(s.sum_price, 0) AS 'ServicePrice' " +
42:           "FROM Project.Billing b " +


An error occurred at line: [62] in the jsp file: [/billingInfo.jsp]
rs cannot be resolved
59:         </tr>
60:       </thead>
61:       <tbody>
62:         <% while(rs.next()) { %>
63:         <tr>
64:           <td><%= rs.getInt("BookingNumber") %></td>
65:           <td><%= rs.getInt("TotalPrice") %></td>


An error occurred at line: [64] in the jsp file: [/billingInfo.jsp]
rs cannot be resolved
61:       <tbody>
62:         <% while(rs.next()) { %>
63:         <tr>
64:           <td><%= rs.getInt("BookingNumber") %></td>
65:           <td><%= rs.getInt("TotalPrice") %></td>
66:           <td><%= rs.getInt("RoomPrice") %></td>
67:           <td><%= rs.getInt("ServicePrice") %></td>


An error occurred at line: [65] in the jsp file: [/billingInfo.jsp]
rs cannot be resolved
62:         <% while(rs.next()) { %>
63:         <tr>
64:           <td><%= rs.getInt("BookingNumber") %></td>
65:           <td><%= rs.getInt("TotalPrice") %></td>
66:           <td><%= rs.getInt("RoomPrice") %></td>
67:           <td><%= rs.getInt("ServicePrice") %></td>
68:         </tr>


An error occurred at line: [66] in the jsp file: [/billingInfo.jsp]
rs cannot be resolved
63:         <tr>
64:           <td><%= rs.getInt("BookingNumber") %></td>
65:           <td><%= rs.getInt("TotalPrice") %></td>
66:           <td><%= rs.getInt("RoomPrice") %></td>
67:           <td><%= rs.getInt("ServicePrice") %></td>
68:         </tr>
69:         <% } %>


An error occurred at line: [67] in the jsp file: [/billingInfo.jsp]
rs cannot be resolved
64:           <td><%= rs.getInt("BookingNumber") %></td>
65:           <td><%= rs.getInt("TotalPrice") %></td>
66:           <td><%= rs.getInt("RoomPrice") %></td>
67:           <td><%= rs.getInt("ServicePrice") %></td>
68:         </tr>
69:         <% } %>
70:       </tbody>


An error occurred at line: [73] in the jsp file: [/billingInfo.jsp]
rs cannot be resolved
70:       </tbody>
71:     </table>
72:     <%
73:             rs.close();
74:             ps.close();
75:         }
76:         con.close();


An error occurred at line: [74] in the jsp file: [/billingInfo.jsp]
ps cannot be resolved
71:     </table>
72:     <%
73:             rs.close();
74:             ps.close();
75:         }
76:         con.close();
77:     } catch (SQLException | ClassNotFoundException e) {


An error occurred at line: [75] in the jsp file: [/billingInfo.jsp]
Syntax error, insert "Finally" to complete TryStatement
72:     <%
73:             rs.close();
74:             ps.close();
75:         }
76:         con.close();
77:     } catch (SQLException | ClassNotFoundException e) {
78:         out.println("Exception caught: " + e.getMessage());


An error occurred at line: [76] in the jsp file: [/billingInfo.jsp]
con cannot be resolved
73:             rs.close();
74:             ps.close();
75:         }
76:         con.close();
77:     } catch (SQLException | ClassNotFoundException e) {
78:         out.println("Exception caught: " + e.getMessage());
79:     }


An error occurred at line: [209] in the generated java file: [/Users/kimhyunkyunkim/Desktop/fall2023/CS157a/finalProjectCode/apache-tomcat-8.5.93/work/Catalina/localhost/ROOT/org/apache/jsp/billingInfo_jsp.java]
Syntax error on tokens, delete these tokens

An error occurred at line: [209] in the generated java file: [/Users/kimhyunkyunkim/Desktop/fall2023/CS157a/finalProjectCode/apache-tomcat-8.5.93/work/Catalina/localhost/ROOT/org/apache/jsp/billingInfo_jsp.java]
Syntax error on token(s), misplaced construct(s)

An error occurred at line: [209] in the generated java file: [/Users/kimhyunkyunkim/Desktop/fall2023/CS157a/finalProjectCode/apache-tomcat-8.5.93/work/Catalina/localhost/ROOT/org/apache/jsp/billingInfo_jsp.java]
t cannot be resolved to a variable

An error occurred at line: [209] in the generated java file: [/Users/kimhyunkyunkim/Desktop/fall2023/CS157a/finalProjectCode/apache-tomcat-8.5.93/work/Catalina/localhost/ROOT/org/apache/jsp/billingInfo_jsp.java]
Syntax error, insert "AssignmentOperator Expression" to complete Assignment

An error occurred at line: [209] in the generated java file: [/Users/kimhyunkyunkim/Desktop/fall2023/CS157a/finalProjectCode/apache-tomcat-8.5.93/work/Catalina/localhost/ROOT/org/apache/jsp/billingInfo_jsp.java]
Syntax error, insert ";" to complete Statement

An error occurred at line: [210] in the generated java file: [/Users/kimhyunkyunkim/Desktop/fall2023/CS157a/finalProjectCode/apache-tomcat-8.5.93/work/Catalina/localhost/ROOT/org/apache/jsp/billingInfo_jsp.java]
t cannot be resolved to a variable

An error occurred at line: [220] in the generated java file: [/Users/kimhyunkyunkim/Desktop/fall2023/CS157a/finalProjectCode/apache-tomcat-8.5.93/work/Catalina/localhost/ROOT/org/apache/jsp/billingInfo_jsp.java]
t cannot be resolved to a variable

An error occurred at line: [221] in the generated java file: [/Users/kimhyunkyunkim/Desktop/fall2023/CS157a/finalProjectCode/apache-tomcat-8.5.93/work/Catalina/localhost/ROOT/org/apache/jsp/billingInfo_jsp.java]
t cannot be resolved to a variable

An error occurred at line: [223] in the generated java file: [/Users/kimhyunkyunkim/Desktop/fall2023/CS157a/finalProjectCode/apache-tomcat-8.5.93/work/Catalina/localhost/ROOT/org/apache/jsp/billingInfo_jsp.java]
Syntax error on token "finally", delete this token

Stacktrace:
		at org.apache.jasper.compiler.DefaultErrorHandler.javacError(DefaultErrorHandler.java:102)
		at org.apache.jasper.compiler.ErrorDispatcher.javacError(ErrorDispatcher.java:213)
		at org.apache.jasper.compiler.JDTCompiler.generateClass(JDTCompiler.java:600)
		at org.apache.jasper.compiler.Compiler.compile(Compiler.java:381)
		at org.apache.jasper.compiler.Compiler.compile(Compiler.java:351)
		at org.apache.jasper.compiler.Compiler.compile(Compiler.java:335)
		at org.apache.jasper.JspCompilationContext.compile(JspCompilationContext.java:597)
		at org.apache.jasper.servlet.JspServletWrapper.service(JspServletWrapper.java:398)
		at org.apache.jasper.servlet.JspServlet.serviceJspFile(JspServlet.java:383)
		at org.apache.jasper.servlet.JspServlet.service(JspServlet.java:331)
		at javax.servlet.http.HttpServlet.service(HttpServlet.java:583)
		at org.apache.catalina.core.ApplicationFilterChain.internalDoFilter(ApplicationFilterChain.java:212)
		at org.apache.catalina.core.ApplicationFilterChain.doFilter(ApplicationFilterChain.java:156)
		at org.apache.tomcat.websocket.server.WsFilter.doFilter(WsFilter.java:51)
		at org.apache.catalina.core.ApplicationFilterChain.internalDoFilter(ApplicationFilterChain.java:181)
		at org.apache.catalina.core.ApplicationFilterChain.doFilter(ApplicationFilterChain.java:156)
		at org.apache.catalina.core.StandardWrapperValve.invoke(StandardWrapperValve.java:168)
		at org.apache.catalina.core.StandardContextValve.invoke(StandardContextValve.java:90)
		at org.apache.catalina.authenticator.AuthenticatorBase.invoke(AuthenticatorBase.java:483)
		at org.apache.catalina.core.StandardHostValve.invoke(StandardHostValve.java:130)
		at org.apache.catalina.valves.ErrorReportValve.invoke(ErrorReportValve.java:93)
		at org.apache.catalina.valves.AbstractAccessLogValve.invoke(AbstractAccessLogValve.java:679)
		at org.apache.catalina.core.StandardEngineValve.invoke(StandardEngineValve.java:74)
		at org.apache.catalina.connector.CoyoteAdapter.service(CoyoteAdapter.java:343)
		at org.apache.coyote.http11.Http11Processor.service(Http11Processor.java:617)
		at org.apache.coyote.AbstractProcessorLight.process(AbstractProcessorLight.java:63)
		at org.apache.coyote.AbstractProtocol$ConnectionHandler.process(AbstractProtocol.java:932)
		at org.apache.tomcat.util.net.NioEndpoint$SocketProcessor.doRun(NioEndpoint.java:1694)
		at org.apache.tomcat.util.net.SocketProcessorBase.run(SocketProcessorBase.java:52)
		at org.apache.tomcat.util.threads.ThreadPoolExecutor.runWorker(ThreadPoolExecutor.java:1191)
		at org.apache.tomcat.util.threads.ThreadPoolExecutor$Worker.run(ThreadPoolExecutor.java:659)
		at org.apache.tomcat.util.threads.TaskThread$WrappingRunnable.run(TaskThread.java:61)
		at java.base/java.lang.Thread.run(Thread.java:1583)
04-Nov-2023 11:44:43.961 SEVERE [http-nio-8080-exec-6] org.apache.catalina.core.StandardWrapperValve.invoke Servlet.service() for servlet [jsp] in context with path [] threw exception [Unable to compile class for JSP: 

An error occurred at line: [48] in the jsp file: [/billingInfo.jsp]
ps cannot be resolved
45:             PreparedStatement ps = con.prepareStatement(query);
46:             ps.setInt(1, rn);
47:         }
48:             ResultSet rs = ps.executeQuery();
49:     %>
50:     <table border="1">
51:       <thead>


An error occurred at line: [72] in the jsp file: [/billingInfo.jsp]
ps cannot be resolved
69:     </table>
70:     <%
71:         rs.close();
72:         ps.close();
73:         con.close();
74:     } catch (SQLException | ClassNotFoundException e) {
75:         out.println("Exception caught: " + e.getMessage());


Stacktrace:] with root cause
	org.apache.jasper.JasperException: Unable to compile class for JSP: 

An error occurred at line: [48] in the jsp file: [/billingInfo.jsp]
ps cannot be resolved
45:             PreparedStatement ps = con.prepareStatement(query);
46:             ps.setInt(1, rn);
47:         }
48:             ResultSet rs = ps.executeQuery();
49:     %>
50:     <table border="1">
51:       <thead>


An error occurred at line: [72] in the jsp file: [/billingInfo.jsp]
ps cannot be resolved
69:     </table>
70:     <%
71:         rs.close();
72:         ps.close();
73:         con.close();
74:     } catch (SQLException | ClassNotFoundException e) {
75:         out.println("Exception caught: " + e.getMessage());


Stacktrace:
		at org.apache.jasper.compiler.DefaultErrorHandler.javacError(DefaultErrorHandler.java:102)
		at org.apache.jasper.compiler.ErrorDispatcher.javacError(ErrorDispatcher.java:213)
		at org.apache.jasper.compiler.JDTCompiler.generateClass(JDTCompiler.java:600)
		at org.apache.jasper.compiler.Compiler.compile(Compiler.java:381)
		at org.apache.jasper.compiler.Compiler.compile(Compiler.java:351)
		at org.apache.jasper.compiler.Compiler.compile(Compiler.java:335)
		at org.apache.jasper.JspCompilationContext.compile(JspCompilationContext.java:597)
		at org.apache.jasper.servlet.JspServletWrapper.service(JspServletWrapper.java:398)
		at org.apache.jasper.servlet.JspServlet.serviceJspFile(JspServlet.java:383)
		at org.apache.jasper.servlet.JspServlet.service(JspServlet.java:331)
		at javax.servlet.http.HttpServlet.service(HttpServlet.java:583)
		at org.apache.catalina.core.ApplicationFilterChain.internalDoFilter(ApplicationFilterChain.java:212)
		at org.apache.catalina.core.ApplicationFilterChain.doFilter(ApplicationFilterChain.java:156)
		at org.apache.tomcat.websocket.server.WsFilter.doFilter(WsFilter.java:51)
		at org.apache.catalina.core.ApplicationFilterChain.internalDoFilter(ApplicationFilterChain.java:181)
		at org.apache.catalina.core.ApplicationFilterChain.doFilter(ApplicationFilterChain.java:156)
		at org.apache.catalina.core.StandardWrapperValve.invoke(StandardWrapperValve.java:168)
		at org.apache.catalina.core.StandardContextValve.invoke(StandardContextValve.java:90)
		at org.apache.catalina.authenticator.AuthenticatorBase.invoke(AuthenticatorBase.java:483)
		at org.apache.catalina.core.StandardHostValve.invoke(StandardHostValve.java:130)
		at org.apache.catalina.valves.ErrorReportValve.invoke(ErrorReportValve.java:93)
		at org.apache.catalina.valves.AbstractAccessLogValve.invoke(AbstractAccessLogValve.java:679)
		at org.apache.catalina.core.StandardEngineValve.invoke(StandardEngineValve.java:74)
		at org.apache.catalina.connector.CoyoteAdapter.service(CoyoteAdapter.java:343)
		at org.apache.coyote.http11.Http11Processor.service(Http11Processor.java:617)
		at org.apache.coyote.AbstractProcessorLight.process(AbstractProcessorLight.java:63)
		at org.apache.coyote.AbstractProtocol$ConnectionHandler.process(AbstractProtocol.java:932)
		at org.apache.tomcat.util.net.NioEndpoint$SocketProcessor.doRun(NioEndpoint.java:1694)
		at org.apache.tomcat.util.net.SocketProcessorBase.run(SocketProcessorBase.java:52)
		at org.apache.tomcat.util.threads.ThreadPoolExecutor.runWorker(ThreadPoolExecutor.java:1191)
		at org.apache.tomcat.util.threads.ThreadPoolExecutor$Worker.run(ThreadPoolExecutor.java:659)
		at org.apache.tomcat.util.threads.TaskThread$WrappingRunnable.run(TaskThread.java:61)
		at java.base/java.lang.Thread.run(Thread.java:1583)
