29-Nov-2023 17:05:19.784 SEVERE [http-nio-8080-exec-15] org.apache.catalina.core.StandardWrapperValve.invoke Servlet.service() for servlet [jsp] in context with path [] threw exception [Unable to compile class for JSP: 

An error occurred at line: [138] in the jsp file: [/makeReservation.jsp]
Syntax error on tokens, delete these tokens
135:                     preparedStatement.executeUpdate();
136: 
137:                     con.close();
138:                     out.println("New Reservation is successfully saved".<br/><br/>");
139:                 } catch (Exception e) {
140:                     out.println("Exception caught: " + e.getMessage());
141:                 } finally {


An error occurred at line: [138] in the jsp file: [/makeReservation.jsp]
Syntax error on token(s), misplaced construct(s)
135:                     preparedStatement.executeUpdate();
136: 
137:                     con.close();
138:                     out.println("New Reservation is successfully saved".<br/><br/>");
139:                 } catch (Exception e) {
140:                     out.println("Exception caught: " + e.getMessage());
141:                 } finally {


An error occurred at line: [138] in the jsp file: [/makeReservation.jsp]
Syntax error on token ">", invalid Expression
135:                     preparedStatement.executeUpdate();
136: 
137:                     con.close();
138:                     out.println("New Reservation is successfully saved".<br/><br/>");
139:                 } catch (Exception e) {
140:                     out.println("Exception caught: " + e.getMessage());
141:                 } finally {


An error occurred at line: [138] in the jsp file: [/makeReservation.jsp]
String literal is not properly closed by a double-quote
135:                     preparedStatement.executeUpdate();
136: 
137:                     con.close();
138:                     out.println("New Reservation is successfully saved".<br/><br/>");
139:                 } catch (Exception e) {
140:                     out.println("Exception caught: " + e.getMessage());
141:                 } finally {


Stacktrace:] with root cause
	org.apache.jasper.JasperException: Unable to compile class for JSP: 

An error occurred at line: [138] in the jsp file: [/makeReservation.jsp]
Syntax error on tokens, delete these tokens
135:                     preparedStatement.executeUpdate();
136: 
137:                     con.close();
138:                     out.println("New Reservation is successfully saved".<br/><br/>");
139:                 } catch (Exception e) {
140:                     out.println("Exception caught: " + e.getMessage());
141:                 } finally {


An error occurred at line: [138] in the jsp file: [/makeReservation.jsp]
Syntax error on token(s), misplaced construct(s)
135:                     preparedStatement.executeUpdate();
136: 
137:                     con.close();
138:                     out.println("New Reservation is successfully saved".<br/><br/>");
139:                 } catch (Exception e) {
140:                     out.println("Exception caught: " + e.getMessage());
141:                 } finally {


An error occurred at line: [138] in the jsp file: [/makeReservation.jsp]
Syntax error on token ">", invalid Expression
135:                     preparedStatement.executeUpdate();
136: 
137:                     con.close();
138:                     out.println("New Reservation is successfully saved".<br/><br/>");
139:                 } catch (Exception e) {
140:                     out.println("Exception caught: " + e.getMessage());
141:                 } finally {


An error occurred at line: [138] in the jsp file: [/makeReservation.jsp]
String literal is not properly closed by a double-quote
135:                     preparedStatement.executeUpdate();
136: 
137:                     con.close();
138:                     out.println("New Reservation is successfully saved".<br/><br/>");
139:                 } catch (Exception e) {
140:                     out.println("Exception caught: " + e.getMessage());
141:                 } finally {


Stacktrace:
		at org.apache.jasper.compiler.DefaultErrorHandler.javacError(DefaultErrorHandler.java:102)
		at org.apache.jasper.compiler.ErrorDispatcher.javacError(ErrorDispatcher.java:213)
		at org.apache.jasper.compiler.JDTCompiler.generateClass(JDTCompiler.java:600)
		at org.apache.jasper.compiler.Compiler.compile(Compiler.java:381)
		at org.apache.jasper.compiler.Compiler.compile(Compiler.java:351)
		at org.apache.jasper.compiler.Compiler.compile(Compiler.java:335)
		at org.apache.jasper.JspCompilationContext.compile(JspCompilationContext.java:597)
		at org.apache.jasper.servlet.JspServletWrapper.service(JspServletWrapper.java:398)
		at org.apache.jasper.servlet.JspServlet.serviceJspFile(JspServlet.java:383)
		at org.apache.jasper.servlet.JspServlet.service(JspServlet.java:331)
		at javax.servlet.http.HttpServlet.service(HttpServlet.java:583)
		at org.apache.catalina.core.ApplicationFilterChain.internalDoFilter(ApplicationFilterChain.java:212)
		at org.apache.catalina.core.ApplicationFilterChain.doFilter(ApplicationFilterChain.java:156)
		at org.apache.tomcat.websocket.server.WsFilter.doFilter(WsFilter.java:51)
		at org.apache.catalina.core.ApplicationFilterChain.internalDoFilter(ApplicationFilterChain.java:181)
		at org.apache.catalina.core.ApplicationFilterChain.doFilter(ApplicationFilterChain.java:156)
		at org.apache.catalina.core.StandardWrapperValve.invoke(StandardWrapperValve.java:168)
		at org.apache.catalina.core.StandardContextValve.invoke(StandardContextValve.java:90)
		at org.apache.catalina.authenticator.AuthenticatorBase.invoke(AuthenticatorBase.java:483)
		at org.apache.catalina.core.StandardHostValve.invoke(StandardHostValve.java:130)
		at org.apache.catalina.valves.ErrorReportValve.invoke(ErrorReportValve.java:93)
		at org.apache.catalina.valves.AbstractAccessLogValve.invoke(AbstractAccessLogValve.java:679)
		at org.apache.catalina.core.StandardEngineValve.invoke(StandardEngineValve.java:74)
		at org.apache.catalina.connector.CoyoteAdapter.service(CoyoteAdapter.java:343)
		at org.apache.coyote.http11.Http11Processor.service(Http11Processor.java:617)
		at org.apache.coyote.AbstractProcessorLight.process(AbstractProcessorLight.java:63)
		at org.apache.coyote.AbstractProtocol$ConnectionHandler.process(AbstractProtocol.java:932)
		at org.apache.tomcat.util.net.NioEndpoint$SocketProcessor.doRun(NioEndpoint.java:1694)
		at org.apache.tomcat.util.net.SocketProcessorBase.run(SocketProcessorBase.java:52)
		at org.apache.tomcat.util.threads.ThreadPoolExecutor.runWorker(ThreadPoolExecutor.java:1191)
		at org.apache.tomcat.util.threads.ThreadPoolExecutor$Worker.run(ThreadPoolExecutor.java:659)
		at org.apache.tomcat.util.threads.TaskThread$WrappingRunnable.run(TaskThread.java:61)
		at java.base/java.lang.Thread.run(Thread.java:1583)
29-Nov-2023 17:06:02.490 SEVERE [http-nio-8080-exec-2] org.apache.catalina.core.StandardWrapperValve.invoke Servlet.service() for servlet [jsp] in context with path [] threw exception [Unable to compile class for JSP: 

An error occurred at line: [138] in the jsp file: [/makeReservation.jsp]
String literal is not properly closed by a double-quote
135:                     preparedStatement.executeUpdate();
136: 
137:                     con.close();
138:                     out.println("New Reservation is successfully saved".");
139:                 } catch (Exception e) {
140:                     out.println("Exception caught: " + e.getMessage());
141:                 } finally {


Stacktrace:] with root cause
	org.apache.jasper.JasperException: Unable to compile class for JSP: 

An error occurred at line: [138] in the jsp file: [/makeReservation.jsp]
String literal is not properly closed by a double-quote
135:                     preparedStatement.executeUpdate();
136: 
137:                     con.close();
138:                     out.println("New Reservation is successfully saved".");
139:                 } catch (Exception e) {
140:                     out.println("Exception caught: " + e.getMessage());
141:                 } finally {


Stacktrace:
		at org.apache.jasper.compiler.DefaultErrorHandler.javacError(DefaultErrorHandler.java:102)
		at org.apache.jasper.compiler.ErrorDispatcher.javacError(ErrorDispatcher.java:213)
		at org.apache.jasper.compiler.JDTCompiler.generateClass(JDTCompiler.java:600)
		at org.apache.jasper.compiler.Compiler.compile(Compiler.java:381)
		at org.apache.jasper.compiler.Compiler.compile(Compiler.java:351)
		at org.apache.jasper.compiler.Compiler.compile(Compiler.java:335)
		at org.apache.jasper.JspCompilationContext.compile(JspCompilationContext.java:597)
		at org.apache.jasper.servlet.JspServletWrapper.service(JspServletWrapper.java:398)
		at org.apache.jasper.servlet.JspServlet.serviceJspFile(JspServlet.java:383)
		at org.apache.jasper.servlet.JspServlet.service(JspServlet.java:331)
		at javax.servlet.http.HttpServlet.service(HttpServlet.java:583)
		at org.apache.catalina.core.ApplicationFilterChain.internalDoFilter(ApplicationFilterChain.java:212)
		at org.apache.catalina.core.ApplicationFilterChain.doFilter(ApplicationFilterChain.java:156)
		at org.apache.tomcat.websocket.server.WsFilter.doFilter(WsFilter.java:51)
		at org.apache.catalina.core.ApplicationFilterChain.internalDoFilter(ApplicationFilterChain.java:181)
		at org.apache.catalina.core.ApplicationFilterChain.doFilter(ApplicationFilterChain.java:156)
		at org.apache.catalina.core.StandardWrapperValve.invoke(StandardWrapperValve.java:168)
		at org.apache.catalina.core.StandardContextValve.invoke(StandardContextValve.java:90)
		at org.apache.catalina.authenticator.AuthenticatorBase.invoke(AuthenticatorBase.java:483)
		at org.apache.catalina.core.StandardHostValve.invoke(StandardHostValve.java:130)
		at org.apache.catalina.valves.ErrorReportValve.invoke(ErrorReportValve.java:93)
		at org.apache.catalina.valves.AbstractAccessLogValve.invoke(AbstractAccessLogValve.java:679)
		at org.apache.catalina.core.StandardEngineValve.invoke(StandardEngineValve.java:74)
		at org.apache.catalina.connector.CoyoteAdapter.service(CoyoteAdapter.java:343)
		at org.apache.coyote.http11.Http11Processor.service(Http11Processor.java:617)
		at org.apache.coyote.AbstractProcessorLight.process(AbstractProcessorLight.java:63)
		at org.apache.coyote.AbstractProtocol$ConnectionHandler.process(AbstractProtocol.java:932)
		at org.apache.tomcat.util.net.NioEndpoint$SocketProcessor.doRun(NioEndpoint.java:1694)
		at org.apache.tomcat.util.net.SocketProcessorBase.run(SocketProcessorBase.java:52)
		at org.apache.tomcat.util.threads.ThreadPoolExecutor.runWorker(ThreadPoolExecutor.java:1191)
		at org.apache.tomcat.util.threads.ThreadPoolExecutor$Worker.run(ThreadPoolExecutor.java:659)
		at org.apache.tomcat.util.threads.TaskThread$WrappingRunnable.run(TaskThread.java:61)
		at java.base/java.lang.Thread.run(Thread.java:1583)
