04-Dec-2023 18:48:26.504 SEVERE [http-nio-8080-exec-12] org.apache.catalina.core.StandardWrapperValve.invoke Servlet.service() for servlet [jsp] in context with path [] threw exception [Unable to compile class for JSP: 

An error occurred at line: [113] in the jsp file: [/createAccountPage.jsp]
Syntax error, insert ";" to complete LocalVariableDeclarationStatement
110:                 java.sql.Connection con; 
111:                 Class.forName("com.mysql.jdbc.Driver");
112:                 con = DriverManager.getConnection("jdbc:mysql://localhost:3306/Project?autoReconnect=true&useSSL=false",user, password);
113:                 String checkId = "SELECT UserName FROM Employee WHERE UserName = ?"
114:                 PreparedStatement ps = con.prepareStatement(checkId);
115:                 ps.setString(1, userName);
116:                 ResultSet rs = ps.executeQuery();    


An error occurred at line: [118] in the jsp file: [/createAccountPage.jsp]
Syntax error on token(s), misplaced construct(s)
115:                 ps.setString(1, userName);
116:                 ResultSet rs = ps.executeQuery();    
117:                 if(rs.next()) {
118:                     out.println("<h2 class='error-message'>That user name is not available "</h2>");
119:                 }
120:                 else {
121:                     String checkPs = "SELECT Password FROM Employee WHERE Password = ?"


An error occurred at line: [118] in the jsp file: [/createAccountPage.jsp]
Syntax error on token "/", delete this token
115:                 ps.setString(1, userName);
116:                 ResultSet rs = ps.executeQuery();    
117:                 if(rs.next()) {
118:                     out.println("<h2 class='error-message'>That user name is not available "</h2>");
119:                 }
120:                 else {
121:                     String checkPs = "SELECT Password FROM Employee WHERE Password = ?"


An error occurred at line: [118] in the jsp file: [/createAccountPage.jsp]
String literal is not properly closed by a double-quote
115:                 ps.setString(1, userName);
116:                 ResultSet rs = ps.executeQuery();    
117:                 if(rs.next()) {
118:                     out.println("<h2 class='error-message'>That user name is not available "</h2>");
119:                 }
120:                 else {
121:                     String checkPs = "SELECT Password FROM Employee WHERE Password = ?"


An error occurred at line: [120] in the jsp file: [/createAccountPage.jsp]
Syntax error, insert ";" to complete BlockStatements
117:                 if(rs.next()) {
118:                     out.println("<h2 class='error-message'>That user name is not available "</h2>");
119:                 }
120:                 else {
121:                     String checkPs = "SELECT Password FROM Employee WHERE Password = ?"
122:                     PreparedStatement ps1 = con.prepareStatement(checkPs);
123:                     ps1.setString(1, userPassword);


An error occurred at line: [125] in the jsp file: [/createAccountPage.jsp]
Syntax error on token(s), misplaced construct(s)
122:                     PreparedStatement ps1 = con.prepareStatement(checkPs);
123:                     ps1.setString(1, userPassword);
124:                     ResultSet rs1 = ps1.executeQuery();
125:                     if(rs1.next()) {
126:                         out.println("<h2 class='error-message'>That password is not available "</h2>");
127:                     }
128:                     else {


An error occurred at line: [125] in the jsp file: [/createAccountPage.jsp]
Syntax error on token "/", delete this token
122:                     PreparedStatement ps1 = con.prepareStatement(checkPs);
123:                     ps1.setString(1, userPassword);
124:                     ResultSet rs1 = ps1.executeQuery();
125:                     if(rs1.next()) {
126:                         out.println("<h2 class='error-message'>That password is not available "</h2>");
127:                     }
128:                     else {


Stacktrace:] with root cause
	org.apache.jasper.JasperException: Unable to compile class for JSP: 

An error occurred at line: [113] in the jsp file: [/createAccountPage.jsp]
Syntax error, insert ";" to complete LocalVariableDeclarationStatement
110:                 java.sql.Connection con; 
111:                 Class.forName("com.mysql.jdbc.Driver");
112:                 con = DriverManager.getConnection("jdbc:mysql://localhost:3306/Project?autoReconnect=true&useSSL=false",user, password);
113:                 String checkId = "SELECT UserName FROM Employee WHERE UserName = ?"
114:                 PreparedStatement ps = con.prepareStatement(checkId);
115:                 ps.setString(1, userName);
116:                 ResultSet rs = ps.executeQuery();    


An error occurred at line: [118] in the jsp file: [/createAccountPage.jsp]
Syntax error on token(s), misplaced construct(s)
115:                 ps.setString(1, userName);
116:                 ResultSet rs = ps.executeQuery();    
117:                 if(rs.next()) {
118:                     out.println("<h2 class='error-message'>That user name is not available "</h2>");
119:                 }
120:                 else {
121:                     String checkPs = "SELECT Password FROM Employee WHERE Password = ?"


An error occurred at line: [118] in the jsp file: [/createAccountPage.jsp]
Syntax error on token "/", delete this token
115:                 ps.setString(1, userName);
116:                 ResultSet rs = ps.executeQuery();    
117:                 if(rs.next()) {
118:                     out.println("<h2 class='error-message'>That user name is not available "</h2>");
119:                 }
120:                 else {
121:                     String checkPs = "SELECT Password FROM Employee WHERE Password = ?"


An error occurred at line: [118] in the jsp file: [/createAccountPage.jsp]
String literal is not properly closed by a double-quote
115:                 ps.setString(1, userName);
116:                 ResultSet rs = ps.executeQuery();    
117:                 if(rs.next()) {
118:                     out.println("<h2 class='error-message'>That user name is not available "</h2>");
119:                 }
120:                 else {
121:                     String checkPs = "SELECT Password FROM Employee WHERE Password = ?"


An error occurred at line: [120] in the jsp file: [/createAccountPage.jsp]
Syntax error, insert ";" to complete BlockStatements
117:                 if(rs.next()) {
118:                     out.println("<h2 class='error-message'>That user name is not available "</h2>");
119:                 }
120:                 else {
121:                     String checkPs = "SELECT Password FROM Employee WHERE Password = ?"
122:                     PreparedStatement ps1 = con.prepareStatement(checkPs);
123:                     ps1.setString(1, userPassword);


An error occurred at line: [125] in the jsp file: [/createAccountPage.jsp]
Syntax error on token(s), misplaced construct(s)
122:                     PreparedStatement ps1 = con.prepareStatement(checkPs);
123:                     ps1.setString(1, userPassword);
124:                     ResultSet rs1 = ps1.executeQuery();
125:                     if(rs1.next()) {
126:                         out.println("<h2 class='error-message'>That password is not available "</h2>");
127:                     }
128:                     else {


An error occurred at line: [125] in the jsp file: [/createAccountPage.jsp]
Syntax error on token "/", delete this token
122:                     PreparedStatement ps1 = con.prepareStatement(checkPs);
123:                     ps1.setString(1, userPassword);
124:                     ResultSet rs1 = ps1.executeQuery();
125:                     if(rs1.next()) {
126:                         out.println("<h2 class='error-message'>That password is not available "</h2>");
127:                     }
128:                     else {


Stacktrace:
		at org.apache.jasper.compiler.DefaultErrorHandler.javacError(DefaultErrorHandler.java:102)
		at org.apache.jasper.compiler.ErrorDispatcher.javacError(ErrorDispatcher.java:213)
		at org.apache.jasper.compiler.JDTCompiler.generateClass(JDTCompiler.java:600)
		at org.apache.jasper.compiler.Compiler.compile(Compiler.java:381)
		at org.apache.jasper.compiler.Compiler.compile(Compiler.java:351)
		at org.apache.jasper.compiler.Compiler.compile(Compiler.java:335)
		at org.apache.jasper.JspCompilationContext.compile(JspCompilationContext.java:597)
		at org.apache.jasper.servlet.JspServletWrapper.service(JspServletWrapper.java:398)
		at org.apache.jasper.servlet.JspServlet.serviceJspFile(JspServlet.java:383)
		at org.apache.jasper.servlet.JspServlet.service(JspServlet.java:331)
		at javax.servlet.http.HttpServlet.service(HttpServlet.java:583)
		at org.apache.catalina.core.ApplicationFilterChain.internalDoFilter(ApplicationFilterChain.java:212)
		at org.apache.catalina.core.ApplicationFilterChain.doFilter(ApplicationFilterChain.java:156)
		at org.apache.tomcat.websocket.server.WsFilter.doFilter(WsFilter.java:51)
		at org.apache.catalina.core.ApplicationFilterChain.internalDoFilter(ApplicationFilterChain.java:181)
		at org.apache.catalina.core.ApplicationFilterChain.doFilter(ApplicationFilterChain.java:156)
		at org.apache.catalina.core.StandardWrapperValve.invoke(StandardWrapperValve.java:168)
		at org.apache.catalina.core.StandardContextValve.invoke(StandardContextValve.java:90)
		at org.apache.catalina.authenticator.AuthenticatorBase.invoke(AuthenticatorBase.java:483)
		at org.apache.catalina.core.StandardHostValve.invoke(StandardHostValve.java:130)
		at org.apache.catalina.valves.ErrorReportValve.invoke(ErrorReportValve.java:93)
		at org.apache.catalina.valves.AbstractAccessLogValve.invoke(AbstractAccessLogValve.java:679)
		at org.apache.catalina.core.StandardEngineValve.invoke(StandardEngineValve.java:74)
		at org.apache.catalina.connector.CoyoteAdapter.service(CoyoteAdapter.java:343)
		at org.apache.coyote.http11.Http11Processor.service(Http11Processor.java:617)
		at org.apache.coyote.AbstractProcessorLight.process(AbstractProcessorLight.java:63)
		at org.apache.coyote.AbstractProtocol$ConnectionHandler.process(AbstractProtocol.java:932)
		at org.apache.tomcat.util.net.NioEndpoint$SocketProcessor.doRun(NioEndpoint.java:1694)
		at org.apache.tomcat.util.net.SocketProcessorBase.run(SocketProcessorBase.java:52)
		at org.apache.tomcat.util.threads.ThreadPoolExecutor.runWorker(ThreadPoolExecutor.java:1191)
		at org.apache.tomcat.util.threads.ThreadPoolExecutor$Worker.run(ThreadPoolExecutor.java:659)
		at org.apache.tomcat.util.threads.TaskThread$WrappingRunnable.run(TaskThread.java:61)
		at java.base/java.lang.Thread.run(Thread.java:1583)
04-Dec-2023 18:49:22.807 SEVERE [http-nio-8080-exec-9] org.apache.catalina.core.StandardWrapperValve.invoke Servlet.service() for servlet [jsp] in context with path [] threw exception [Unable to compile class for JSP: 

An error occurred at line: [118] in the jsp file: [/createAccountPage.jsp]
Syntax error on token(s), misplaced construct(s)
115:                 ps.setString(1, userName);
116:                 ResultSet rs = ps.executeQuery();    
117:                 if(rs.next()) {
118:                     out.println("<h2 class='error-message'>That user name is not available "</h2>");
119:                 }
120:                 else {
121:                     String checkPs = "SELECT Password FROM Employee WHERE Password = ?";


An error occurred at line: [118] in the jsp file: [/createAccountPage.jsp]
Syntax error on token "/", delete this token
115:                 ps.setString(1, userName);
116:                 ResultSet rs = ps.executeQuery();    
117:                 if(rs.next()) {
118:                     out.println("<h2 class='error-message'>That user name is not available "</h2>");
119:                 }
120:                 else {
121:                     String checkPs = "SELECT Password FROM Employee WHERE Password = ?";


An error occurred at line: [118] in the jsp file: [/createAccountPage.jsp]
String literal is not properly closed by a double-quote
115:                 ps.setString(1, userName);
116:                 ResultSet rs = ps.executeQuery();    
117:                 if(rs.next()) {
118:                     out.println("<h2 class='error-message'>That user name is not available "</h2>");
119:                 }
120:                 else {
121:                     String checkPs = "SELECT Password FROM Employee WHERE Password = ?";


An error occurred at line: [125] in the jsp file: [/createAccountPage.jsp]
Syntax error on token(s), misplaced construct(s)
122:                     PreparedStatement ps1 = con.prepareStatement(checkPs);
123:                     ps1.setString(1, userPassword);
124:                     ResultSet rs1 = ps1.executeQuery();
125:                     if(rs1.next()) {
126:                         out.println("<h2 class='error-message'>That password is not available "</h2>");
127:                     }
128:                     else {


An error occurred at line: [125] in the jsp file: [/createAccountPage.jsp]
Syntax error on token "/", delete this token
122:                     PreparedStatement ps1 = con.prepareStatement(checkPs);
123:                     ps1.setString(1, userPassword);
124:                     ResultSet rs1 = ps1.executeQuery();
125:                     if(rs1.next()) {
126:                         out.println("<h2 class='error-message'>That password is not available "</h2>");
127:                     }
128:                     else {


Stacktrace:] with root cause
	org.apache.jasper.JasperException: Unable to compile class for JSP: 

An error occurred at line: [118] in the jsp file: [/createAccountPage.jsp]
Syntax error on token(s), misplaced construct(s)
115:                 ps.setString(1, userName);
116:                 ResultSet rs = ps.executeQuery();    
117:                 if(rs.next()) {
118:                     out.println("<h2 class='error-message'>That user name is not available "</h2>");
119:                 }
120:                 else {
121:                     String checkPs = "SELECT Password FROM Employee WHERE Password = ?";


An error occurred at line: [118] in the jsp file: [/createAccountPage.jsp]
Syntax error on token "/", delete this token
115:                 ps.setString(1, userName);
116:                 ResultSet rs = ps.executeQuery();    
117:                 if(rs.next()) {
118:                     out.println("<h2 class='error-message'>That user name is not available "</h2>");
119:                 }
120:                 else {
121:                     String checkPs = "SELECT Password FROM Employee WHERE Password = ?";


An error occurred at line: [118] in the jsp file: [/createAccountPage.jsp]
String literal is not properly closed by a double-quote
115:                 ps.setString(1, userName);
116:                 ResultSet rs = ps.executeQuery();    
117:                 if(rs.next()) {
118:                     out.println("<h2 class='error-message'>That user name is not available "</h2>");
119:                 }
120:                 else {
121:                     String checkPs = "SELECT Password FROM Employee WHERE Password = ?";


An error occurred at line: [125] in the jsp file: [/createAccountPage.jsp]
Syntax error on token(s), misplaced construct(s)
122:                     PreparedStatement ps1 = con.prepareStatement(checkPs);
123:                     ps1.setString(1, userPassword);
124:                     ResultSet rs1 = ps1.executeQuery();
125:                     if(rs1.next()) {
126:                         out.println("<h2 class='error-message'>That password is not available "</h2>");
127:                     }
128:                     else {


An error occurred at line: [125] in the jsp file: [/createAccountPage.jsp]
Syntax error on token "/", delete this token
122:                     PreparedStatement ps1 = con.prepareStatement(checkPs);
123:                     ps1.setString(1, userPassword);
124:                     ResultSet rs1 = ps1.executeQuery();
125:                     if(rs1.next()) {
126:                         out.println("<h2 class='error-message'>That password is not available "</h2>");
127:                     }
128:                     else {


Stacktrace:
		at org.apache.jasper.compiler.DefaultErrorHandler.javacError(DefaultErrorHandler.java:102)
		at org.apache.jasper.compiler.ErrorDispatcher.javacError(ErrorDispatcher.java:213)
		at org.apache.jasper.compiler.JDTCompiler.generateClass(JDTCompiler.java:600)
		at org.apache.jasper.compiler.Compiler.compile(Compiler.java:381)
		at org.apache.jasper.compiler.Compiler.compile(Compiler.java:351)
		at org.apache.jasper.compiler.Compiler.compile(Compiler.java:335)
		at org.apache.jasper.JspCompilationContext.compile(JspCompilationContext.java:597)
		at org.apache.jasper.servlet.JspServletWrapper.service(JspServletWrapper.java:398)
		at org.apache.jasper.servlet.JspServlet.serviceJspFile(JspServlet.java:383)
		at org.apache.jasper.servlet.JspServlet.service(JspServlet.java:331)
		at javax.servlet.http.HttpServlet.service(HttpServlet.java:583)
		at org.apache.catalina.core.ApplicationFilterChain.internalDoFilter(ApplicationFilterChain.java:212)
		at org.apache.catalina.core.ApplicationFilterChain.doFilter(ApplicationFilterChain.java:156)
		at org.apache.tomcat.websocket.server.WsFilter.doFilter(WsFilter.java:51)
		at org.apache.catalina.core.ApplicationFilterChain.internalDoFilter(ApplicationFilterChain.java:181)
		at org.apache.catalina.core.ApplicationFilterChain.doFilter(ApplicationFilterChain.java:156)
		at org.apache.catalina.core.StandardWrapperValve.invoke(StandardWrapperValve.java:168)
		at org.apache.catalina.core.StandardContextValve.invoke(StandardContextValve.java:90)
		at org.apache.catalina.authenticator.AuthenticatorBase.invoke(AuthenticatorBase.java:483)
		at org.apache.catalina.core.StandardHostValve.invoke(StandardHostValve.java:130)
		at org.apache.catalina.valves.ErrorReportValve.invoke(ErrorReportValve.java:93)
		at org.apache.catalina.valves.AbstractAccessLogValve.invoke(AbstractAccessLogValve.java:679)
		at org.apache.catalina.core.StandardEngineValve.invoke(StandardEngineValve.java:74)
		at org.apache.catalina.connector.CoyoteAdapter.service(CoyoteAdapter.java:343)
		at org.apache.coyote.http11.Http11Processor.service(Http11Processor.java:617)
		at org.apache.coyote.AbstractProcessorLight.process(AbstractProcessorLight.java:63)
		at org.apache.coyote.AbstractProtocol$ConnectionHandler.process(AbstractProtocol.java:932)
		at org.apache.tomcat.util.net.NioEndpoint$SocketProcessor.doRun(NioEndpoint.java:1694)
		at org.apache.tomcat.util.net.SocketProcessorBase.run(SocketProcessorBase.java:52)
		at org.apache.tomcat.util.threads.ThreadPoolExecutor.runWorker(ThreadPoolExecutor.java:1191)
		at org.apache.tomcat.util.threads.ThreadPoolExecutor$Worker.run(ThreadPoolExecutor.java:659)
		at org.apache.tomcat.util.threads.TaskThread$WrappingRunnable.run(TaskThread.java:61)
		at java.base/java.lang.Thread.run(Thread.java:1583)
04-Dec-2023 18:50:23.749 SEVERE [http-nio-8080-exec-2] org.apache.catalina.core.StandardWrapperValve.invoke Servlet.service() for servlet [jsp] in context with path [] threw exception [Unable to compile class for JSP: 

An error occurred at line: [142] in the jsp file: [/createAccountPage.jsp]
Duplicate local variable rs
139:                     
140:                         out.println("Initial entries in table \"Employee\": <br/>");
141:                         Statement stmt = con.createStatement();
142:                         ResultSet rs = stmt.executeQuery("SELECT * FROM Employee");
143:                         while (rs.next()) {
144:                             out.println(rs.getInt(1) + "    " + rs.getString(2) + "    " + rs.getString(3) + "    " + rs.getString(4) + "    " + 
145:                             rs.getString(5) + "    " + rs.getString(6) + "    " + rs.getString(7) +


Stacktrace:] with root cause
	org.apache.jasper.JasperException: Unable to compile class for JSP: 

An error occurred at line: [142] in the jsp file: [/createAccountPage.jsp]
Duplicate local variable rs
139:                     
140:                         out.println("Initial entries in table \"Employee\": <br/>");
141:                         Statement stmt = con.createStatement();
142:                         ResultSet rs = stmt.executeQuery("SELECT * FROM Employee");
143:                         while (rs.next()) {
144:                             out.println(rs.getInt(1) + "    " + rs.getString(2) + "    " + rs.getString(3) + "    " + rs.getString(4) + "    " + 
145:                             rs.getString(5) + "    " + rs.getString(6) + "    " + rs.getString(7) +


Stacktrace:
		at org.apache.jasper.compiler.DefaultErrorHandler.javacError(DefaultErrorHandler.java:102)
		at org.apache.jasper.compiler.ErrorDispatcher.javacError(ErrorDispatcher.java:213)
		at org.apache.jasper.compiler.JDTCompiler.generateClass(JDTCompiler.java:600)
		at org.apache.jasper.compiler.Compiler.compile(Compiler.java:381)
		at org.apache.jasper.compiler.Compiler.compile(Compiler.java:351)
		at org.apache.jasper.compiler.Compiler.compile(Compiler.java:335)
		at org.apache.jasper.JspCompilationContext.compile(JspCompilationContext.java:597)
		at org.apache.jasper.servlet.JspServletWrapper.service(JspServletWrapper.java:398)
		at org.apache.jasper.servlet.JspServlet.serviceJspFile(JspServlet.java:383)
		at org.apache.jasper.servlet.JspServlet.service(JspServlet.java:331)
		at javax.servlet.http.HttpServlet.service(HttpServlet.java:583)
		at org.apache.catalina.core.ApplicationFilterChain.internalDoFilter(ApplicationFilterChain.java:212)
		at org.apache.catalina.core.ApplicationFilterChain.doFilter(ApplicationFilterChain.java:156)
		at org.apache.tomcat.websocket.server.WsFilter.doFilter(WsFilter.java:51)
		at org.apache.catalina.core.ApplicationFilterChain.internalDoFilter(ApplicationFilterChain.java:181)
		at org.apache.catalina.core.ApplicationFilterChain.doFilter(ApplicationFilterChain.java:156)
		at org.apache.catalina.core.StandardWrapperValve.invoke(StandardWrapperValve.java:168)
		at org.apache.catalina.core.StandardContextValve.invoke(StandardContextValve.java:90)
		at org.apache.catalina.authenticator.AuthenticatorBase.invoke(AuthenticatorBase.java:483)
		at org.apache.catalina.core.StandardHostValve.invoke(StandardHostValve.java:130)
		at org.apache.catalina.valves.ErrorReportValve.invoke(ErrorReportValve.java:93)
		at org.apache.catalina.valves.AbstractAccessLogValve.invoke(AbstractAccessLogValve.java:679)
		at org.apache.catalina.core.StandardEngineValve.invoke(StandardEngineValve.java:74)
		at org.apache.catalina.connector.CoyoteAdapter.service(CoyoteAdapter.java:343)
		at org.apache.coyote.http11.Http11Processor.service(Http11Processor.java:617)
		at org.apache.coyote.AbstractProcessorLight.process(AbstractProcessorLight.java:63)
		at org.apache.coyote.AbstractProtocol$ConnectionHandler.process(AbstractProtocol.java:932)
		at org.apache.tomcat.util.net.NioEndpoint$SocketProcessor.doRun(NioEndpoint.java:1694)
		at org.apache.tomcat.util.net.SocketProcessorBase.run(SocketProcessorBase.java:52)
		at org.apache.tomcat.util.threads.ThreadPoolExecutor.runWorker(ThreadPoolExecutor.java:1191)
		at org.apache.tomcat.util.threads.ThreadPoolExecutor$Worker.run(ThreadPoolExecutor.java:659)
		at org.apache.tomcat.util.threads.TaskThread$WrappingRunnable.run(TaskThread.java:61)
		at java.base/java.lang.Thread.run(Thread.java:1583)
04-Dec-2023 18:50:38.720 SEVERE [http-nio-8080-exec-14] org.apache.catalina.core.StandardWrapperValve.invoke Servlet.service() for servlet [jsp] in context with path [] threw exception [Unable to compile class for JSP: 

An error occurred at line: [118] in the jsp file: [/createAccountPage.jsp]
rs cannot be resolved
115:                 ps.setString(1, userName);
116:                 ResultSet rs2 = ps.executeQuery();    
117:                 if(rs2.next()) {
118:                     out.println("<h2 class='error-message'>Room is not available: " + rs.getString("RoomNumber") + "</h2>");
119:                 }
120:                 else {
121:                     String checkPs = "SELECT Password FROM Employee WHERE Password = ?";


An error occurred at line: [126] in the jsp file: [/createAccountPage.jsp]
rs cannot be resolved
123:                     ps1.setString(1, userPassword);
124:                     ResultSet rs1 = ps1.executeQuery();
125:                     if(rs1.next()) {
126:                         out.println("<h2 class='error-message'>Room is not available: " + rs.getString("RoomNumber") + "</h2>");
127:                     }
128:                     else {
129:                         String sql = "INSERT INTO Employee (HotelLocation, HotelName, Name, Role, Username, Password) VALUES (?, ?, ?, ?, ?, ?)";


Stacktrace:] with root cause
	org.apache.jasper.JasperException: Unable to compile class for JSP: 

An error occurred at line: [118] in the jsp file: [/createAccountPage.jsp]
rs cannot be resolved
115:                 ps.setString(1, userName);
116:                 ResultSet rs2 = ps.executeQuery();    
117:                 if(rs2.next()) {
118:                     out.println("<h2 class='error-message'>Room is not available: " + rs.getString("RoomNumber") + "</h2>");
119:                 }
120:                 else {
121:                     String checkPs = "SELECT Password FROM Employee WHERE Password = ?";


An error occurred at line: [126] in the jsp file: [/createAccountPage.jsp]
rs cannot be resolved
123:                     ps1.setString(1, userPassword);
124:                     ResultSet rs1 = ps1.executeQuery();
125:                     if(rs1.next()) {
126:                         out.println("<h2 class='error-message'>Room is not available: " + rs.getString("RoomNumber") + "</h2>");
127:                     }
128:                     else {
129:                         String sql = "INSERT INTO Employee (HotelLocation, HotelName, Name, Role, Username, Password) VALUES (?, ?, ?, ?, ?, ?)";


Stacktrace:
		at org.apache.jasper.compiler.DefaultErrorHandler.javacError(DefaultErrorHandler.java:102)
		at org.apache.jasper.compiler.ErrorDispatcher.javacError(ErrorDispatcher.java:213)
		at org.apache.jasper.compiler.JDTCompiler.generateClass(JDTCompiler.java:600)
		at org.apache.jasper.compiler.Compiler.compile(Compiler.java:381)
		at org.apache.jasper.compiler.Compiler.compile(Compiler.java:351)
		at org.apache.jasper.compiler.Compiler.compile(Compiler.java:335)
		at org.apache.jasper.JspCompilationContext.compile(JspCompilationContext.java:597)
		at org.apache.jasper.servlet.JspServletWrapper.service(JspServletWrapper.java:398)
		at org.apache.jasper.servlet.JspServlet.serviceJspFile(JspServlet.java:383)
		at org.apache.jasper.servlet.JspServlet.service(JspServlet.java:331)
		at javax.servlet.http.HttpServlet.service(HttpServlet.java:583)
		at org.apache.catalina.core.ApplicationFilterChain.internalDoFilter(ApplicationFilterChain.java:212)
		at org.apache.catalina.core.ApplicationFilterChain.doFilter(ApplicationFilterChain.java:156)
		at org.apache.tomcat.websocket.server.WsFilter.doFilter(WsFilter.java:51)
		at org.apache.catalina.core.ApplicationFilterChain.internalDoFilter(ApplicationFilterChain.java:181)
		at org.apache.catalina.core.ApplicationFilterChain.doFilter(ApplicationFilterChain.java:156)
		at org.apache.catalina.core.StandardWrapperValve.invoke(StandardWrapperValve.java:168)
		at org.apache.catalina.core.StandardContextValve.invoke(StandardContextValve.java:90)
		at org.apache.catalina.authenticator.AuthenticatorBase.invoke(AuthenticatorBase.java:483)
		at org.apache.catalina.core.StandardHostValve.invoke(StandardHostValve.java:130)
		at org.apache.catalina.valves.ErrorReportValve.invoke(ErrorReportValve.java:93)
		at org.apache.catalina.valves.AbstractAccessLogValve.invoke(AbstractAccessLogValve.java:679)
		at org.apache.catalina.core.StandardEngineValve.invoke(StandardEngineValve.java:74)
		at org.apache.catalina.connector.CoyoteAdapter.service(CoyoteAdapter.java:343)
		at org.apache.coyote.http11.Http11Processor.service(Http11Processor.java:617)
		at org.apache.coyote.AbstractProcessorLight.process(AbstractProcessorLight.java:63)
		at org.apache.coyote.AbstractProtocol$ConnectionHandler.process(AbstractProtocol.java:932)
		at org.apache.tomcat.util.net.NioEndpoint$SocketProcessor.doRun(NioEndpoint.java:1694)
		at org.apache.tomcat.util.net.SocketProcessorBase.run(SocketProcessorBase.java:52)
		at org.apache.tomcat.util.threads.ThreadPoolExecutor.runWorker(ThreadPoolExecutor.java:1191)
		at org.apache.tomcat.util.threads.ThreadPoolExecutor$Worker.run(ThreadPoolExecutor.java:659)
		at org.apache.tomcat.util.threads.TaskThread$WrappingRunnable.run(TaskThread.java:61)
		at java.base/java.lang.Thread.run(Thread.java:1583)
04-Dec-2023 18:52:52.318 SEVERE [http-nio-8080-exec-13] org.apache.catalina.core.StandardWrapperValve.invoke Servlet.service() for servlet [jsp] in context with path [] threw exception [Unable to compile class for JSP: 

An error occurred at line: [128] in the jsp file: [/createAccountPage.jsp]
Duplicate local variable preparedStatement
125:                         out.println("<h2 class='error-message'>Password already in use</h2>");
126:                     } else {
127:                         String sql = "INSERT INTO Employee (HotelLocation, HotelName, Name, Role, Username, Password) VALUES (?, ?, ?, ?, ?, ?)";
128:                         PreparedStatement preparedStatement = con.prepareStatement(sql);
129:                         preparedStatement.setString(1, hotelLocation);
130:                         preparedStatement.setString(2, hotelName);
131:                         preparedStatement.setString(3, name);


An error occurred at line: [157] in the jsp file: [/createAccountPage.jsp]
Unreachable catch block for SQLException. It is already handled by the catch block for Exception
154:                 e.printStackTrace(); // Log or handle the exception appropriately
155:             }
156:                
157:         catch(SQLException e) { 
158:             out.println("SQLException caught: " + e.getMessage()); 
159:         }
160:     %>


Stacktrace:] with root cause
	org.apache.jasper.JasperException: Unable to compile class for JSP: 

An error occurred at line: [128] in the jsp file: [/createAccountPage.jsp]
Duplicate local variable preparedStatement
125:                         out.println("<h2 class='error-message'>Password already in use</h2>");
126:                     } else {
127:                         String sql = "INSERT INTO Employee (HotelLocation, HotelName, Name, Role, Username, Password) VALUES (?, ?, ?, ?, ?, ?)";
128:                         PreparedStatement preparedStatement = con.prepareStatement(sql);
129:                         preparedStatement.setString(1, hotelLocation);
130:                         preparedStatement.setString(2, hotelName);
131:                         preparedStatement.setString(3, name);


An error occurred at line: [157] in the jsp file: [/createAccountPage.jsp]
Unreachable catch block for SQLException. It is already handled by the catch block for Exception
154:                 e.printStackTrace(); // Log or handle the exception appropriately
155:             }
156:                
157:         catch(SQLException e) { 
158:             out.println("SQLException caught: " + e.getMessage()); 
159:         }
160:     %>


Stacktrace:
		at org.apache.jasper.compiler.DefaultErrorHandler.javacError(DefaultErrorHandler.java:102)
		at org.apache.jasper.compiler.ErrorDispatcher.javacError(ErrorDispatcher.java:213)
		at org.apache.jasper.compiler.JDTCompiler.generateClass(JDTCompiler.java:600)
		at org.apache.jasper.compiler.Compiler.compile(Compiler.java:381)
		at org.apache.jasper.compiler.Compiler.compile(Compiler.java:351)
		at org.apache.jasper.compiler.Compiler.compile(Compiler.java:335)
		at org.apache.jasper.JspCompilationContext.compile(JspCompilationContext.java:597)
		at org.apache.jasper.servlet.JspServletWrapper.service(JspServletWrapper.java:398)
		at org.apache.jasper.servlet.JspServlet.serviceJspFile(JspServlet.java:383)
		at org.apache.jasper.servlet.JspServlet.service(JspServlet.java:331)
		at javax.servlet.http.HttpServlet.service(HttpServlet.java:583)
		at org.apache.catalina.core.ApplicationFilterChain.internalDoFilter(ApplicationFilterChain.java:212)
		at org.apache.catalina.core.ApplicationFilterChain.doFilter(ApplicationFilterChain.java:156)
		at org.apache.tomcat.websocket.server.WsFilter.doFilter(WsFilter.java:51)
		at org.apache.catalina.core.ApplicationFilterChain.internalDoFilter(ApplicationFilterChain.java:181)
		at org.apache.catalina.core.ApplicationFilterChain.doFilter(ApplicationFilterChain.java:156)
		at org.apache.catalina.core.StandardWrapperValve.invoke(StandardWrapperValve.java:168)
		at org.apache.catalina.core.StandardContextValve.invoke(StandardContextValve.java:90)
		at org.apache.catalina.authenticator.AuthenticatorBase.invoke(AuthenticatorBase.java:483)
		at org.apache.catalina.core.StandardHostValve.invoke(StandardHostValve.java:130)
		at org.apache.catalina.valves.ErrorReportValve.invoke(ErrorReportValve.java:93)
		at org.apache.catalina.valves.AbstractAccessLogValve.invoke(AbstractAccessLogValve.java:679)
		at org.apache.catalina.core.StandardEngineValve.invoke(StandardEngineValve.java:74)
		at org.apache.catalina.connector.CoyoteAdapter.service(CoyoteAdapter.java:343)
		at org.apache.coyote.http11.Http11Processor.service(Http11Processor.java:617)
		at org.apache.coyote.AbstractProcessorLight.process(AbstractProcessorLight.java:63)
		at org.apache.coyote.AbstractProtocol$ConnectionHandler.process(AbstractProtocol.java:932)
		at org.apache.tomcat.util.net.NioEndpoint$SocketProcessor.doRun(NioEndpoint.java:1694)
		at org.apache.tomcat.util.net.SocketProcessorBase.run(SocketProcessorBase.java:52)
		at org.apache.tomcat.util.threads.ThreadPoolExecutor.runWorker(ThreadPoolExecutor.java:1191)
		at org.apache.tomcat.util.threads.ThreadPoolExecutor$Worker.run(ThreadPoolExecutor.java:659)
		at org.apache.tomcat.util.threads.TaskThread$WrappingRunnable.run(TaskThread.java:61)
		at java.base/java.lang.Thread.run(Thread.java:1583)
04-Dec-2023 18:52:56.753 SEVERE [http-nio-8080-exec-15] org.apache.catalina.core.StandardWrapperValve.invoke Servlet.service() for servlet [jsp] in context with path [] threw exception [Unable to compile class for JSP: 

An error occurred at line: [128] in the jsp file: [/createAccountPage.jsp]
Duplicate local variable preparedStatement
125:                         out.println("<h2 class='error-message'>Password already in use</h2>");
126:                     } else {
127:                         String sql = "INSERT INTO Employee (HotelLocation, HotelName, Name, Role, Username, Password) VALUES (?, ?, ?, ?, ?, ?)";
128:                         PreparedStatement preparedStatement = con.prepareStatement(sql);
129:                         preparedStatement.setString(1, hotelLocation);
130:                         preparedStatement.setString(2, hotelName);
131:                         preparedStatement.setString(3, name);


An error occurred at line: [157] in the jsp file: [/createAccountPage.jsp]
Unreachable catch block for SQLException. It is already handled by the catch block for Exception
154:                 e.printStackTrace(); // Log or handle the exception appropriately
155:             }
156:                
157:         catch(SQLException e) { 
158:             out.println("SQLException caught: " + e.getMessage()); 
159:         }
160:     %>


Stacktrace:] with root cause
	org.apache.jasper.JasperException: Unable to compile class for JSP: 

An error occurred at line: [128] in the jsp file: [/createAccountPage.jsp]
Duplicate local variable preparedStatement
125:                         out.println("<h2 class='error-message'>Password already in use</h2>");
126:                     } else {
127:                         String sql = "INSERT INTO Employee (HotelLocation, HotelName, Name, Role, Username, Password) VALUES (?, ?, ?, ?, ?, ?)";
128:                         PreparedStatement preparedStatement = con.prepareStatement(sql);
129:                         preparedStatement.setString(1, hotelLocation);
130:                         preparedStatement.setString(2, hotelName);
131:                         preparedStatement.setString(3, name);


An error occurred at line: [157] in the jsp file: [/createAccountPage.jsp]
Unreachable catch block for SQLException. It is already handled by the catch block for Exception
154:                 e.printStackTrace(); // Log or handle the exception appropriately
155:             }
156:                
157:         catch(SQLException e) { 
158:             out.println("SQLException caught: " + e.getMessage()); 
159:         }
160:     %>


Stacktrace:
		at org.apache.jasper.compiler.DefaultErrorHandler.javacError(DefaultErrorHandler.java:102)
		at org.apache.jasper.compiler.ErrorDispatcher.javacError(ErrorDispatcher.java:213)
		at org.apache.jasper.compiler.JDTCompiler.generateClass(JDTCompiler.java:600)
		at org.apache.jasper.compiler.Compiler.compile(Compiler.java:381)
		at org.apache.jasper.compiler.Compiler.compile(Compiler.java:351)
		at org.apache.jasper.compiler.Compiler.compile(Compiler.java:335)
		at org.apache.jasper.JspCompilationContext.compile(JspCompilationContext.java:597)
		at org.apache.jasper.servlet.JspServletWrapper.service(JspServletWrapper.java:398)
		at org.apache.jasper.servlet.JspServlet.serviceJspFile(JspServlet.java:383)
		at org.apache.jasper.servlet.JspServlet.service(JspServlet.java:331)
		at javax.servlet.http.HttpServlet.service(HttpServlet.java:583)
		at org.apache.catalina.core.ApplicationFilterChain.internalDoFilter(ApplicationFilterChain.java:212)
		at org.apache.catalina.core.ApplicationFilterChain.doFilter(ApplicationFilterChain.java:156)
		at org.apache.tomcat.websocket.server.WsFilter.doFilter(WsFilter.java:51)
		at org.apache.catalina.core.ApplicationFilterChain.internalDoFilter(ApplicationFilterChain.java:181)
		at org.apache.catalina.core.ApplicationFilterChain.doFilter(ApplicationFilterChain.java:156)
		at org.apache.catalina.core.StandardWrapperValve.invoke(StandardWrapperValve.java:168)
		at org.apache.catalina.core.StandardContextValve.invoke(StandardContextValve.java:90)
		at org.apache.catalina.authenticator.AuthenticatorBase.invoke(AuthenticatorBase.java:483)
		at org.apache.catalina.core.StandardHostValve.invoke(StandardHostValve.java:130)
		at org.apache.catalina.valves.ErrorReportValve.invoke(ErrorReportValve.java:93)
		at org.apache.catalina.valves.AbstractAccessLogValve.invoke(AbstractAccessLogValve.java:679)
		at org.apache.catalina.core.StandardEngineValve.invoke(StandardEngineValve.java:74)
		at org.apache.catalina.connector.CoyoteAdapter.service(CoyoteAdapter.java:343)
		at org.apache.coyote.http11.Http11Processor.service(Http11Processor.java:617)
		at org.apache.coyote.AbstractProcessorLight.process(AbstractProcessorLight.java:63)
		at org.apache.coyote.AbstractProtocol$ConnectionHandler.process(AbstractProtocol.java:932)
		at org.apache.tomcat.util.net.NioEndpoint$SocketProcessor.doRun(NioEndpoint.java:1694)
		at org.apache.tomcat.util.net.SocketProcessorBase.run(SocketProcessorBase.java:52)
		at org.apache.tomcat.util.threads.ThreadPoolExecutor.runWorker(ThreadPoolExecutor.java:1191)
		at org.apache.tomcat.util.threads.ThreadPoolExecutor$Worker.run(ThreadPoolExecutor.java:659)
		at org.apache.tomcat.util.threads.TaskThread$WrappingRunnable.run(TaskThread.java:61)
		at java.base/java.lang.Thread.run(Thread.java:1583)
04-Dec-2023 18:53:11.736 SEVERE [http-nio-8080-exec-13] org.apache.catalina.core.StandardWrapperValve.invoke Servlet.service() for servlet [jsp] in context with path [] threw exception [Unable to compile class for JSP: 

An error occurred at line: [128] in the jsp file: [/createAccountPage.jsp]
Duplicate local variable preparedStatement
125:                         out.println("<h2 class='error-message'>Password already in use</h2>");
126:                     } else {
127:                         String sql = "INSERT INTO Employee (HotelLocation, HotelName, Name, Role, Username, Password) VALUES (?, ?, ?, ?, ?, ?)";
128:                         PreparedStatement preparedStatement = con.prepareStatement(sql);
129:                         preparedStatement.setString(1, hotelLocation);
130:                         preparedStatement.setString(2, hotelName);
131:                         preparedStatement.setString(3, name);


An error occurred at line: [157] in the jsp file: [/createAccountPage.jsp]
Unreachable catch block for SQLException. It is already handled by the catch block for Exception
154:                 e.printStackTrace(); // Log or handle the exception appropriately
155:             }
156:                
157:         catch(SQLException e) { 
158:             out.println("SQLException caught: " + e.getMessage()); 
159:         }
160:     %>


Stacktrace:] with root cause
	org.apache.jasper.JasperException: Unable to compile class for JSP: 

An error occurred at line: [128] in the jsp file: [/createAccountPage.jsp]
Duplicate local variable preparedStatement
125:                         out.println("<h2 class='error-message'>Password already in use</h2>");
126:                     } else {
127:                         String sql = "INSERT INTO Employee (HotelLocation, HotelName, Name, Role, Username, Password) VALUES (?, ?, ?, ?, ?, ?)";
128:                         PreparedStatement preparedStatement = con.prepareStatement(sql);
129:                         preparedStatement.setString(1, hotelLocation);
130:                         preparedStatement.setString(2, hotelName);
131:                         preparedStatement.setString(3, name);


An error occurred at line: [157] in the jsp file: [/createAccountPage.jsp]
Unreachable catch block for SQLException. It is already handled by the catch block for Exception
154:                 e.printStackTrace(); // Log or handle the exception appropriately
155:             }
156:                
157:         catch(SQLException e) { 
158:             out.println("SQLException caught: " + e.getMessage()); 
159:         }
160:     %>


Stacktrace:
		at org.apache.jasper.compiler.DefaultErrorHandler.javacError(DefaultErrorHandler.java:102)
		at org.apache.jasper.compiler.ErrorDispatcher.javacError(ErrorDispatcher.java:213)
		at org.apache.jasper.compiler.JDTCompiler.generateClass(JDTCompiler.java:600)
		at org.apache.jasper.compiler.Compiler.compile(Compiler.java:381)
		at org.apache.jasper.compiler.Compiler.compile(Compiler.java:351)
		at org.apache.jasper.compiler.Compiler.compile(Compiler.java:335)
		at org.apache.jasper.JspCompilationContext.compile(JspCompilationContext.java:597)
		at org.apache.jasper.servlet.JspServletWrapper.service(JspServletWrapper.java:398)
		at org.apache.jasper.servlet.JspServlet.serviceJspFile(JspServlet.java:383)
		at org.apache.jasper.servlet.JspServlet.service(JspServlet.java:331)
		at javax.servlet.http.HttpServlet.service(HttpServlet.java:583)
		at org.apache.catalina.core.ApplicationFilterChain.internalDoFilter(ApplicationFilterChain.java:212)
		at org.apache.catalina.core.ApplicationFilterChain.doFilter(ApplicationFilterChain.java:156)
		at org.apache.tomcat.websocket.server.WsFilter.doFilter(WsFilter.java:51)
		at org.apache.catalina.core.ApplicationFilterChain.internalDoFilter(ApplicationFilterChain.java:181)
		at org.apache.catalina.core.ApplicationFilterChain.doFilter(ApplicationFilterChain.java:156)
		at org.apache.catalina.core.StandardWrapperValve.invoke(StandardWrapperValve.java:168)
		at org.apache.catalina.core.StandardContextValve.invoke(StandardContextValve.java:90)
		at org.apache.catalina.authenticator.AuthenticatorBase.invoke(AuthenticatorBase.java:483)
		at org.apache.catalina.core.StandardHostValve.invoke(StandardHostValve.java:130)
		at org.apache.catalina.valves.ErrorReportValve.invoke(ErrorReportValve.java:93)
		at org.apache.catalina.valves.AbstractAccessLogValve.invoke(AbstractAccessLogValve.java:679)
		at org.apache.catalina.core.StandardEngineValve.invoke(StandardEngineValve.java:74)
		at org.apache.catalina.connector.CoyoteAdapter.service(CoyoteAdapter.java:343)
		at org.apache.coyote.http11.Http11Processor.service(Http11Processor.java:617)
		at org.apache.coyote.AbstractProcessorLight.process(AbstractProcessorLight.java:63)
		at org.apache.coyote.AbstractProtocol$ConnectionHandler.process(AbstractProtocol.java:932)
		at org.apache.tomcat.util.net.NioEndpoint$SocketProcessor.doRun(NioEndpoint.java:1694)
		at org.apache.tomcat.util.net.SocketProcessorBase.run(SocketProcessorBase.java:52)
		at org.apache.tomcat.util.threads.ThreadPoolExecutor.runWorker(ThreadPoolExecutor.java:1191)
		at org.apache.tomcat.util.threads.ThreadPoolExecutor$Worker.run(ThreadPoolExecutor.java:659)
		at org.apache.tomcat.util.threads.TaskThread$WrappingRunnable.run(TaskThread.java:61)
		at java.base/java.lang.Thread.run(Thread.java:1583)
04-Dec-2023 18:54:52.828 SEVERE [http-nio-8080-exec-15] org.apache.catalina.core.StandardWrapperValve.invoke Servlet.service() for servlet [jsp] in context with path [] threw exception [Unable to compile class for JSP: 

An error occurred at line: [156] in the jsp file: [/createAccountPage.jsp]
Unreachable catch block for SQLException. It is already handled by the catch block for Exception
153:                 e.printStackTrace(); // Log or handle the exception appropriately
154:             }
155:                
156:         catch(SQLException e) { 
157:             out.println("SQLException caught: " + e.getMessage()); 
158:         }
159:     %>


Stacktrace:] with root cause
	org.apache.jasper.JasperException: Unable to compile class for JSP: 

An error occurred at line: [156] in the jsp file: [/createAccountPage.jsp]
Unreachable catch block for SQLException. It is already handled by the catch block for Exception
153:                 e.printStackTrace(); // Log or handle the exception appropriately
154:             }
155:                
156:         catch(SQLException e) { 
157:             out.println("SQLException caught: " + e.getMessage()); 
158:         }
159:     %>


Stacktrace:
		at org.apache.jasper.compiler.DefaultErrorHandler.javacError(DefaultErrorHandler.java:102)
		at org.apache.jasper.compiler.ErrorDispatcher.javacError(ErrorDispatcher.java:213)
		at org.apache.jasper.compiler.JDTCompiler.generateClass(JDTCompiler.java:600)
		at org.apache.jasper.compiler.Compiler.compile(Compiler.java:381)
		at org.apache.jasper.compiler.Compiler.compile(Compiler.java:351)
		at org.apache.jasper.compiler.Compiler.compile(Compiler.java:335)
		at org.apache.jasper.JspCompilationContext.compile(JspCompilationContext.java:597)
		at org.apache.jasper.servlet.JspServletWrapper.service(JspServletWrapper.java:398)
		at org.apache.jasper.servlet.JspServlet.serviceJspFile(JspServlet.java:383)
		at org.apache.jasper.servlet.JspServlet.service(JspServlet.java:331)
		at javax.servlet.http.HttpServlet.service(HttpServlet.java:583)
		at org.apache.catalina.core.ApplicationFilterChain.internalDoFilter(ApplicationFilterChain.java:212)
		at org.apache.catalina.core.ApplicationFilterChain.doFilter(ApplicationFilterChain.java:156)
		at org.apache.tomcat.websocket.server.WsFilter.doFilter(WsFilter.java:51)
		at org.apache.catalina.core.ApplicationFilterChain.internalDoFilter(ApplicationFilterChain.java:181)
		at org.apache.catalina.core.ApplicationFilterChain.doFilter(ApplicationFilterChain.java:156)
		at org.apache.catalina.core.StandardWrapperValve.invoke(StandardWrapperValve.java:168)
		at org.apache.catalina.core.StandardContextValve.invoke(StandardContextValve.java:90)
		at org.apache.catalina.authenticator.AuthenticatorBase.invoke(AuthenticatorBase.java:483)
		at org.apache.catalina.core.StandardHostValve.invoke(StandardHostValve.java:130)
		at org.apache.catalina.valves.ErrorReportValve.invoke(ErrorReportValve.java:93)
		at org.apache.catalina.valves.AbstractAccessLogValve.invoke(AbstractAccessLogValve.java:679)
		at org.apache.catalina.core.StandardEngineValve.invoke(StandardEngineValve.java:74)
		at org.apache.catalina.connector.CoyoteAdapter.service(CoyoteAdapter.java:343)
		at org.apache.coyote.http11.Http11Processor.service(Http11Processor.java:617)
		at org.apache.coyote.AbstractProcessorLight.process(AbstractProcessorLight.java:63)
		at org.apache.coyote.AbstractProtocol$ConnectionHandler.process(AbstractProtocol.java:932)
		at org.apache.tomcat.util.net.NioEndpoint$SocketProcessor.doRun(NioEndpoint.java:1694)
		at org.apache.tomcat.util.net.SocketProcessorBase.run(SocketProcessorBase.java:52)
		at org.apache.tomcat.util.threads.ThreadPoolExecutor.runWorker(ThreadPoolExecutor.java:1191)
		at org.apache.tomcat.util.threads.ThreadPoolExecutor$Worker.run(ThreadPoolExecutor.java:659)
		at org.apache.tomcat.util.threads.TaskThread$WrappingRunnable.run(TaskThread.java:61)
		at java.base/java.lang.Thread.run(Thread.java:1583)
