15-Oct-2023 12:00:49.017 INFO [localhost-startStop-1] org.apache.catalina.core.ApplicationContext.log ContextListener: contextInitialized()
15-Oct-2023 12:00:49.017 INFO [localhost-startStop-1] org.apache.catalina.core.ApplicationContext.log SessionListener: contextInitialized()
15-Oct-2023 12:00:49.017 INFO [localhost-startStop-1] org.apache.catalina.core.ApplicationContext.log ContextListener: attributeAdded('StockTicker', 'async.Stockticker@8ca4b01')
15-Oct-2023 12:18:00.920 SEVERE [http-nio-8080-exec-4] org.apache.catalina.core.StandardWrapperValve.invoke Servlet.service() for servlet [jsp] in context with path [] threw exception [Unable to compile class for JSP: 

An error occurred at line: [15] in the jsp file: [/Menu.jsp]
Type mismatch: cannot convert from String[] to String
12:       <hr>
13:       The checked fruits (got using request) are: <br>
14:       <%
15:           checked = request.getParameterValues("check");
16:       %>
17:       <ul>
18:       <%


An error occurred at line: [20] in the jsp file: [/Menu.jsp]
fruits cannot be resolved to a variable
17:       <ul>
18:       <%
19:           if (checked != null) {
20:               for (String fruit : fruits) {
21:       %>
22:       <li>
23:       <%


An error occurred at line: [24] in the jsp file: [/Menu.jsp]
util.HTMLFilter cannot be resolved to a type
21:       %>
22:       <li>
23:       <%
24:                   out.println (util.HTMLFilter.filter(fruit));
25:               }
26:           } else out.println ("none selected");
27:       %>


An error occurred at line: [35] in the jsp file: [/Menu.jsp]
fruits cannot be resolved to a variable
32:       The checked fruits (got using beans) are <br>
33:       
34:       <%
35:               fruits = foo.getFruit();
36:       %>
37:       <ul>
38:       <%


An error occurred at line: [35] in the jsp file: [/Menu.jsp]
foo cannot be resolved
32:       The checked fruits (got using beans) are <br>
33:       
34:       <%
35:               fruits = foo.getFruit();
36:       %>
37:       <ul>
38:       <%


An error occurred at line: [39] in the jsp file: [/Menu.jsp]
fruits cannot be resolved to a variable
36:       %>
37:       <ul>
38:       <%
39:           if (!fruits[0].equals("1")) {
40:               for (String fruit : fruits) {
41:       %>
42:       <li>


An error occurred at line: [40] in the jsp file: [/Menu.jsp]
fruits cannot be resolved to a variable
37:       <ul>
38:       <%
39:           if (!fruits[0].equals("1")) {
40:               for (String fruit : fruits) {
41:       %>
42:       <li>
43:       <%


An error occurred at line: [44] in the jsp file: [/Menu.jsp]
util.HTMLFilter cannot be resolved to a type
41:       %>
42:       <li>
43:       <%
44:                   out.println (util.HTMLFilter.filter(fruit));
45:               }
46:           } else {
47:               out.println ("none selected");


Stacktrace:] with root cause
	org.apache.jasper.JasperException: Unable to compile class for JSP: 

An error occurred at line: [15] in the jsp file: [/Menu.jsp]
Type mismatch: cannot convert from String[] to String
12:       <hr>
13:       The checked fruits (got using request) are: <br>
14:       <%
15:           checked = request.getParameterValues("check");
16:       %>
17:       <ul>
18:       <%


An error occurred at line: [20] in the jsp file: [/Menu.jsp]
fruits cannot be resolved to a variable
17:       <ul>
18:       <%
19:           if (checked != null) {
20:               for (String fruit : fruits) {
21:       %>
22:       <li>
23:       <%


An error occurred at line: [24] in the jsp file: [/Menu.jsp]
util.HTMLFilter cannot be resolved to a type
21:       %>
22:       <li>
23:       <%
24:                   out.println (util.HTMLFilter.filter(fruit));
25:               }
26:           } else out.println ("none selected");
27:       %>


An error occurred at line: [35] in the jsp file: [/Menu.jsp]
fruits cannot be resolved to a variable
32:       The checked fruits (got using beans) are <br>
33:       
34:       <%
35:               fruits = foo.getFruit();
36:       %>
37:       <ul>
38:       <%


An error occurred at line: [35] in the jsp file: [/Menu.jsp]
foo cannot be resolved
32:       The checked fruits (got using beans) are <br>
33:       
34:       <%
35:               fruits = foo.getFruit();
36:       %>
37:       <ul>
38:       <%


An error occurred at line: [39] in the jsp file: [/Menu.jsp]
fruits cannot be resolved to a variable
36:       %>
37:       <ul>
38:       <%
39:           if (!fruits[0].equals("1")) {
40:               for (String fruit : fruits) {
41:       %>
42:       <li>


An error occurred at line: [40] in the jsp file: [/Menu.jsp]
fruits cannot be resolved to a variable
37:       <ul>
38:       <%
39:           if (!fruits[0].equals("1")) {
40:               for (String fruit : fruits) {
41:       %>
42:       <li>
43:       <%


An error occurred at line: [44] in the jsp file: [/Menu.jsp]
util.HTMLFilter cannot be resolved to a type
41:       %>
42:       <li>
43:       <%
44:                   out.println (util.HTMLFilter.filter(fruit));
45:               }
46:           } else {
47:               out.println ("none selected");


Stacktrace:
		at org.apache.jasper.compiler.DefaultErrorHandler.javacError(DefaultErrorHandler.java:102)
		at org.apache.jasper.compiler.ErrorDispatcher.javacError(ErrorDispatcher.java:213)
		at org.apache.jasper.compiler.JDTCompiler.generateClass(JDTCompiler.java:600)
		at org.apache.jasper.compiler.Compiler.compile(Compiler.java:381)
		at org.apache.jasper.compiler.Compiler.compile(Compiler.java:351)
		at org.apache.jasper.compiler.Compiler.compile(Compiler.java:335)
		at org.apache.jasper.JspCompilationContext.compile(JspCompilationContext.java:597)
		at org.apache.jasper.servlet.JspServletWrapper.service(JspServletWrapper.java:398)
		at org.apache.jasper.servlet.JspServlet.serviceJspFile(JspServlet.java:383)
		at org.apache.jasper.servlet.JspServlet.service(JspServlet.java:331)
		at javax.servlet.http.HttpServlet.service(HttpServlet.java:583)
		at org.apache.catalina.core.ApplicationFilterChain.internalDoFilter(ApplicationFilterChain.java:212)
		at org.apache.catalina.core.ApplicationFilterChain.doFilter(ApplicationFilterChain.java:156)
		at org.apache.tomcat.websocket.server.WsFilter.doFilter(WsFilter.java:51)
		at org.apache.catalina.core.ApplicationFilterChain.internalDoFilter(ApplicationFilterChain.java:181)
		at org.apache.catalina.core.ApplicationFilterChain.doFilter(ApplicationFilterChain.java:156)
		at org.apache.catalina.core.StandardWrapperValve.invoke(StandardWrapperValve.java:168)
		at org.apache.catalina.core.StandardContextValve.invoke(StandardContextValve.java:90)
		at org.apache.catalina.authenticator.AuthenticatorBase.invoke(AuthenticatorBase.java:483)
		at org.apache.catalina.core.StandardHostValve.invoke(StandardHostValve.java:130)
		at org.apache.catalina.valves.ErrorReportValve.invoke(ErrorReportValve.java:93)
		at org.apache.catalina.valves.AbstractAccessLogValve.invoke(AbstractAccessLogValve.java:679)
		at org.apache.catalina.core.StandardEngineValve.invoke(StandardEngineValve.java:74)
		at org.apache.catalina.connector.CoyoteAdapter.service(CoyoteAdapter.java:343)
		at org.apache.coyote.http11.Http11Processor.service(Http11Processor.java:617)
		at org.apache.coyote.AbstractProcessorLight.process(AbstractProcessorLight.java:63)
		at org.apache.coyote.AbstractProtocol$ConnectionHandler.process(AbstractProtocol.java:932)
		at org.apache.tomcat.util.net.NioEndpoint$SocketProcessor.doRun(NioEndpoint.java:1694)
		at org.apache.tomcat.util.net.SocketProcessorBase.run(SocketProcessorBase.java:52)
		at org.apache.tomcat.util.threads.ThreadPoolExecutor.runWorker(ThreadPoolExecutor.java:1191)
		at org.apache.tomcat.util.threads.ThreadPoolExecutor$Worker.run(ThreadPoolExecutor.java:659)
		at org.apache.tomcat.util.threads.TaskThread$WrappingRunnable.run(TaskThread.java:61)
		at java.base/java.lang.Thread.run(Thread.java:1583)
15-Oct-2023 12:19:26.701 SEVERE [http-nio-8080-exec-6] org.apache.catalina.core.StandardWrapperValve.invoke Servlet.service() for servlet [jsp] in context with path [] threw exception [Unable to compile class for JSP: 

An error occurred at line: [15] in the jsp file: [/Menu.jsp]
Type mismatch: cannot convert from String[] to String
12:       <hr>
13:       The checked fruits (got using request) are: <br>
14:       <%
15:           checked = request.getParameterValues("check");
16:       %>
17:       <ul>
18:       <%


An error occurred at line: [20] in the jsp file: [/Menu.jsp]
Syntax error, insert ";" to complete BlockStatements
17:       <ul>
18:       <%
19:           if (checked != null) {
20:             out.println(checked)
21:           } else out.println ("none selected");
22:       %>
23:       </ul>


Stacktrace:] with root cause
	org.apache.jasper.JasperException: Unable to compile class for JSP: 

An error occurred at line: [15] in the jsp file: [/Menu.jsp]
Type mismatch: cannot convert from String[] to String
12:       <hr>
13:       The checked fruits (got using request) are: <br>
14:       <%
15:           checked = request.getParameterValues("check");
16:       %>
17:       <ul>
18:       <%


An error occurred at line: [20] in the jsp file: [/Menu.jsp]
Syntax error, insert ";" to complete BlockStatements
17:       <ul>
18:       <%
19:           if (checked != null) {
20:             out.println(checked)
21:           } else out.println ("none selected");
22:       %>
23:       </ul>


Stacktrace:
		at org.apache.jasper.compiler.DefaultErrorHandler.javacError(DefaultErrorHandler.java:102)
		at org.apache.jasper.compiler.ErrorDispatcher.javacError(ErrorDispatcher.java:213)
		at org.apache.jasper.compiler.JDTCompiler.generateClass(JDTCompiler.java:600)
		at org.apache.jasper.compiler.Compiler.compile(Compiler.java:381)
		at org.apache.jasper.compiler.Compiler.compile(Compiler.java:351)
		at org.apache.jasper.compiler.Compiler.compile(Compiler.java:335)
		at org.apache.jasper.JspCompilationContext.compile(JspCompilationContext.java:597)
		at org.apache.jasper.servlet.JspServletWrapper.service(JspServletWrapper.java:398)
		at org.apache.jasper.servlet.JspServlet.serviceJspFile(JspServlet.java:383)
		at org.apache.jasper.servlet.JspServlet.service(JspServlet.java:331)
		at javax.servlet.http.HttpServlet.service(HttpServlet.java:583)
		at org.apache.catalina.core.ApplicationFilterChain.internalDoFilter(ApplicationFilterChain.java:212)
		at org.apache.catalina.core.ApplicationFilterChain.doFilter(ApplicationFilterChain.java:156)
		at org.apache.tomcat.websocket.server.WsFilter.doFilter(WsFilter.java:51)
		at org.apache.catalina.core.ApplicationFilterChain.internalDoFilter(ApplicationFilterChain.java:181)
		at org.apache.catalina.core.ApplicationFilterChain.doFilter(ApplicationFilterChain.java:156)
		at org.apache.catalina.core.StandardWrapperValve.invoke(StandardWrapperValve.java:168)
		at org.apache.catalina.core.StandardContextValve.invoke(StandardContextValve.java:90)
		at org.apache.catalina.authenticator.AuthenticatorBase.invoke(AuthenticatorBase.java:483)
		at org.apache.catalina.core.StandardHostValve.invoke(StandardHostValve.java:130)
		at org.apache.catalina.valves.ErrorReportValve.invoke(ErrorReportValve.java:93)
		at org.apache.catalina.valves.AbstractAccessLogValve.invoke(AbstractAccessLogValve.java:679)
		at org.apache.catalina.core.StandardEngineValve.invoke(StandardEngineValve.java:74)
		at org.apache.catalina.connector.CoyoteAdapter.service(CoyoteAdapter.java:343)
		at org.apache.coyote.http11.Http11Processor.service(Http11Processor.java:617)
		at org.apache.coyote.AbstractProcessorLight.process(AbstractProcessorLight.java:63)
		at org.apache.coyote.AbstractProtocol$ConnectionHandler.process(AbstractProtocol.java:932)
		at org.apache.tomcat.util.net.NioEndpoint$SocketProcessor.doRun(NioEndpoint.java:1694)
		at org.apache.tomcat.util.net.SocketProcessorBase.run(SocketProcessorBase.java:52)
		at org.apache.tomcat.util.threads.ThreadPoolExecutor.runWorker(ThreadPoolExecutor.java:1191)
		at org.apache.tomcat.util.threads.ThreadPoolExecutor$Worker.run(ThreadPoolExecutor.java:659)
		at org.apache.tomcat.util.threads.TaskThread$WrappingRunnable.run(TaskThread.java:61)
		at java.base/java.lang.Thread.run(Thread.java:1583)
15-Oct-2023 12:19:44.405 SEVERE [http-nio-8080-exec-7] org.apache.catalina.core.StandardWrapperValve.invoke Servlet.service() for servlet [jsp] in context with path [] threw exception [Unable to compile class for JSP: 

An error occurred at line: [15] in the jsp file: [/Menu.jsp]
Type mismatch: cannot convert from String[] to String
12:       <hr>
13:       The checked fruits (got using request) are: <br>
14:       <%
15:           checked = request.getParameterValues("check");
16:       %>
17:       <ul>
18:       <%


Stacktrace:] with root cause
	org.apache.jasper.JasperException: Unable to compile class for JSP: 

An error occurred at line: [15] in the jsp file: [/Menu.jsp]
Type mismatch: cannot convert from String[] to String
12:       <hr>
13:       The checked fruits (got using request) are: <br>
14:       <%
15:           checked = request.getParameterValues("check");
16:       %>
17:       <ul>
18:       <%


Stacktrace:
		at org.apache.jasper.compiler.DefaultErrorHandler.javacError(DefaultErrorHandler.java:102)
		at org.apache.jasper.compiler.ErrorDispatcher.javacError(ErrorDispatcher.java:213)
		at org.apache.jasper.compiler.JDTCompiler.generateClass(JDTCompiler.java:600)
		at org.apache.jasper.compiler.Compiler.compile(Compiler.java:381)
		at org.apache.jasper.compiler.Compiler.compile(Compiler.java:351)
		at org.apache.jasper.compiler.Compiler.compile(Compiler.java:335)
		at org.apache.jasper.JspCompilationContext.compile(JspCompilationContext.java:597)
		at org.apache.jasper.servlet.JspServletWrapper.service(JspServletWrapper.java:398)
		at org.apache.jasper.servlet.JspServlet.serviceJspFile(JspServlet.java:383)
		at org.apache.jasper.servlet.JspServlet.service(JspServlet.java:331)
		at javax.servlet.http.HttpServlet.service(HttpServlet.java:583)
		at org.apache.catalina.core.ApplicationFilterChain.internalDoFilter(ApplicationFilterChain.java:212)
		at org.apache.catalina.core.ApplicationFilterChain.doFilter(ApplicationFilterChain.java:156)
		at org.apache.tomcat.websocket.server.WsFilter.doFilter(WsFilter.java:51)
		at org.apache.catalina.core.ApplicationFilterChain.internalDoFilter(ApplicationFilterChain.java:181)
		at org.apache.catalina.core.ApplicationFilterChain.doFilter(ApplicationFilterChain.java:156)
		at org.apache.catalina.core.StandardWrapperValve.invoke(StandardWrapperValve.java:168)
		at org.apache.catalina.core.StandardContextValve.invoke(StandardContextValve.java:90)
		at org.apache.catalina.authenticator.AuthenticatorBase.invoke(AuthenticatorBase.java:483)
		at org.apache.catalina.core.StandardHostValve.invoke(StandardHostValve.java:130)
		at org.apache.catalina.valves.ErrorReportValve.invoke(ErrorReportValve.java:93)
		at org.apache.catalina.valves.AbstractAccessLogValve.invoke(AbstractAccessLogValve.java:679)
		at org.apache.catalina.core.StandardEngineValve.invoke(StandardEngineValve.java:74)
		at org.apache.catalina.connector.CoyoteAdapter.service(CoyoteAdapter.java:343)
		at org.apache.coyote.http11.Http11Processor.service(Http11Processor.java:617)
		at org.apache.coyote.AbstractProcessorLight.process(AbstractProcessorLight.java:63)
		at org.apache.coyote.AbstractProtocol$ConnectionHandler.process(AbstractProtocol.java:932)
		at org.apache.tomcat.util.net.NioEndpoint$SocketProcessor.doRun(NioEndpoint.java:1694)
		at org.apache.tomcat.util.net.SocketProcessorBase.run(SocketProcessorBase.java:52)
		at org.apache.tomcat.util.threads.ThreadPoolExecutor.runWorker(ThreadPoolExecutor.java:1191)
		at org.apache.tomcat.util.threads.ThreadPoolExecutor$Worker.run(ThreadPoolExecutor.java:659)
		at org.apache.tomcat.util.threads.TaskThread$WrappingRunnable.run(TaskThread.java:61)
		at java.base/java.lang.Thread.run(Thread.java:1583)
15-Oct-2023 12:23:11.598 SEVERE [http-nio-8080-exec-8] org.apache.catalina.core.StandardWrapperValve.invoke Servlet.service() for servlet [jsp] in context with path [] threw exception [An exception occurred processing [/Menu.jsp] at line [11]

8:     <font size=5 color="black">
9:       <%! String checked; %>
10:        
11:     <jsp:setProperty name="foo" property="check" param="check" />
12:       <hr>
13:       <%
14:           checked = request.getParameter("check");


Stacktrace:] with root cause
	java.lang.NullPointerException: Cannot invoke "Object.getClass()" because "bean" is null
		at org.apache.jasper.runtime.JspRuntimeLibrary.introspecthelper(JspRuntimeLibrary.java:287)
		at org.apache.jsp.Menu_jsp._jspService(Menu_jsp.java:124)
		at org.apache.jasper.runtime.HttpJspBase.service(HttpJspBase.java:70)
		at javax.servlet.http.HttpServlet.service(HttpServlet.java:583)
		at org.apache.jasper.servlet.JspServletWrapper.service(JspServletWrapper.java:465)
		at org.apache.jasper.servlet.JspServlet.serviceJspFile(JspServlet.java:383)
		at org.apache.jasper.servlet.JspServlet.service(JspServlet.java:331)
		at javax.servlet.http.HttpServlet.service(HttpServlet.java:583)
		at org.apache.catalina.core.ApplicationFilterChain.internalDoFilter(ApplicationFilterChain.java:212)
		at org.apache.catalina.core.ApplicationFilterChain.doFilter(ApplicationFilterChain.java:156)
		at org.apache.tomcat.websocket.server.WsFilter.doFilter(WsFilter.java:51)
		at org.apache.catalina.core.ApplicationFilterChain.internalDoFilter(ApplicationFilterChain.java:181)
		at org.apache.catalina.core.ApplicationFilterChain.doFilter(ApplicationFilterChain.java:156)
		at org.apache.catalina.core.StandardWrapperValve.invoke(StandardWrapperValve.java:168)
		at org.apache.catalina.core.StandardContextValve.invoke(StandardContextValve.java:90)
		at org.apache.catalina.authenticator.AuthenticatorBase.invoke(AuthenticatorBase.java:483)
		at org.apache.catalina.core.StandardHostValve.invoke(StandardHostValve.java:130)
		at org.apache.catalina.valves.ErrorReportValve.invoke(ErrorReportValve.java:93)
		at org.apache.catalina.valves.AbstractAccessLogValve.invoke(AbstractAccessLogValve.java:679)
		at org.apache.catalina.core.StandardEngineValve.invoke(StandardEngineValve.java:74)
		at org.apache.catalina.connector.CoyoteAdapter.service(CoyoteAdapter.java:343)
		at org.apache.coyote.http11.Http11Processor.service(Http11Processor.java:617)
		at org.apache.coyote.AbstractProcessorLight.process(AbstractProcessorLight.java:63)
		at org.apache.coyote.AbstractProtocol$ConnectionHandler.process(AbstractProtocol.java:932)
		at org.apache.tomcat.util.net.NioEndpoint$SocketProcessor.doRun(NioEndpoint.java:1694)
		at org.apache.tomcat.util.net.SocketProcessorBase.run(SocketProcessorBase.java:52)
		at org.apache.tomcat.util.threads.ThreadPoolExecutor.runWorker(ThreadPoolExecutor.java:1191)
		at org.apache.tomcat.util.threads.ThreadPoolExecutor$Worker.run(ThreadPoolExecutor.java:659)
		at org.apache.tomcat.util.threads.TaskThread$WrappingRunnable.run(TaskThread.java:61)
		at java.base/java.lang.Thread.run(Thread.java:1583)
15-Oct-2023 12:50:05.674 SEVERE [http-nio-8080-exec-4] org.apache.catalina.core.StandardWrapperValve.invoke Servlet.service() for servlet [jsp] in context with path [] threw exception [/Menu.jsp (line: [12], column: [6]) Unterminated [&lt;%] tag] with root cause
	org.apache.jasper.JasperException: /Menu.jsp (line: [12], column: [6]) Unterminated [&lt;%] tag
		at org.apache.jasper.compiler.DefaultErrorHandler.jspError(DefaultErrorHandler.java:41)
		at org.apache.jasper.compiler.ErrorDispatcher.dispatch(ErrorDispatcher.java:292)
		at org.apache.jasper.compiler.ErrorDispatcher.jspError(ErrorDispatcher.java:98)
		at org.apache.jasper.compiler.Parser.parseScriptlet(Parser.java:786)
		at org.apache.jasper.compiler.Parser.parseElements(Parser.java:1462)
		at org.apache.jasper.compiler.Parser.parse(Parser.java:144)
		at org.apache.jasper.compiler.ParserController.doParse(ParserController.java:245)
		at org.apache.jasper.compiler.ParserController.parse(ParserController.java:106)
		at org.apache.jasper.compiler.Compiler.generateJava(Compiler.java:203)
		at org.apache.jasper.compiler.Compiler.compile(Compiler.java:375)
		at org.apache.jasper.compiler.Compiler.compile(Compiler.java:351)
		at org.apache.jasper.compiler.Compiler.compile(Compiler.java:335)
		at org.apache.jasper.JspCompilationContext.compile(JspCompilationContext.java:597)
		at org.apache.jasper.servlet.JspServletWrapper.service(JspServletWrapper.java:398)
		at org.apache.jasper.servlet.JspServlet.serviceJspFile(JspServlet.java:383)
		at org.apache.jasper.servlet.JspServlet.service(JspServlet.java:331)
		at javax.servlet.http.HttpServlet.service(HttpServlet.java:583)
		at org.apache.catalina.core.ApplicationFilterChain.internalDoFilter(ApplicationFilterChain.java:212)
		at org.apache.catalina.core.ApplicationFilterChain.doFilter(ApplicationFilterChain.java:156)
		at org.apache.tomcat.websocket.server.WsFilter.doFilter(WsFilter.java:51)
		at org.apache.catalina.core.ApplicationFilterChain.internalDoFilter(ApplicationFilterChain.java:181)
		at org.apache.catalina.core.ApplicationFilterChain.doFilter(ApplicationFilterChain.java:156)
		at org.apache.catalina.core.StandardWrapperValve.invoke(StandardWrapperValve.java:168)
		at org.apache.catalina.core.StandardContextValve.invoke(StandardContextValve.java:90)
		at org.apache.catalina.authenticator.AuthenticatorBase.invoke(AuthenticatorBase.java:483)
		at org.apache.catalina.core.StandardHostValve.invoke(StandardHostValve.java:130)
		at org.apache.catalina.valves.ErrorReportValve.invoke(ErrorReportValve.java:93)
		at org.apache.catalina.valves.AbstractAccessLogValve.invoke(AbstractAccessLogValve.java:679)
		at org.apache.catalina.core.StandardEngineValve.invoke(StandardEngineValve.java:74)
		at org.apache.catalina.connector.CoyoteAdapter.service(CoyoteAdapter.java:343)
		at org.apache.coyote.http11.Http11Processor.service(Http11Processor.java:617)
		at org.apache.coyote.AbstractProcessorLight.process(AbstractProcessorLight.java:63)
		at org.apache.coyote.AbstractProtocol$ConnectionHandler.process(AbstractProtocol.java:932)
		at org.apache.tomcat.util.net.NioEndpoint$SocketProcessor.doRun(NioEndpoint.java:1694)
		at org.apache.tomcat.util.net.SocketProcessorBase.run(SocketProcessorBase.java:52)
		at org.apache.tomcat.util.threads.ThreadPoolExecutor.runWorker(ThreadPoolExecutor.java:1191)
		at org.apache.tomcat.util.threads.ThreadPoolExecutor$Worker.run(ThreadPoolExecutor.java:659)
		at org.apache.tomcat.util.threads.TaskThread$WrappingRunnable.run(TaskThread.java:61)
		at java.base/java.lang.Thread.run(Thread.java:1583)
15-Oct-2023 12:50:41.690 SEVERE [http-nio-8080-exec-6] org.apache.catalina.core.StandardWrapperValve.invoke Servlet.service() for servlet [jsp] in context with path [] threw exception [Unable to compile class for JSP: 

An error occurred at line: [14] in the jsp file: [/Menu.jsp]
Syntax error on token(s), misplaced construct(s)
11:     </font>
12:     <%
13:     String s = request.getParameter("id");
14:     if s( != null && s.length != 0) {
15:       out.println(s)
16:     }
17:     else {


An error occurred at line: [14] in the jsp file: [/Menu.jsp]
Syntax error on token "!=", ! expected
11:     </font>
12:     <%
13:     String s = request.getParameter("id");
14:     if s( != null && s.length != 0) {
15:       out.println(s)
16:     }
17:     else {


An error occurred at line: [14] in the jsp file: [/Menu.jsp]
The operator ! is undefined for the argument type(s) null
11:     </font>
12:     <%
13:     String s = request.getParameter("id");
14:     if s( != null && s.length != 0) {
15:       out.println(s)
16:     }
17:     else {


An error occurred at line: [14] in the jsp file: [/Menu.jsp]
length cannot be resolved or is not a field
11:     </font>
12:     <%
13:     String s = request.getParameter("id");
14:     if s( != null && s.length != 0) {
15:       out.println(s)
16:     }
17:     else {


An error occurred at line: [14] in the jsp file: [/Menu.jsp]
Syntax error, insert ";" to complete Statement
11:     </font>
12:     <%
13:     String s = request.getParameter("id");
14:     if s( != null && s.length != 0) {
15:       out.println(s)
16:     }
17:     else {


An error occurred at line: [15] in the jsp file: [/Menu.jsp]
Syntax error on tokens, delete these tokens
12:     <%
13:     String s = request.getParameter("id");
14:     if s( != null && s.length != 0) {
15:       out.println(s)
16:     }
17:     else {
18:       ("Not valid value")


An error occurred at line: [17] in the jsp file: [/Menu.jsp]
Syntax error on token(s), misplaced construct(s)
14:     if s( != null && s.length != 0) {
15:       out.println(s)
16:     }
17:     else {
18:       ("Not valid value")
19:     }
20:     %>


Stacktrace:] with root cause
	org.apache.jasper.JasperException: Unable to compile class for JSP: 

An error occurred at line: [14] in the jsp file: [/Menu.jsp]
Syntax error on token(s), misplaced construct(s)
11:     </font>
12:     <%
13:     String s = request.getParameter("id");
14:     if s( != null && s.length != 0) {
15:       out.println(s)
16:     }
17:     else {


An error occurred at line: [14] in the jsp file: [/Menu.jsp]
Syntax error on token "!=", ! expected
11:     </font>
12:     <%
13:     String s = request.getParameter("id");
14:     if s( != null && s.length != 0) {
15:       out.println(s)
16:     }
17:     else {


An error occurred at line: [14] in the jsp file: [/Menu.jsp]
The operator ! is undefined for the argument type(s) null
11:     </font>
12:     <%
13:     String s = request.getParameter("id");
14:     if s( != null && s.length != 0) {
15:       out.println(s)
16:     }
17:     else {


An error occurred at line: [14] in the jsp file: [/Menu.jsp]
length cannot be resolved or is not a field
11:     </font>
12:     <%
13:     String s = request.getParameter("id");
14:     if s( != null && s.length != 0) {
15:       out.println(s)
16:     }
17:     else {


An error occurred at line: [14] in the jsp file: [/Menu.jsp]
Syntax error, insert ";" to complete Statement
11:     </font>
12:     <%
13:     String s = request.getParameter("id");
14:     if s( != null && s.length != 0) {
15:       out.println(s)
16:     }
17:     else {


An error occurred at line: [15] in the jsp file: [/Menu.jsp]
Syntax error on tokens, delete these tokens
12:     <%
13:     String s = request.getParameter("id");
14:     if s( != null && s.length != 0) {
15:       out.println(s)
16:     }
17:     else {
18:       ("Not valid value")


An error occurred at line: [17] in the jsp file: [/Menu.jsp]
Syntax error on token(s), misplaced construct(s)
14:     if s( != null && s.length != 0) {
15:       out.println(s)
16:     }
17:     else {
18:       ("Not valid value")
19:     }
20:     %>


Stacktrace:
		at org.apache.jasper.compiler.DefaultErrorHandler.javacError(DefaultErrorHandler.java:102)
		at org.apache.jasper.compiler.ErrorDispatcher.javacError(ErrorDispatcher.java:213)
		at org.apache.jasper.compiler.JDTCompiler.generateClass(JDTCompiler.java:600)
		at org.apache.jasper.compiler.Compiler.compile(Compiler.java:381)
		at org.apache.jasper.compiler.Compiler.compile(Compiler.java:351)
		at org.apache.jasper.compiler.Compiler.compile(Compiler.java:335)
		at org.apache.jasper.JspCompilationContext.compile(JspCompilationContext.java:597)
		at org.apache.jasper.servlet.JspServletWrapper.service(JspServletWrapper.java:398)
		at org.apache.jasper.servlet.JspServlet.serviceJspFile(JspServlet.java:383)
		at org.apache.jasper.servlet.JspServlet.service(JspServlet.java:331)
		at javax.servlet.http.HttpServlet.service(HttpServlet.java:583)
		at org.apache.catalina.core.ApplicationFilterChain.internalDoFilter(ApplicationFilterChain.java:212)
		at org.apache.catalina.core.ApplicationFilterChain.doFilter(ApplicationFilterChain.java:156)
		at org.apache.tomcat.websocket.server.WsFilter.doFilter(WsFilter.java:51)
		at org.apache.catalina.core.ApplicationFilterChain.internalDoFilter(ApplicationFilterChain.java:181)
		at org.apache.catalina.core.ApplicationFilterChain.doFilter(ApplicationFilterChain.java:156)
		at org.apache.catalina.core.StandardWrapperValve.invoke(StandardWrapperValve.java:168)
		at org.apache.catalina.core.StandardContextValve.invoke(StandardContextValve.java:90)
		at org.apache.catalina.authenticator.AuthenticatorBase.invoke(AuthenticatorBase.java:483)
		at org.apache.catalina.core.StandardHostValve.invoke(StandardHostValve.java:130)
		at org.apache.catalina.valves.ErrorReportValve.invoke(ErrorReportValve.java:93)
		at org.apache.catalina.valves.AbstractAccessLogValve.invoke(AbstractAccessLogValve.java:679)
		at org.apache.catalina.core.StandardEngineValve.invoke(StandardEngineValve.java:74)
		at org.apache.catalina.connector.CoyoteAdapter.service(CoyoteAdapter.java:343)
		at org.apache.coyote.http11.Http11Processor.service(Http11Processor.java:617)
		at org.apache.coyote.AbstractProcessorLight.process(AbstractProcessorLight.java:63)
		at org.apache.coyote.AbstractProtocol$ConnectionHandler.process(AbstractProtocol.java:932)
		at org.apache.tomcat.util.net.NioEndpoint$SocketProcessor.doRun(NioEndpoint.java:1694)
		at org.apache.tomcat.util.net.SocketProcessorBase.run(SocketProcessorBase.java:52)
		at org.apache.tomcat.util.threads.ThreadPoolExecutor.runWorker(ThreadPoolExecutor.java:1191)
		at org.apache.tomcat.util.threads.ThreadPoolExecutor$Worker.run(ThreadPoolExecutor.java:659)
		at org.apache.tomcat.util.threads.TaskThread$WrappingRunnable.run(TaskThread.java:61)
		at java.base/java.lang.Thread.run(Thread.java:1583)
15-Oct-2023 12:51:17.990 SEVERE [http-nio-8080-exec-9] org.apache.catalina.core.StandardWrapperValve.invoke Servlet.service() for servlet [jsp] in context with path [] threw exception [Unable to compile class for JSP: 

An error occurred at line: [15] in the jsp file: [/Menu.jsp]
Syntax error, insert ";" to complete BlockStatements
12:     <%
13:     String s = request.getParameter("id");
14:     if (s != null) {
15:       out.println(s)
16:     }
17:     else {
18:       ("Not valid value")


An error occurred at line: [18] in the jsp file: [/Menu.jsp]
The left-hand side of an assignment must be a variable
15:       out.println(s)
16:     }
17:     else {
18:       ("Not valid value")
19:     }
20:     %>
21: </body>


An error occurred at line: [18] in the jsp file: [/Menu.jsp]
Syntax error, insert "AssignmentOperator Expression" to complete Assignment
15:       out.println(s)
16:     }
17:     else {
18:       ("Not valid value")
19:     }
20:     %>
21: </body>


An error occurred at line: [18] in the jsp file: [/Menu.jsp]
Syntax error, insert ";" to complete BlockStatements
15:       out.println(s)
16:     }
17:     else {
18:       ("Not valid value")
19:     }
20:     %>
21: </body>


Stacktrace:] with root cause
	org.apache.jasper.JasperException: Unable to compile class for JSP: 

An error occurred at line: [15] in the jsp file: [/Menu.jsp]
Syntax error, insert ";" to complete BlockStatements
12:     <%
13:     String s = request.getParameter("id");
14:     if (s != null) {
15:       out.println(s)
16:     }
17:     else {
18:       ("Not valid value")


An error occurred at line: [18] in the jsp file: [/Menu.jsp]
The left-hand side of an assignment must be a variable
15:       out.println(s)
16:     }
17:     else {
18:       ("Not valid value")
19:     }
20:     %>
21: </body>


An error occurred at line: [18] in the jsp file: [/Menu.jsp]
Syntax error, insert "AssignmentOperator Expression" to complete Assignment
15:       out.println(s)
16:     }
17:     else {
18:       ("Not valid value")
19:     }
20:     %>
21: </body>


An error occurred at line: [18] in the jsp file: [/Menu.jsp]
Syntax error, insert ";" to complete BlockStatements
15:       out.println(s)
16:     }
17:     else {
18:       ("Not valid value")
19:     }
20:     %>
21: </body>


Stacktrace:
		at org.apache.jasper.compiler.DefaultErrorHandler.javacError(DefaultErrorHandler.java:102)
		at org.apache.jasper.compiler.ErrorDispatcher.javacError(ErrorDispatcher.java:213)
		at org.apache.jasper.compiler.JDTCompiler.generateClass(JDTCompiler.java:600)
		at org.apache.jasper.compiler.Compiler.compile(Compiler.java:381)
		at org.apache.jasper.compiler.Compiler.compile(Compiler.java:351)
		at org.apache.jasper.compiler.Compiler.compile(Compiler.java:335)
		at org.apache.jasper.JspCompilationContext.compile(JspCompilationContext.java:597)
		at org.apache.jasper.servlet.JspServletWrapper.service(JspServletWrapper.java:398)
		at org.apache.jasper.servlet.JspServlet.serviceJspFile(JspServlet.java:383)
		at org.apache.jasper.servlet.JspServlet.service(JspServlet.java:331)
		at javax.servlet.http.HttpServlet.service(HttpServlet.java:583)
		at org.apache.catalina.core.ApplicationFilterChain.internalDoFilter(ApplicationFilterChain.java:212)
		at org.apache.catalina.core.ApplicationFilterChain.doFilter(ApplicationFilterChain.java:156)
		at org.apache.tomcat.websocket.server.WsFilter.doFilter(WsFilter.java:51)
		at org.apache.catalina.core.ApplicationFilterChain.internalDoFilter(ApplicationFilterChain.java:181)
		at org.apache.catalina.core.ApplicationFilterChain.doFilter(ApplicationFilterChain.java:156)
		at org.apache.catalina.core.StandardWrapperValve.invoke(StandardWrapperValve.java:168)
		at org.apache.catalina.core.StandardContextValve.invoke(StandardContextValve.java:90)
		at org.apache.catalina.authenticator.AuthenticatorBase.invoke(AuthenticatorBase.java:483)
		at org.apache.catalina.core.StandardHostValve.invoke(StandardHostValve.java:130)
		at org.apache.catalina.valves.ErrorReportValve.invoke(ErrorReportValve.java:93)
		at org.apache.catalina.valves.AbstractAccessLogValve.invoke(AbstractAccessLogValve.java:679)
		at org.apache.catalina.core.StandardEngineValve.invoke(StandardEngineValve.java:74)
		at org.apache.catalina.connector.CoyoteAdapter.service(CoyoteAdapter.java:343)
		at org.apache.coyote.http11.Http11Processor.service(Http11Processor.java:617)
		at org.apache.coyote.AbstractProcessorLight.process(AbstractProcessorLight.java:63)
		at org.apache.coyote.AbstractProtocol$ConnectionHandler.process(AbstractProtocol.java:932)
		at org.apache.tomcat.util.net.NioEndpoint$SocketProcessor.doRun(NioEndpoint.java:1694)
		at org.apache.tomcat.util.net.SocketProcessorBase.run(SocketProcessorBase.java:52)
		at org.apache.tomcat.util.threads.ThreadPoolExecutor.runWorker(ThreadPoolExecutor.java:1191)
		at org.apache.tomcat.util.threads.ThreadPoolExecutor$Worker.run(ThreadPoolExecutor.java:659)
		at org.apache.tomcat.util.threads.TaskThread$WrappingRunnable.run(TaskThread.java:61)
		at java.base/java.lang.Thread.run(Thread.java:1583)
15-Oct-2023 12:51:35.524 SEVERE [http-nio-8080-exec-8] org.apache.catalina.core.StandardWrapperValve.invoke Servlet.service() for servlet [jsp] in context with path [] threw exception [Unable to compile class for JSP: 

An error occurred at line: [18] in the jsp file: [/Menu.jsp]
The left-hand side of an assignment must be a variable
15:       out.println(s);
16:     }
17:     else {
18:       ("Not valid value");
19:     }
20:     %>
21: </body>


An error occurred at line: [18] in the jsp file: [/Menu.jsp]
Syntax error, insert "AssignmentOperator Expression" to complete Expression
15:       out.println(s);
16:     }
17:     else {
18:       ("Not valid value");
19:     }
20:     %>
21: </body>


Stacktrace:] with root cause
	org.apache.jasper.JasperException: Unable to compile class for JSP: 

An error occurred at line: [18] in the jsp file: [/Menu.jsp]
The left-hand side of an assignment must be a variable
15:       out.println(s);
16:     }
17:     else {
18:       ("Not valid value");
19:     }
20:     %>
21: </body>


An error occurred at line: [18] in the jsp file: [/Menu.jsp]
Syntax error, insert "AssignmentOperator Expression" to complete Expression
15:       out.println(s);
16:     }
17:     else {
18:       ("Not valid value");
19:     }
20:     %>
21: </body>


Stacktrace:
		at org.apache.jasper.compiler.DefaultErrorHandler.javacError(DefaultErrorHandler.java:102)
		at org.apache.jasper.compiler.ErrorDispatcher.javacError(ErrorDispatcher.java:213)
		at org.apache.jasper.compiler.JDTCompiler.generateClass(JDTCompiler.java:600)
		at org.apache.jasper.compiler.Compiler.compile(Compiler.java:381)
		at org.apache.jasper.compiler.Compiler.compile(Compiler.java:351)
		at org.apache.jasper.compiler.Compiler.compile(Compiler.java:335)
		at org.apache.jasper.JspCompilationContext.compile(JspCompilationContext.java:597)
		at org.apache.jasper.servlet.JspServletWrapper.service(JspServletWrapper.java:398)
		at org.apache.jasper.servlet.JspServlet.serviceJspFile(JspServlet.java:383)
		at org.apache.jasper.servlet.JspServlet.service(JspServlet.java:331)
		at javax.servlet.http.HttpServlet.service(HttpServlet.java:583)
		at org.apache.catalina.core.ApplicationFilterChain.internalDoFilter(ApplicationFilterChain.java:212)
		at org.apache.catalina.core.ApplicationFilterChain.doFilter(ApplicationFilterChain.java:156)
		at org.apache.tomcat.websocket.server.WsFilter.doFilter(WsFilter.java:51)
		at org.apache.catalina.core.ApplicationFilterChain.internalDoFilter(ApplicationFilterChain.java:181)
		at org.apache.catalina.core.ApplicationFilterChain.doFilter(ApplicationFilterChain.java:156)
		at org.apache.catalina.core.StandardWrapperValve.invoke(StandardWrapperValve.java:168)
		at org.apache.catalina.core.StandardContextValve.invoke(StandardContextValve.java:90)
		at org.apache.catalina.authenticator.AuthenticatorBase.invoke(AuthenticatorBase.java:483)
		at org.apache.catalina.core.StandardHostValve.invoke(StandardHostValve.java:130)
		at org.apache.catalina.valves.ErrorReportValve.invoke(ErrorReportValve.java:93)
		at org.apache.catalina.valves.AbstractAccessLogValve.invoke(AbstractAccessLogValve.java:679)
		at org.apache.catalina.core.StandardEngineValve.invoke(StandardEngineValve.java:74)
		at org.apache.catalina.connector.CoyoteAdapter.service(CoyoteAdapter.java:343)
		at org.apache.coyote.http11.Http11Processor.service(Http11Processor.java:617)
		at org.apache.coyote.AbstractProcessorLight.process(AbstractProcessorLight.java:63)
		at org.apache.coyote.AbstractProtocol$ConnectionHandler.process(AbstractProtocol.java:932)
		at org.apache.tomcat.util.net.NioEndpoint$SocketProcessor.doRun(NioEndpoint.java:1694)
		at org.apache.tomcat.util.net.SocketProcessorBase.run(SocketProcessorBase.java:52)
		at org.apache.tomcat.util.threads.ThreadPoolExecutor.runWorker(ThreadPoolExecutor.java:1191)
		at org.apache.tomcat.util.threads.ThreadPoolExecutor$Worker.run(ThreadPoolExecutor.java:659)
		at org.apache.tomcat.util.threads.TaskThread$WrappingRunnable.run(TaskThread.java:61)
		at java.base/java.lang.Thread.run(Thread.java:1583)
